05/25/13 10:04:00 OpSysMajorVersion:  6 
05/25/13 10:04:00 OpSysShortName:  RedHat 
05/25/13 10:04:00 OpSysLongName:  Red Hat Enterprise Linux Server release 6.4 (Santiago) 
05/25/13 10:04:00 OpSysAndVer:  RedHat6 
05/25/13 10:04:00 OpSysLegacy:  LINUX 
05/25/13 10:04:00 OpSysName:  RedHat 
05/25/13 10:04:00 OpSysVer:  604 
05/25/13 10:04:00 OpSys:  LINUX 
05/25/13 10:04:00 Using IDs: 8 processors, 4 CPUs, 4 HTs
05/25/13 10:04:00 Enumerating interfaces: lo 127.0.0.1 up
05/25/13 10:04:00 Enumerating interfaces: em1 128.105.14.28 up
05/25/13 10:04:00 Enumerating interfaces: vmnet1 192.168.1.1 up
05/25/13 10:04:00 Enumerating interfaces: vmnet8 192.168.8.1 up
05/25/13 10:04:00 WARNING: Config source is empty: /scratch/nwp/personal-condor/local_config
05/25/13 10:04:00 Setting maximum accepts per cycle 8.
05/25/13 10:04:00 ******************************************************
05/25/13 10:04:00 ** condor_scheduniv_exec.75.0 (CONDOR_DAGMAN) STARTING UP
05/25/13 10:04:00 ** /scratch/nwp/CONDOR_SRC/release_dir/bin/condor_dagman
05/25/13 10:04:00 ** SubsystemInfo: name=DAGMAN type=DAGMAN(10) class=DAEMON(1)
05/25/13 10:04:00 ** Configuration: subsystem:DAGMAN local:<NONE> class:DAEMON
05/25/13 10:04:00 ** $CondorVersion: 7.9.7 May 25 2013 BuildID: UW_development PRE-RELEASE-UWCS $
05/25/13 10:04:00 ** $CondorPlatform: X86_64-RedHat_6.4 $
05/25/13 10:04:00 ** PID = 19066
05/25/13 10:04:00 ** Log last touched time unavailable (No such file or directory)
05/25/13 10:04:00 ******************************************************
05/25/13 10:04:00 Using config source: /scratch/nwp/personal-condor/condor_config
05/25/13 10:04:00 Using local config sources: 
05/25/13 10:04:00    /scratch/nwp/personal-condor/condor_config.local
05/25/13 10:04:00    /scratch/nwp/personal-condor/local_config
05/25/13 10:04:00 Not using shared port because USE_SHARED_PORT=false
05/25/13 10:04:00 DaemonCore: command socket at <128.105.14.28:57446>
05/25/13 10:04:00 DaemonCore: private command socket at <128.105.14.28:57446>
05/25/13 10:04:00 Setting maximum accepts per cycle 8.
05/25/13 10:04:00 Will use UDP to update collector llunet.cs.wisc.edu <128.105.14.28:11000>
05/25/13 10:04:00 Not using shared port because USE_SHARED_PORT=false
05/25/13 10:04:00 DAGMAN_USE_STRICT setting: 1
05/25/13 10:04:00 DAGMAN_VERBOSITY setting: 4
05/25/13 10:04:00 DAGMAN_DEBUG_CACHE_SIZE setting: 5242880
05/25/13 10:04:00 DAGMAN_DEBUG_CACHE_ENABLE setting: False
05/25/13 10:04:00 DAGMAN_SUBMIT_DELAY setting: 0
05/25/13 10:04:00 DAGMAN_MAX_SUBMIT_ATTEMPTS setting: 6
05/25/13 10:04:00 DAGMAN_STARTUP_CYCLE_DETECT setting: False
05/25/13 10:04:00 DAGMAN_MAX_SUBMITS_PER_INTERVAL setting: 5
05/25/13 10:04:00 DAGMAN_USER_LOG_SCAN_INTERVAL setting: 5
05/25/13 10:04:00 DAGMAN_DEFAULT_PRIORITY setting: 0
05/25/13 10:04:00 DAGMAN_ALWAYS_USE_NODE_LOG setting: True
05/25/13 10:04:00 DAGMAN_SUPPRESS_NOTIFICATION setting: True
05/25/13 10:04:00 allow_events (DAGMAN_IGNORE_DUPLICATE_JOB_EXECUTION, DAGMAN_ALLOW_EVENTS) setting: 114
05/25/13 10:04:00 DAGMAN_RETRY_SUBMIT_FIRST setting: True
05/25/13 10:04:00 DAGMAN_RETRY_NODE_FIRST setting: False
05/25/13 10:04:00 DAGMAN_MAX_JOBS_IDLE setting: 0
05/25/13 10:04:00 DAGMAN_MAX_JOBS_SUBMITTED setting: 0
05/25/13 10:04:00 DAGMAN_MAX_PRE_SCRIPTS setting: 0
05/25/13 10:04:00 DAGMAN_MAX_POST_SCRIPTS setting: 0
05/25/13 10:04:00 DAGMAN_ALLOW_LOG_ERROR setting: False
05/25/13 10:04:00 DAGMAN_MUNGE_NODE_NAMES setting: True
05/25/13 10:04:00 DAGMAN_PROHIBIT_MULTI_JOBS setting: False
05/25/13 10:04:00 DAGMAN_SUBMIT_DEPTH_FIRST setting: False
05/25/13 10:04:00 DAGMAN_ALWAYS_RUN_POST setting: True
05/25/13 10:04:00 DAGMAN_ABORT_DUPLICATES setting: True
05/25/13 10:04:00 DAGMAN_ABORT_ON_SCARY_SUBMIT setting: True
05/25/13 10:04:00 DAGMAN_PENDING_REPORT_INTERVAL setting: 600
05/25/13 10:04:00 DAGMAN_AUTO_RESCUE setting: True
05/25/13 10:04:00 DAGMAN_MAX_RESCUE_NUM setting: 100
05/25/13 10:04:00 DAGMAN_WRITE_PARTIAL_RESCUE setting: True
05/25/13 10:04:00 DAGMAN_DEFAULT_NODE_LOG setting: null
05/25/13 10:04:00 DAGMAN_GENERATE_SUBDAG_SUBMITS setting: True
05/25/13 10:04:00 DAGMAN_MAX_JOB_HOLDS setting: 100
05/25/13 10:04:00 DAGMAN_HOLD_CLAIM_TIME setting: 20
05/25/13 10:04:00 ALL_DEBUG setting: 
05/25/13 10:04:00 DAGMAN_DEBUG setting: D_FULLDEBUG
05/25/13 10:04:00 argv[0] == "condor_scheduniv_exec.75.0"
05/25/13 10:04:00 argv[1] == "-Lockfile"
05/25/13 10:04:00 argv[2] == "3650.dag.lock"
05/25/13 10:04:00 argv[3] == "-AutoRescue"
05/25/13 10:04:00 argv[4] == "1"
05/25/13 10:04:00 argv[5] == "-DoRescueFrom"
05/25/13 10:04:00 argv[6] == "0"
05/25/13 10:04:00 argv[7] == "-Dag"
05/25/13 10:04:00 argv[8] == "3650.dag"
05/25/13 10:04:00 argv[9] == "-Suppress_notification"
05/25/13 10:04:00 argv[10] == "-CsdVersion"
05/25/13 10:04:00 argv[11] == "$CondorVersion: 7.9.7 May 25 2013 BuildID: UW_development PRE-RELEASE-UWCS $"
05/25/13 10:04:00 argv[12] == "-Dagman"
05/25/13 10:04:00 argv[13] == "/scratch/nwp/personal-condor/release_dir/bin/condor_dagman"
05/25/13 10:04:00 Default node log file is: </scratch/nwp/3650/3650.dag.nodes.log>
05/25/13 10:04:00 DAG Lockfile will be written to 3650.dag.lock
05/25/13 10:04:00 DAG Input file is 3650.dag
05/25/13 10:04:00 Current path is /scratch/nwp/3650
05/25/13 10:04:00 Current user is nwp
05/25/13 10:04:00 Ignoring value of DAGMAN_LOG_ON_NFS_IS_ERROR.
05/25/13 10:04:00 Parsing 1 dagfiles
05/25/13 10:04:00 Parsing 3650.dag ...
05/25/13 10:04:00 TmpDir(0)::TmpDir()
05/25/13 10:04:00 TmpDir(1)::TmpDir()
05/25/13 10:04:00 Job::Job(0, , 3650.cmd)
05/25/13 10:04:00 TmpDir(1)::Cd2MainDir()
05/25/13 10:04:00 TmpDir(1)::~TmpDir()
05/25/13 10:04:00 TmpDir(0)::~TmpDir()
05/25/13 10:04:00 Dag contains 1 total jobs
05/25/13 10:04:00 Sleeping for 12 seconds to ensure ProcessId uniqueness
05/25/13 10:04:12 Bootstrapping...
05/25/13 10:04:12 Number of pre-completed nodes: 0
05/25/13 10:04:12 Of 1 nodes total:
05/25/13 10:04:12  Done     Pre   Queued    Post   Ready   Un-Ready   Failed
05/25/13 10:04:12   ===     ===      ===     ===     ===        ===      ===
05/25/13 10:04:12     0       0        0       0       1          0        0
05/25/13 10:04:12 0 job proc(s) currently held
05/25/13 10:04:12 Registering condor_event_timer...
05/25/13 10:04:13 Dag::SubmitReadyJobs()
05/25/13 10:04:13 Got node 0 from the ready queue
05/25/13 10:04:13 MultiLogFiles::loadLogFileNameFromSubFile(3650.cmd, )
05/25/13 10:04:13 TmpDir(2)::TmpDir()
05/25/13 10:04:13 MultiLogFiles::readFileToString(3650.cmd)
05/25/13 10:04:13 MultiLogFiles::CombineLines(3650.cmd, \)
05/25/13 10:04:13 TmpDir(2)::~TmpDir()
05/25/13 10:04:13 ReadMultipleUserLogs::monitorLogFile(/scratch/nwp/3650/3650.dag.nodes.log, 1)
05/25/13 10:04:13 MultiLogFiles::InitializeFile(/scratch/nwp/3650/3650.dag.nodes.log, 0)
05/25/13 10:04:13 ReadMultipleUserLogs: didn't find LogFileMonitor object for /scratch/nwp/3650/3650.dag.nodes.log (2055:8789623)
05/25/13 10:04:13 MultiLogFiles::InitializeFile(/scratch/nwp/3650/3650.dag.nodes.log, 1)
05/25/13 10:04:13 MultiLogFiles: truncating log file /scratch/nwp/3650/3650.dag.nodes.log
05/25/13 10:04:13 ReadMultipleUserLogs: created LogFileMonitor object for log file /scratch/nwp/3650/3650.dag.nodes.log
05/25/13 10:04:13 init: Opening file /scratch/nwp/3650/3650.dag.nodes.log
05/25/13 10:04:13 Opening log file #0 '/scratch/nwp/3650/3650.dag.nodes.log'(is_lock_cur=false,seek=false,read_header=true)
05/25/13 10:04:13 Creating file lock(8,0x224b950,/scratch/nwp/3650/3650.dag.nodes.log)
05/25/13 10:04:13 dirscat: dirpath = /tmp
05/25/13 10:04:13 dirscat: subdir = condorLocks
05/25/13 10:04:13 directory_util::rec_touch_file: Creating directory /tmp 
05/25/13 10:04:13 directory_util::rec_touch_file: Creating directory /tmp/condorLocks 
05/25/13 10:04:13 directory_util::rec_touch_file: Creating directory /tmp/condorLocks/72 
05/25/13 10:04:13 directory_util::rec_touch_file: Creating directory /tmp/condorLocks/72/36 
05/25/13 10:04:13 FileLock object is updating timestamp on: /tmp/condorLocks/72/36/779086273686424.lockc
05/25/13 10:04:13 FileLock::obtain(1) - @1369494253.546362 lock on /tmp/condorLocks/72/36/779086273686424.lockc now WRITE
05/25/13 10:04:13 Error, apparently invalid user log file
05/25/13 10:04:13 FileLock::obtain(2) - @1369494253.546401 lock on /tmp/condorLocks/72/36/779086273686424.lockc now UNLOCKED
05/25/13 10:04:13 ReadMultipleUserLogs: added log file /scratch/nwp/3650/3650.dag.nodes.log (2055:8789623) to active list
05/25/13 10:04:13 Submitting Condor Node 0 job(s)...
05/25/13 10:04:13 TmpDir(3)::TmpDir()
05/25/13 10:04:13 TmpDir(3)::Cd2TmpDir()
05/25/13 10:04:13 Adding a DAGMan auxiliary log /scratch/nwp/3650/3650.dag.nodes.log
05/25/13 10:04:13 Masking the events recorded in the DAGMAN auxiliary log
05/25/13 10:04:13 Mask for auxiliary log is 0,1,2,4,5,7,9,10,11,12,13,16,17,24,27
05/25/13 10:04:13 submitting: condor_submit -a dag_node_name' '=' '0 -a +DAGManJobId' '=' '75 -a DAGManJobId' '=' '75 -a submit_event_notes' '=' 'DAG' 'Node:' '0 -a dagman_log' '=' '/scratch/nwp/3650/3650.dag.nodes.log -a +DAGManNodesMask' '=' '"0,1,2,4,5,7,9,10,11,12,13,16,17,24,27" -a DAG_STATUS' '=' '0 -a FAILED_COUNT' '=' '0 -a +DAGParentNodeNames' '=' '"" -a notification' '=' 'never 3650.cmd
05/25/13 10:04:13 From submit: Submitting job(s).....
05/25/13 10:04:13 From submit: 5 job(s) submitted to cluster 76.
05/25/13 10:04:13 From submit: WARNING: the line `err = 3650.$(cluster).$(process).err' was unused by condor_submit. Is it a typo?
05/25/13 10:04:13 ERROR: parse_condor_submit failed:
	WARNING: the line `err = 3650.$(cluster).$(process).err' was unused by condor_submit. Is it a typo?
05/25/13 10:04:13 ERROR: submit attempt failed
05/25/13 10:04:13 submit command was: condor_submit -a dag_node_name' '=' '0 -a +DAGManJobId' '=' '75 -a DAGManJobId' '=' '75 -a submit_event_notes' '=' 'DAG' 'Node:' '0 -a dagman_log' '=' '/scratch/nwp/3650/3650.dag.nodes.log -a +DAGManNodesMask' '=' '"0,1,2,4,5,7,9,10,11,12,13,16,17,24,27" -a DAG_STATUS' '=' '0 -a FAILED_COUNT' '=' '0 -a +DAGParentNodeNames' '=' '"" -a notification' '=' 'never 3650.cmd
05/25/13 10:04:13 TmpDir(3)::Cd2MainDir()
05/25/13 10:04:13 TmpDir(3)::~TmpDir()
05/25/13 10:04:13 Unmonitoring log file </scratch/nwp/3650/3650.dag.nodes.log> for node 0
05/25/13 10:04:13 ReadMultipleUserLogs::unmonitorLogFile(/scratch/nwp/3650/3650.dag.nodes.log)
05/25/13 10:04:13 ReadMultipleUserLogs: found LogFileMonitor object for /scratch/nwp/3650/3650.dag.nodes.log (2055:8789623)
05/25/13 10:04:13 Closing file </scratch/nwp/3650/3650.dag.nodes.log>
05/25/13 10:04:13 FileLock::obtain(2) - @1369494253.702506 lock on /tmp/condorLocks/72/36/779086273686424.lockc now UNLOCKED
05/25/13 10:04:13 directory_util::rec_touch_file: Creating directory /tmp 
05/25/13 10:04:13 directory_util::rec_touch_file: Creating directory /tmp/condorLocks 
05/25/13 10:04:13 directory_util::rec_touch_file: Creating directory /tmp/condorLocks/72 
05/25/13 10:04:13 directory_util::rec_touch_file: Creating directory /tmp/condorLocks/72/36 
05/25/13 10:04:13 FileLock::obtain(1) - @1369494253.702625 lock on /tmp/condorLocks/72/36/779086273686424.lockc now WRITE
05/25/13 10:04:13 directory_util::rec_clean_up: file /tmp/condorLocks/72/36/779086273686424.lockc has been deleted. 
05/25/13 10:04:13 Lock file /tmp/condorLocks/72/36/779086273686424.lockc has been deleted. 
05/25/13 10:04:13 FileLock::obtain(2) - @1369494253.702674 lock on /tmp/condorLocks/72/36/779086273686424.lockc now UNLOCKED
05/25/13 10:04:13 ReadMultipleUserLogs: removed log file /scratch/nwp/3650/3650.dag.nodes.log (2055:8789623) from active list
05/25/13 10:04:13 Job submit try 1/6 failed, will try again in >= 1 second.
05/25/13 10:04:13 ReadMultipleUserLogs::detectLogGrowth()
05/25/13 10:04:13 Of 1 nodes total:
05/25/13 10:04:13  Done     Pre   Queued    Post   Ready   Un-Ready   Failed
05/25/13 10:04:13   ===     ===      ===     ===     ===        ===      ===
05/25/13 10:04:13     0       0        0       0       1          0        0
05/25/13 10:04:13 0 job proc(s) currently held
05/25/13 10:04:14 DaemonCore: No more children processes to reap.
05/25/13 10:04:19 Dag::SubmitReadyJobs()
05/25/13 10:04:19 Got node 0 from the ready queue
05/25/13 10:04:19 MultiLogFiles::loadLogFileNameFromSubFile(3650.cmd, )
05/25/13 10:04:19 TmpDir(4)::TmpDir()
05/25/13 10:04:19 MultiLogFiles::readFileToString(3650.cmd)
05/25/13 10:04:19 MultiLogFiles::CombineLines(3650.cmd, \)
05/25/13 10:04:19 TmpDir(4)::~TmpDir()
05/25/13 10:04:19 ReadMultipleUserLogs::monitorLogFile(/scratch/nwp/3650/3650.dag.nodes.log, 1)
05/25/13 10:04:19 ReadMultipleUserLogs: found LogFileMonitor object for /scratch/nwp/3650/3650.dag.nodes.log (2055:8789623)
05/25/13 10:04:19 Restored reader state:
  BasePath = /scratch/nwp/3650/3650.dag.nodes.log
  CurPath = /scratch/nwp/3650/3650.dag.nodes.log
  UniqId = , seq = 0
  rotation = 0; max = 0; offset = 0; event = 0; type = 0
  inode = 8789623; ctime = 1369494253; size = 0
05/25/13 10:04:19 init: ReOpening file /scratch/nwp/3650/3650.dag.nodes.log
05/25/13 10:04:19 Opening log file #0 '/scratch/nwp/3650/3650.dag.nodes.log'(is_lock_cur=false,seek=true,read_header=true)
05/25/13 10:04:19 Creating file lock(8,0x224c8d0,/scratch/nwp/3650/3650.dag.nodes.log)
05/25/13 10:04:19 dirscat: dirpath = /tmp
05/25/13 10:04:19 dirscat: subdir = condorLocks
05/25/13 10:04:19 directory_util::rec_touch_file: Creating directory /tmp 
05/25/13 10:04:19 directory_util::rec_touch_file: Creating directory /tmp/condorLocks 
05/25/13 10:04:19 directory_util::rec_touch_file: Creating directory /tmp/condorLocks/72 
05/25/13 10:04:19 directory_util::rec_touch_file: Creating directory /tmp/condorLocks/72/36 
05/25/13 10:04:19 FileLock object is updating timestamp on: /tmp/condorLocks/72/36/779086273686424.lockc
05/25/13 10:04:19 FileLock::obtain(1) - @1369494259.082846 lock on /tmp/condorLocks/72/36/779086273686424.lockc now WRITE
05/25/13 10:04:19 FileLock::obtain(2) - @1369494259.082872 lock on /tmp/condorLocks/72/36/779086273686424.lockc now UNLOCKED
05/25/13 10:04:19 init: Opening file /scratch/nwp/3650/3650.dag.nodes.log
05/25/13 10:04:19 Opening log file #0 '/scratch/nwp/3650/3650.dag.nodes.log'(is_lock_cur=false,seek=false,read_header=true)
05/25/13 10:04:19 ReadUserLogHeader::Read(): event #0 should be 8
05/25/13 10:04:19 /scratch/nwp/3650/3650.dag.nodes.log: Failed to read file header
05/25/13 10:04:19 ReadMultipleUserLogs: added log file /scratch/nwp/3650/3650.dag.nodes.log (2055:8789623) to active list
05/25/13 10:04:19 Submitting Condor Node 0 job(s)...
05/25/13 10:04:19 TmpDir(5)::TmpDir()
05/25/13 10:04:19 TmpDir(5)::Cd2TmpDir()
05/25/13 10:04:19 Adding a DAGMan auxiliary log /scratch/nwp/3650/3650.dag.nodes.log
05/25/13 10:04:19 Masking the events recorded in the DAGMAN auxiliary log
05/25/13 10:04:19 Mask for auxiliary log is 0,1,2,4,5,7,9,10,11,12,13,16,17,24,27
05/25/13 10:04:19 submitting: condor_submit -a dag_node_name' '=' '0 -a +DAGManJobId' '=' '75 -a DAGManJobId' '=' '75 -a submit_event_notes' '=' 'DAG' 'Node:' '0 -a dagman_log' '=' '/scratch/nwp/3650/3650.dag.nodes.log -a +DAGManNodesMask' '=' '"0,1,2,4,5,7,9,10,11,12,13,16,17,24,27" -a DAG_STATUS' '=' '0 -a FAILED_COUNT' '=' '0 -a +DAGParentNodeNames' '=' '"" -a notification' '=' 'never 3650.cmd
05/25/13 10:04:19 From submit: Submitting job(s).....
05/25/13 10:04:19 From submit: 5 job(s) submitted to cluster 77.
05/25/13 10:04:19 From submit: WARNING: the line `err = 3650.$(cluster).$(process).err' was unused by condor_submit. Is it a typo?
05/25/13 10:04:19 ERROR: parse_condor_submit failed:
	WARNING: the line `err = 3650.$(cluster).$(process).err' was unused by condor_submit. Is it a typo?
05/25/13 10:04:19 ERROR: submit attempt failed
05/25/13 10:04:19 submit command was: condor_submit -a dag_node_name' '=' '0 -a +DAGManJobId' '=' '75 -a DAGManJobId' '=' '75 -a submit_event_notes' '=' 'DAG' 'Node:' '0 -a dagman_log' '=' '/scratch/nwp/3650/3650.dag.nodes.log -a +DAGManNodesMask' '=' '"0,1,2,4,5,7,9,10,11,12,13,16,17,24,27" -a DAG_STATUS' '=' '0 -a FAILED_COUNT' '=' '0 -a +DAGParentNodeNames' '=' '"" -a notification' '=' 'never 3650.cmd
05/25/13 10:04:19 TmpDir(5)::Cd2MainDir()
05/25/13 10:04:19 TmpDir(5)::~TmpDir()
05/25/13 10:04:19 Unmonitoring log file </scratch/nwp/3650/3650.dag.nodes.log> for node 0
05/25/13 10:04:19 ReadMultipleUserLogs::unmonitorLogFile(/scratch/nwp/3650/3650.dag.nodes.log)
05/25/13 10:04:19 ReadMultipleUserLogs: found LogFileMonitor object for /scratch/nwp/3650/3650.dag.nodes.log (2055:8789623)
05/25/13 10:04:19 Closing file </scratch/nwp/3650/3650.dag.nodes.log>
05/25/13 10:04:19 FileLock::obtain(2) - @1369494259.218054 lock on /tmp/condorLocks/72/36/779086273686424.lockc now UNLOCKED
05/25/13 10:04:19 directory_util::rec_touch_file: Creating directory /tmp 
05/25/13 10:04:19 directory_util::rec_touch_file: Creating directory /tmp/condorLocks 
05/25/13 10:04:19 directory_util::rec_touch_file: Creating directory /tmp/condorLocks/72 
05/25/13 10:04:19 directory_util::rec_touch_file: Creating directory /tmp/condorLocks/72/36 
05/25/13 10:04:19 FileLock::obtain(1) - @1369494259.218171 lock on /tmp/condorLocks/72/36/779086273686424.lockc now WRITE
05/25/13 10:04:19 directory_util::rec_clean_up: file /tmp/condorLocks/72/36/779086273686424.lockc has been deleted. 
05/25/13 10:04:19 Lock file /tmp/condorLocks/72/36/779086273686424.lockc has been deleted. 
05/25/13 10:04:19 FileLock::obtain(2) - @1369494259.218215 lock on /tmp/condorLocks/72/36/779086273686424.lockc now UNLOCKED
05/25/13 10:04:19 ReadMultipleUserLogs: removed log file /scratch/nwp/3650/3650.dag.nodes.log (2055:8789623) from active list
05/25/13 10:04:19 Job submit try 2/6 failed, will try again in >= 2 seconds.
05/25/13 10:04:19 ReadMultipleUserLogs::detectLogGrowth()
05/25/13 10:04:19 DaemonCore: No more children processes to reap.
05/25/13 10:04:24 Dag::SubmitReadyJobs()
05/25/13 10:04:24 Got node 0 from the ready queue
05/25/13 10:04:24 MultiLogFiles::loadLogFileNameFromSubFile(3650.cmd, )
05/25/13 10:04:24 TmpDir(6)::TmpDir()
05/25/13 10:04:24 MultiLogFiles::readFileToString(3650.cmd)
05/25/13 10:04:24 MultiLogFiles::CombineLines(3650.cmd, \)
05/25/13 10:04:24 TmpDir(6)::~TmpDir()
05/25/13 10:04:24 ReadMultipleUserLogs::monitorLogFile(/scratch/nwp/3650/3650.dag.nodes.log, 1)
05/25/13 10:04:24 ReadMultipleUserLogs: found LogFileMonitor object for /scratch/nwp/3650/3650.dag.nodes.log (2055:8789623)
05/25/13 10:04:24 Restored reader state:
  BasePath = /scratch/nwp/3650/3650.dag.nodes.log
  CurPath = /scratch/nwp/3650/3650.dag.nodes.log
  UniqId = , seq = 0
  rotation = 0; max = 0; offset = 0; event = 0; type = 1
  inode = 8789623; ctime = 1369494253; size = 0
05/25/13 10:04:24 init: ReOpening file /scratch/nwp/3650/3650.dag.nodes.log
05/25/13 10:04:24 Opening log file #0 '/scratch/nwp/3650/3650.dag.nodes.log'(is_lock_cur=false,seek=true,read_header=true)
05/25/13 10:04:24 Creating file lock(8,0x224c8d0,/scratch/nwp/3650/3650.dag.nodes.log)
05/25/13 10:04:24 dirscat: dirpath = /tmp
05/25/13 10:04:24 dirscat: subdir = condorLocks
05/25/13 10:04:24 directory_util::rec_touch_file: Creating directory /tmp 
05/25/13 10:04:24 directory_util::rec_touch_file: Creating directory /tmp/condorLocks 
05/25/13 10:04:24 directory_util::rec_touch_file: Creating directory /tmp/condorLocks/72 
05/25/13 10:04:24 directory_util::rec_touch_file: Creating directory /tmp/condorLocks/72/36 
05/25/13 10:04:24 FileLock object is updating timestamp on: /tmp/condorLocks/72/36/779086273686424.lockc
05/25/13 10:04:24 init: Opening file /scratch/nwp/3650/3650.dag.nodes.log
05/25/13 10:04:24 Opening log file #0 '/scratch/nwp/3650/3650.dag.nodes.log'(is_lock_cur=false,seek=false,read_header=true)
05/25/13 10:04:24 ReadUserLogHeader::Read(): event #0 should be 8
05/25/13 10:04:24 /scratch/nwp/3650/3650.dag.nodes.log: Failed to read file header
05/25/13 10:04:24 ReadMultipleUserLogs: added log file /scratch/nwp/3650/3650.dag.nodes.log (2055:8789623) to active list
05/25/13 10:04:24 Submitting Condor Node 0 job(s)...
05/25/13 10:04:24 TmpDir(7)::TmpDir()
05/25/13 10:04:24 TmpDir(7)::Cd2TmpDir()
05/25/13 10:04:24 Adding a DAGMan auxiliary log /scratch/nwp/3650/3650.dag.nodes.log
05/25/13 10:04:24 Masking the events recorded in the DAGMAN auxiliary log
05/25/13 10:04:24 Mask for auxiliary log is 0,1,2,4,5,7,9,10,11,12,13,16,17,24,27
05/25/13 10:04:24 submitting: condor_submit -a dag_node_name' '=' '0 -a +DAGManJobId' '=' '75 -a DAGManJobId' '=' '75 -a submit_event_notes' '=' 'DAG' 'Node:' '0 -a dagman_log' '=' '/scratch/nwp/3650/3650.dag.nodes.log -a +DAGManNodesMask' '=' '"0,1,2,4,5,7,9,10,11,12,13,16,17,24,27" -a DAG_STATUS' '=' '0 -a FAILED_COUNT' '=' '0 -a +DAGParentNodeNames' '=' '"" -a notification' '=' 'never 3650.cmd
05/25/13 10:04:24 From submit: Submitting job(s).....
05/25/13 10:04:24 From submit: 5 job(s) submitted to cluster 78.
05/25/13 10:04:24 From submit: WARNING: the line `err = 3650.$(cluster).$(process).err' was unused by condor_submit. Is it a typo?
05/25/13 10:04:24 ERROR: parse_condor_submit failed:
	WARNING: the line `err = 3650.$(cluster).$(process).err' was unused by condor_submit. Is it a typo?
05/25/13 10:04:24 ERROR: submit attempt failed
05/25/13 10:04:24 submit command was: condor_submit -a dag_node_name' '=' '0 -a +DAGManJobId' '=' '75 -a DAGManJobId' '=' '75 -a submit_event_notes' '=' 'DAG' 'Node:' '0 -a dagman_log' '=' '/scratch/nwp/3650/3650.dag.nodes.log -a +DAGManNodesMask' '=' '"0,1,2,4,5,7,9,10,11,12,13,16,17,24,27" -a DAG_STATUS' '=' '0 -a FAILED_COUNT' '=' '0 -a +DAGParentNodeNames' '=' '"" -a notification' '=' 'never 3650.cmd
05/25/13 10:04:24 TmpDir(7)::Cd2MainDir()
05/25/13 10:04:24 TmpDir(7)::~TmpDir()
05/25/13 10:04:24 Unmonitoring log file </scratch/nwp/3650/3650.dag.nodes.log> for node 0
05/25/13 10:04:24 ReadMultipleUserLogs::unmonitorLogFile(/scratch/nwp/3650/3650.dag.nodes.log)
05/25/13 10:04:24 ReadMultipleUserLogs: found LogFileMonitor object for /scratch/nwp/3650/3650.dag.nodes.log (2055:8789623)
05/25/13 10:04:24 Closing file </scratch/nwp/3650/3650.dag.nodes.log>
05/25/13 10:04:24 FileLock::obtain(2) - @1369494264.357954 lock on /tmp/condorLocks/72/36/779086273686424.lockc now UNLOCKED
05/25/13 10:04:24 directory_util::rec_touch_file: Creating directory /tmp 
05/25/13 10:04:24 directory_util::rec_touch_file: Creating directory /tmp/condorLocks 
05/25/13 10:04:24 directory_util::rec_touch_file: Creating directory /tmp/condorLocks/72 
05/25/13 10:04:24 directory_util::rec_touch_file: Creating directory /tmp/condorLocks/72/36 
05/25/13 10:04:24 FileLock::obtain(1) - @1369494264.358077 lock on /tmp/condorLocks/72/36/779086273686424.lockc now WRITE
05/25/13 10:04:24 directory_util::rec_clean_up: file /tmp/condorLocks/72/36/779086273686424.lockc has been deleted. 
05/25/13 10:04:24 Lock file /tmp/condorLocks/72/36/779086273686424.lockc has been deleted. 
05/25/13 10:04:24 FileLock::obtain(2) - @1369494264.358138 lock on /tmp/condorLocks/72/36/779086273686424.lockc now UNLOCKED
05/25/13 10:04:24 ReadMultipleUserLogs: removed log file /scratch/nwp/3650/3650.dag.nodes.log (2055:8789623) from active list
05/25/13 10:04:24 Job submit try 3/6 failed, will try again in >= 4 seconds.
05/25/13 10:04:24 ReadMultipleUserLogs::detectLogGrowth()
05/25/13 10:04:24 DaemonCore: No more children processes to reap.
05/25/13 10:04:29 Dag::SubmitReadyJobs()
05/25/13 10:04:29 Got node 0 from the ready queue
05/25/13 10:04:29 MultiLogFiles::loadLogFileNameFromSubFile(3650.cmd, )
05/25/13 10:04:29 TmpDir(8)::TmpDir()
05/25/13 10:04:29 MultiLogFiles::readFileToString(3650.cmd)
05/25/13 10:04:29 MultiLogFiles::CombineLines(3650.cmd, \)
05/25/13 10:04:29 TmpDir(8)::~TmpDir()
05/25/13 10:04:29 ReadMultipleUserLogs::monitorLogFile(/scratch/nwp/3650/3650.dag.nodes.log, 1)
05/25/13 10:04:29 ReadMultipleUserLogs: found LogFileMonitor object for /scratch/nwp/3650/3650.dag.nodes.log (2055:8789623)
05/25/13 10:04:29 Restored reader state:
  BasePath = /scratch/nwp/3650/3650.dag.nodes.log
  CurPath = /scratch/nwp/3650/3650.dag.nodes.log
  UniqId = , seq = 0
  rotation = 0; max = 0; offset = 0; event = 0; type = 1
  inode = 8789623; ctime = 1369494253; size = 0
05/25/13 10:04:29 init: ReOpening file /scratch/nwp/3650/3650.dag.nodes.log
05/25/13 10:04:29 Opening log file #0 '/scratch/nwp/3650/3650.dag.nodes.log'(is_lock_cur=false,seek=true,read_header=true)
05/25/13 10:04:29 Creating file lock(8,0x224d640,/scratch/nwp/3650/3650.dag.nodes.log)
05/25/13 10:04:29 dirscat: dirpath = /tmp
05/25/13 10:04:29 dirscat: subdir = condorLocks
05/25/13 10:04:29 FileLock object is updating timestamp on: /tmp/condorLocks/72/36/779086273686424.lockc
05/25/13 10:04:29 init: Opening file /scratch/nwp/3650/3650.dag.nodes.log
05/25/13 10:04:29 Opening log file #0 '/scratch/nwp/3650/3650.dag.nodes.log'(is_lock_cur=false,seek=false,read_header=true)
05/25/13 10:04:29 ReadUserLogHeader::Read(): event #0 should be 8
05/25/13 10:04:29 /scratch/nwp/3650/3650.dag.nodes.log: Failed to read file header
05/25/13 10:04:29 ReadMultipleUserLogs: added log file /scratch/nwp/3650/3650.dag.nodes.log (2055:8789623) to active list
05/25/13 10:04:29 Submitting Condor Node 0 job(s)...
05/25/13 10:04:29 TmpDir(9)::TmpDir()
05/25/13 10:04:29 TmpDir(9)::Cd2TmpDir()
05/25/13 10:04:29 Adding a DAGMan auxiliary log /scratch/nwp/3650/3650.dag.nodes.log
05/25/13 10:04:29 Masking the events recorded in the DAGMAN auxiliary log
05/25/13 10:04:29 Mask for auxiliary log is 0,1,2,4,5,7,9,10,11,12,13,16,17,24,27
05/25/13 10:04:29 submitting: condor_submit -a dag_node_name' '=' '0 -a +DAGManJobId' '=' '75 -a DAGManJobId' '=' '75 -a submit_event_notes' '=' 'DAG' 'Node:' '0 -a dagman_log' '=' '/scratch/nwp/3650/3650.dag.nodes.log -a +DAGManNodesMask' '=' '"0,1,2,4,5,7,9,10,11,12,13,16,17,24,27" -a DAG_STATUS' '=' '0 -a FAILED_COUNT' '=' '0 -a +DAGParentNodeNames' '=' '"" -a notification' '=' 'never 3650.cmd
05/25/13 10:04:29 From submit: Submitting job(s).....
05/25/13 10:04:29 From submit: 5 job(s) submitted to cluster 79.
05/25/13 10:04:29 From submit: WARNING: the line `err = 3650.$(cluster).$(process).err' was unused by condor_submit. Is it a typo?
05/25/13 10:04:29 ERROR: parse_condor_submit failed:
	WARNING: the line `err = 3650.$(cluster).$(process).err' was unused by condor_submit. Is it a typo?
05/25/13 10:04:29 ERROR: submit attempt failed
05/25/13 10:04:29 submit command was: condor_submit -a dag_node_name' '=' '0 -a +DAGManJobId' '=' '75 -a DAGManJobId' '=' '75 -a submit_event_notes' '=' 'DAG' 'Node:' '0 -a dagman_log' '=' '/scratch/nwp/3650/3650.dag.nodes.log -a +DAGManNodesMask' '=' '"0,1,2,4,5,7,9,10,11,12,13,16,17,24,27" -a DAG_STATUS' '=' '0 -a FAILED_COUNT' '=' '0 -a +DAGParentNodeNames' '=' '"" -a notification' '=' 'never 3650.cmd
05/25/13 10:04:29 TmpDir(9)::Cd2MainDir()
05/25/13 10:04:29 TmpDir(9)::~TmpDir()
05/25/13 10:04:29 Unmonitoring log file </scratch/nwp/3650/3650.dag.nodes.log> for node 0
05/25/13 10:04:29 ReadMultipleUserLogs::unmonitorLogFile(/scratch/nwp/3650/3650.dag.nodes.log)
05/25/13 10:04:29 ReadMultipleUserLogs: found LogFileMonitor object for /scratch/nwp/3650/3650.dag.nodes.log (2055:8789623)
05/25/13 10:04:29 Closing file </scratch/nwp/3650/3650.dag.nodes.log>
05/25/13 10:04:29 FileLock::obtain(2) - @1369494269.513042 lock on /tmp/condorLocks/72/36/779086273686424.lockc now UNLOCKED
05/25/13 10:04:29 directory_util::rec_touch_file: Creating directory /tmp 
05/25/13 10:04:29 directory_util::rec_touch_file: Creating directory /tmp/condorLocks 
05/25/13 10:04:29 directory_util::rec_touch_file: Creating directory /tmp/condorLocks/72 
05/25/13 10:04:29 directory_util::rec_touch_file: Creating directory /tmp/condorLocks/72/36 
05/25/13 10:04:29 FileLock::obtain(1) - @1369494269.513151 lock on /tmp/condorLocks/72/36/779086273686424.lockc now WRITE
05/25/13 10:04:29 directory_util::rec_clean_up: file /tmp/condorLocks/72/36/779086273686424.lockc has been deleted. 
05/25/13 10:04:29 Lock file /tmp/condorLocks/72/36/779086273686424.lockc has been deleted. 
05/25/13 10:04:29 FileLock::obtain(2) - @1369494269.513195 lock on /tmp/condorLocks/72/36/779086273686424.lockc now UNLOCKED
05/25/13 10:04:29 ReadMultipleUserLogs: removed log file /scratch/nwp/3650/3650.dag.nodes.log (2055:8789623) from active list
05/25/13 10:04:29 Job submit try 4/6 failed, will try again in >= 8 seconds.
05/25/13 10:04:29 ReadMultipleUserLogs::detectLogGrowth()
05/25/13 10:04:29 DaemonCore: No more children processes to reap.
05/25/13 10:04:34 Dag::SubmitReadyJobs()
05/25/13 10:04:35 ReadMultipleUserLogs::detectLogGrowth()
05/25/13 10:04:40 Dag::SubmitReadyJobs()
05/25/13 10:04:40 Got node 0 from the ready queue
05/25/13 10:04:40 MultiLogFiles::loadLogFileNameFromSubFile(3650.cmd, )
05/25/13 10:04:40 TmpDir(10)::TmpDir()
05/25/13 10:04:40 MultiLogFiles::readFileToString(3650.cmd)
05/25/13 10:04:40 MultiLogFiles::CombineLines(3650.cmd, \)
05/25/13 10:04:40 TmpDir(10)::~TmpDir()
05/25/13 10:04:40 ReadMultipleUserLogs::monitorLogFile(/scratch/nwp/3650/3650.dag.nodes.log, 1)
05/25/13 10:04:40 ReadMultipleUserLogs: found LogFileMonitor object for /scratch/nwp/3650/3650.dag.nodes.log (2055:8789623)
05/25/13 10:04:40 Restored reader state:
  BasePath = /scratch/nwp/3650/3650.dag.nodes.log
  CurPath = /scratch/nwp/3650/3650.dag.nodes.log
  UniqId = , seq = 0
  rotation = 0; max = 0; offset = 0; event = 0; type = 1
  inode = 8789623; ctime = 1369494253; size = 0
05/25/13 10:04:40 init: ReOpening file /scratch/nwp/3650/3650.dag.nodes.log
05/25/13 10:04:40 Opening log file #0 '/scratch/nwp/3650/3650.dag.nodes.log'(is_lock_cur=false,seek=true,read_header=true)
05/25/13 10:04:40 Creating file lock(8,0x224d640,/scratch/nwp/3650/3650.dag.nodes.log)
05/25/13 10:04:40 dirscat: dirpath = /tmp
05/25/13 10:04:40 dirscat: subdir = condorLocks
05/25/13 10:04:40 FileLock object is updating timestamp on: /tmp/condorLocks/72/36/779086273686424.lockc
05/25/13 10:04:40 init: Opening file /scratch/nwp/3650/3650.dag.nodes.log
05/25/13 10:04:40 Opening log file #0 '/scratch/nwp/3650/3650.dag.nodes.log'(is_lock_cur=false,seek=false,read_header=true)
05/25/13 10:04:40 ReadUserLogHeader::Read(): event #0 should be 8
05/25/13 10:04:40 /scratch/nwp/3650/3650.dag.nodes.log: Failed to read file header
05/25/13 10:04:40 ReadMultipleUserLogs: added log file /scratch/nwp/3650/3650.dag.nodes.log (2055:8789623) to active list
05/25/13 10:04:40 Submitting Condor Node 0 job(s)...
05/25/13 10:04:40 TmpDir(11)::TmpDir()
05/25/13 10:04:40 TmpDir(11)::Cd2TmpDir()
05/25/13 10:04:40 Adding a DAGMan auxiliary log /scratch/nwp/3650/3650.dag.nodes.log
05/25/13 10:04:40 Masking the events recorded in the DAGMAN auxiliary log
05/25/13 10:04:40 Mask for auxiliary log is 0,1,2,4,5,7,9,10,11,12,13,16,17,24,27
05/25/13 10:04:40 submitting: condor_submit -a dag_node_name' '=' '0 -a +DAGManJobId' '=' '75 -a DAGManJobId' '=' '75 -a submit_event_notes' '=' 'DAG' 'Node:' '0 -a dagman_log' '=' '/scratch/nwp/3650/3650.dag.nodes.log -a +DAGManNodesMask' '=' '"0,1,2,4,5,7,9,10,11,12,13,16,17,24,27" -a DAG_STATUS' '=' '0 -a FAILED_COUNT' '=' '0 -a +DAGParentNodeNames' '=' '"" -a notification' '=' 'never 3650.cmd
05/25/13 10:04:40 From submit: Submitting job(s).....
05/25/13 10:04:40 From submit: 5 job(s) submitted to cluster 80.
05/25/13 10:04:40 From submit: WARNING: the line `err = 3650.$(cluster).$(process).err' was unused by condor_submit. Is it a typo?
05/25/13 10:04:40 ERROR: parse_condor_submit failed:
	WARNING: the line `err = 3650.$(cluster).$(process).err' was unused by condor_submit. Is it a typo?
05/25/13 10:04:40 ERROR: submit attempt failed
05/25/13 10:04:40 submit command was: condor_submit -a dag_node_name' '=' '0 -a +DAGManJobId' '=' '75 -a DAGManJobId' '=' '75 -a submit_event_notes' '=' 'DAG' 'Node:' '0 -a dagman_log' '=' '/scratch/nwp/3650/3650.dag.nodes.log -a +DAGManNodesMask' '=' '"0,1,2,4,5,7,9,10,11,12,13,16,17,24,27" -a DAG_STATUS' '=' '0 -a FAILED_COUNT' '=' '0 -a +DAGParentNodeNames' '=' '"" -a notification' '=' 'never 3650.cmd
05/25/13 10:04:40 TmpDir(11)::Cd2MainDir()
05/25/13 10:04:40 TmpDir(11)::~TmpDir()
05/25/13 10:04:40 Unmonitoring log file </scratch/nwp/3650/3650.dag.nodes.log> for node 0
05/25/13 10:04:40 ReadMultipleUserLogs::unmonitorLogFile(/scratch/nwp/3650/3650.dag.nodes.log)
05/25/13 10:04:40 ReadMultipleUserLogs: found LogFileMonitor object for /scratch/nwp/3650/3650.dag.nodes.log (2055:8789623)
05/25/13 10:04:40 Closing file </scratch/nwp/3650/3650.dag.nodes.log>
05/25/13 10:04:40 FileLock::obtain(2) - @1369494280.683537 lock on /tmp/condorLocks/72/36/779086273686424.lockc now UNLOCKED
05/25/13 10:04:40 directory_util::rec_touch_file: Creating directory /tmp 
05/25/13 10:04:40 directory_util::rec_touch_file: Creating directory /tmp/condorLocks 
05/25/13 10:04:40 directory_util::rec_touch_file: Creating directory /tmp/condorLocks/72 
05/25/13 10:04:40 directory_util::rec_touch_file: Creating directory /tmp/condorLocks/72/36 
05/25/13 10:04:40 FileLock::obtain(1) - @1369494280.683636 lock on /tmp/condorLocks/72/36/779086273686424.lockc now WRITE
05/25/13 10:04:40 directory_util::rec_clean_up: file /tmp/condorLocks/72/36/779086273686424.lockc has been deleted. 
05/25/13 10:04:40 Lock file /tmp/condorLocks/72/36/779086273686424.lockc has been deleted. 
05/25/13 10:04:40 FileLock::obtain(2) - @1369494280.683678 lock on /tmp/condorLocks/72/36/779086273686424.lockc now UNLOCKED
05/25/13 10:04:40 ReadMultipleUserLogs: removed log file /scratch/nwp/3650/3650.dag.nodes.log (2055:8789623) from active list
05/25/13 10:04:40 Job submit try 5/6 failed, will try again in >= 16 seconds.
05/25/13 10:04:40 ReadMultipleUserLogs::detectLogGrowth()
05/25/13 10:04:40 DaemonCore: No more children processes to reap.
05/25/13 10:04:45 Dag::SubmitReadyJobs()
05/25/13 10:04:46 ReadMultipleUserLogs::detectLogGrowth()
05/25/13 10:04:51 Dag::SubmitReadyJobs()
05/25/13 10:04:52 ReadMultipleUserLogs::detectLogGrowth()
05/25/13 10:04:57 Dag::SubmitReadyJobs()
05/25/13 10:04:57 Got node 0 from the ready queue
05/25/13 10:04:57 MultiLogFiles::loadLogFileNameFromSubFile(3650.cmd, )
05/25/13 10:04:57 TmpDir(12)::TmpDir()
05/25/13 10:04:57 MultiLogFiles::readFileToString(3650.cmd)
05/25/13 10:04:57 MultiLogFiles::CombineLines(3650.cmd, \)
05/25/13 10:04:57 TmpDir(12)::~TmpDir()
05/25/13 10:04:57 ReadMultipleUserLogs::monitorLogFile(/scratch/nwp/3650/3650.dag.nodes.log, 1)
05/25/13 10:04:57 ReadMultipleUserLogs: found LogFileMonitor object for /scratch/nwp/3650/3650.dag.nodes.log (2055:8789623)
05/25/13 10:04:57 Restored reader state:
  BasePath = /scratch/nwp/3650/3650.dag.nodes.log
  CurPath = /scratch/nwp/3650/3650.dag.nodes.log
  UniqId = , seq = 0
  rotation = 0; max = 0; offset = 0; event = 0; type = 1
  inode = 8789623; ctime = 1369494253; size = 0
05/25/13 10:04:57 init: ReOpening file /scratch/nwp/3650/3650.dag.nodes.log
05/25/13 10:04:57 Opening log file #0 '/scratch/nwp/3650/3650.dag.nodes.log'(is_lock_cur=false,seek=true,read_header=true)
05/25/13 10:04:57 Creating file lock(8,0x224d640,/scratch/nwp/3650/3650.dag.nodes.log)
05/25/13 10:04:57 dirscat: dirpath = /tmp
05/25/13 10:04:57 dirscat: subdir = condorLocks
05/25/13 10:04:57 directory_util::rec_touch_file: Creating directory /tmp 
05/25/13 10:04:57 directory_util::rec_touch_file: Creating directory /tmp/condorLocks 
05/25/13 10:04:57 directory_util::rec_touch_file: Creating directory /tmp/condorLocks/72 
05/25/13 10:04:57 directory_util::rec_touch_file: Creating directory /tmp/condorLocks/72/36 
05/25/13 10:04:57 FileLock object is updating timestamp on: /tmp/condorLocks/72/36/779086273686424.lockc
05/25/13 10:04:57 init: Opening file /scratch/nwp/3650/3650.dag.nodes.log
05/25/13 10:04:57 Opening log file #0 '/scratch/nwp/3650/3650.dag.nodes.log'(is_lock_cur=false,seek=false,read_header=true)
05/25/13 10:04:57 ReadUserLogHeader::Read(): event #0 should be 8
05/25/13 10:04:57 /scratch/nwp/3650/3650.dag.nodes.log: Failed to read file header
05/25/13 10:04:57 ReadMultipleUserLogs: added log file /scratch/nwp/3650/3650.dag.nodes.log (2055:8789623) to active list
05/25/13 10:04:57 Submitting Condor Node 0 job(s)...
05/25/13 10:04:57 TmpDir(13)::TmpDir()
05/25/13 10:04:57 TmpDir(13)::Cd2TmpDir()
05/25/13 10:04:57 Adding a DAGMan auxiliary log /scratch/nwp/3650/3650.dag.nodes.log
05/25/13 10:04:57 Masking the events recorded in the DAGMAN auxiliary log
05/25/13 10:04:57 Mask for auxiliary log is 0,1,2,4,5,7,9,10,11,12,13,16,17,24,27
05/25/13 10:04:57 submitting: condor_submit -a dag_node_name' '=' '0 -a +DAGManJobId' '=' '75 -a DAGManJobId' '=' '75 -a submit_event_notes' '=' 'DAG' 'Node:' '0 -a dagman_log' '=' '/scratch/nwp/3650/3650.dag.nodes.log -a +DAGManNodesMask' '=' '"0,1,2,4,5,7,9,10,11,12,13,16,17,24,27" -a DAG_STATUS' '=' '0 -a FAILED_COUNT' '=' '0 -a +DAGParentNodeNames' '=' '"" -a notification' '=' 'never 3650.cmd
05/25/13 10:04:57 From submit: Submitting job(s).....
05/25/13 10:04:57 From submit: 5 job(s) submitted to cluster 81.
05/25/13 10:04:57 From submit: WARNING: the line `err = 3650.$(cluster).$(process).err' was unused by condor_submit. Is it a typo?
05/25/13 10:04:57 ERROR: parse_condor_submit failed:
	WARNING: the line `err = 3650.$(cluster).$(process).err' was unused by condor_submit. Is it a typo?
05/25/13 10:04:57 ERROR: submit attempt failed
05/25/13 10:04:57 submit command was: condor_submit -a dag_node_name' '=' '0 -a +DAGManJobId' '=' '75 -a DAGManJobId' '=' '75 -a submit_event_notes' '=' 'DAG' 'Node:' '0 -a dagman_log' '=' '/scratch/nwp/3650/3650.dag.nodes.log -a +DAGManNodesMask' '=' '"0,1,2,4,5,7,9,10,11,12,13,16,17,24,27" -a DAG_STATUS' '=' '0 -a FAILED_COUNT' '=' '0 -a +DAGParentNodeNames' '=' '"" -a notification' '=' 'never 3650.cmd
05/25/13 10:04:57 TmpDir(13)::Cd2MainDir()
05/25/13 10:04:57 TmpDir(13)::~TmpDir()
05/25/13 10:04:57 Unmonitoring log file </scratch/nwp/3650/3650.dag.nodes.log> for node 0
05/25/13 10:04:57 ReadMultipleUserLogs::unmonitorLogFile(/scratch/nwp/3650/3650.dag.nodes.log)
05/25/13 10:04:57 ReadMultipleUserLogs: found LogFileMonitor object for /scratch/nwp/3650/3650.dag.nodes.log (2055:8789623)
05/25/13 10:04:57 Closing file </scratch/nwp/3650/3650.dag.nodes.log>
05/25/13 10:04:57 FileLock::obtain(2) - @1369494297.846954 lock on /tmp/condorLocks/72/36/779086273686424.lockc now UNLOCKED
05/25/13 10:04:57 directory_util::rec_touch_file: Creating directory /tmp 
05/25/13 10:04:57 directory_util::rec_touch_file: Creating directory /tmp/condorLocks 
05/25/13 10:04:57 directory_util::rec_touch_file: Creating directory /tmp/condorLocks/72 
05/25/13 10:04:57 directory_util::rec_touch_file: Creating directory /tmp/condorLocks/72/36 
05/25/13 10:04:57 FileLock::obtain(1) - @1369494297.847081 lock on /tmp/condorLocks/72/36/779086273686424.lockc now WRITE
05/25/13 10:04:57 directory_util::rec_clean_up: file /tmp/condorLocks/72/36/779086273686424.lockc has been deleted. 
05/25/13 10:04:57 Lock file /tmp/condorLocks/72/36/779086273686424.lockc has been deleted. 
05/25/13 10:04:57 FileLock::obtain(2) - @1369494297.847126 lock on /tmp/condorLocks/72/36/779086273686424.lockc now UNLOCKED
05/25/13 10:04:57 ReadMultipleUserLogs: removed log file /scratch/nwp/3650/3650.dag.nodes.log (2055:8789623) from active list
05/25/13 10:04:57 Job submit failed after 6 tries.
05/25/13 10:04:57 Shortcutting node 0 retries because of submit failure(s)
05/25/13 10:04:57 Job(0)::_Status = STATUS_READY    
05/25/13 10:04:57 Job(0)::SetStatus(STATUS_ERROR    )
05/25/13 10:04:57 ReadMultipleUserLogs::detectLogGrowth()
05/25/13 10:04:57 Of 1 nodes total:
05/25/13 10:04:57  Done     Pre   Queued    Post   Ready   Un-Ready   Failed
05/25/13 10:04:57   ===     ===      ===     ===     ===        ===      ===
05/25/13 10:04:57     0       0        0       0       0          0        1
05/25/13 10:04:57 0 job proc(s) currently held
05/25/13 10:04:58 Aborting DAG...
05/25/13 10:04:58 Writing Rescue DAG to 3650.dag.rescue001...
05/25/13 10:04:58 We have 0 running jobs to remove
05/25/13 10:04:58 Note: 0 total job deferrals because of -MaxJobs limit (0)
05/25/13 10:04:58 Note: 0 total job deferrals because of -MaxIdle limit (0)
05/25/13 10:04:58 Note: 0 total job deferrals because of node category throttles
05/25/13 10:04:58 Note: 0 total PRE script deferrals because of -MaxPre limit (0)
05/25/13 10:04:58 Note: 0 total POST script deferrals because of -MaxPost limit (0)
05/25/13 10:04:58 Of 1 nodes total:
05/25/13 10:04:58  Done     Pre   Queued    Post   Ready   Un-Ready   Failed
05/25/13 10:04:58   ===     ===      ===     ===     ===        ===      ===
05/25/13 10:04:58     0       0        0       0       0          0        1
05/25/13 10:04:58 0 job proc(s) currently held
05/25/13 10:04:58 **** condor_scheduniv_exec.75.0 (condor_DAGMAN) pid 19066 EXITING WITH STATUS 1
