11/04/15 11:26:11 ******************************************************
11/04/15 11:26:11 ** condor_scheduniv_exec.1.0 (CONDOR_DAGMAN) STARTING UP
11/04/15 11:26:11 ** C:\condor\execute\dir_5468\userdir\condor\bin\condor_dagman.exe
11/04/15 11:26:11 ** SubsystemInfo: name=DAGMAN type=DAGMAN(10) class=DAEMON(1)
11/04/15 11:26:11 ** Configuration: subsystem:DAGMAN local:<NONE> class:DAEMON
11/04/15 11:26:11 ** $CondorVersion: 8.5.1 Nov 04 2015 BuildID: 347568 $
11/04/15 11:26:11 ** $CondorPlatform: x86_64_Windows8 $
11/04/15 11:26:11 ** PID = 22108
11/04/15 11:26:11 ** Log last touched time unavailable (No such file or directory)
11/04/15 11:26:11 ******************************************************
11/04/15 11:26:11 Using config source: C:/condor/execute/dir_5468/userdir/condor_tests\job_dagman_submit_parse.saveme\pdir20864\pdir20864condor1\condor_config
11/04/15 11:26:11 Using local config sources: 
11/04/15 11:26:11    C:\condor\execute\dir_5468\userdir\condor_tests\job_dagman_submit_parse.saveme\pdir20864\pdir20864condor1\condor_config.local
11/04/15 11:26:11 config Macros = 68, Sorted = 67, StringBytes = 2675, TablesBytes = 1928
11/04/15 11:26:11 CLASSAD_CACHING is ENABLED
11/04/15 11:26:11 Daemon Log is logging: D_ALWAYS D_ERROR
11/04/15 11:26:11 DaemonCore: No command port requested.
11/04/15 11:26:11 SharedPortEndpoint: failed to open ./shared_port_ad: No such file or directory
11/04/15 11:26:11 SharedPortEndpoint: did not successfully find SharedPortServer address. Will retry in 60s.
11/04/15 11:26:11 Using DAGMan config file: C:\condor\execute\dir_5468\userdir\condor_tests\job_dagman_submit_parse.cfg
11/04/15 11:26:11 DAGMAN_USE_STRICT setting: 1
11/04/15 11:26:11 DAGMAN_VERBOSITY setting: 3
11/04/15 11:26:11 DAGMAN_DEBUG_CACHE_SIZE setting: 5242880
11/04/15 11:26:11 DAGMAN_DEBUG_CACHE_ENABLE setting: False
11/04/15 11:26:11 DAGMAN_SUBMIT_DELAY setting: 0
11/04/15 11:26:11 DAGMAN_MAX_SUBMIT_ATTEMPTS setting: 2
11/04/15 11:26:11 DAGMAN_STARTUP_CYCLE_DETECT setting: False
11/04/15 11:26:11 DAGMAN_MAX_SUBMITS_PER_INTERVAL setting: 5
11/04/15 11:26:11 DAGMAN_USER_LOG_SCAN_INTERVAL setting: 5
11/04/15 11:26:11 DAGMAN_DEFAULT_PRIORITY setting: 0
11/04/15 11:26:11 DAGMAN_SUPPRESS_NOTIFICATION setting: True
11/04/15 11:26:11 allow_events (DAGMAN_ALLOW_EVENTS) setting: 114
11/04/15 11:26:11 DAGMAN_RETRY_SUBMIT_FIRST setting: True
11/04/15 11:26:11 DAGMAN_RETRY_NODE_FIRST setting: False
11/04/15 11:26:11 DAGMAN_MAX_JOBS_IDLE setting: 1000
11/04/15 11:26:11 DAGMAN_MAX_JOBS_SUBMITTED setting: 0
11/04/15 11:26:11 DAGMAN_MAX_PRE_SCRIPTS setting: 20
11/04/15 11:26:11 DAGMAN_MAX_POST_SCRIPTS setting: 20
11/04/15 11:26:11 DAGMAN_ALLOW_LOG_ERROR setting: False
11/04/15 11:26:11 DAGMAN_MUNGE_NODE_NAMES setting: True
11/04/15 11:26:11 DAGMAN_PROHIBIT_MULTI_JOBS setting: False
11/04/15 11:26:11 DAGMAN_SUBMIT_DEPTH_FIRST setting: False
11/04/15 11:26:11 DAGMAN_ALWAYS_RUN_POST setting: True
11/04/15 11:26:11 DAGMAN_ABORT_DUPLICATES setting: True
11/04/15 11:26:11 DAGMAN_ABORT_ON_SCARY_SUBMIT setting: True
11/04/15 11:26:11 DAGMAN_PENDING_REPORT_INTERVAL setting: 600
11/04/15 11:26:11 DAGMAN_AUTO_RESCUE setting: True
11/04/15 11:26:11 DAGMAN_MAX_RESCUE_NUM setting: 100
11/04/15 11:26:11 DAGMAN_WRITE_PARTIAL_RESCUE setting: True
11/04/15 11:26:11 DAGMAN_DEFAULT_NODE_LOG setting: @(DAG_DIR)\@(DAG_FILE).nodes.log
11/04/15 11:26:11 DAGMAN_GENERATE_SUBDAG_SUBMITS setting: True
11/04/15 11:26:11 DAGMAN_MAX_JOB_HOLDS setting: 100
11/04/15 11:26:11 DAGMAN_HOLD_CLAIM_TIME setting: 20
11/04/15 11:26:11 ALL_DEBUG setting:  D_CMD:1
11/04/15 11:26:11 DAGMAN_DEBUG setting: 
11/04/15 11:26:11 DAGMAN_SUPPRESS_JOB_LOGS setting: False
11/04/15 11:26:11 argv[0] == "condor_scheduniv_exec.1.0"
11/04/15 11:26:11 argv[1] == "-Lockfile"
11/04/15 11:26:11 argv[2] == "job_dagman_submit_parse.dag.lock"
11/04/15 11:26:11 argv[3] == "-AutoRescue"
11/04/15 11:26:11 argv[4] == "1"
11/04/15 11:26:11 argv[5] == "-DoRescueFrom"
11/04/15 11:26:11 argv[6] == "0"
11/04/15 11:26:11 argv[7] == "-Dag"
11/04/15 11:26:11 argv[8] == "job_dagman_submit_parse.dag"
11/04/15 11:26:11 argv[9] == "-Suppress_notification"
11/04/15 11:26:11 argv[10] == "-CsdVersion"
11/04/15 11:26:11 argv[11] == "$CondorVersion: 8.5.1 Nov 04 2015 BuildID: 347568 $"
11/04/15 11:26:11 argv[12] == "-Verbose"
11/04/15 11:26:11 argv[13] == "-Force"
11/04/15 11:26:11 argv[14] == "-Notification"
11/04/15 11:26:11 argv[15] == "never"
11/04/15 11:26:11 argv[16] == "-Dagman"
11/04/15 11:26:11 argv[17] == "C:\condor\execute\dir_5468\userdir\condor\bin\condor_dagman.exe"
11/04/15 11:26:11 Warning: failed to get attribute DAGNodeName
11/04/15 11:26:11 Default node log file is: <C:\condor\execute\dir_5468\userdir\condor_tests\.\job_dagman_submit_parse.dag.nodes.log>
11/04/15 11:26:11 DAG Lockfile will be written to job_dagman_submit_parse.dag.lock
11/04/15 11:26:11 DAG Input file is job_dagman_submit_parse.dag
11/04/15 11:26:11 Parsing 1 dagfiles
11/04/15 11:26:11 Parsing job_dagman_submit_parse.dag ...
11/04/15 11:26:11 Dag contains 2 total jobs
11/04/15 11:26:12 Sleeping for 3 seconds to ensure ProcessId uniqueness
11/04/15 11:26:15 Warning: ProcessId not confirmed unique
11/04/15 11:26:15 Bootstrapping...
11/04/15 11:26:15 Number of pre-completed nodes: 0
11/04/15 11:26:15 MultiLogFiles: truncating log file C:\condor\execute\dir_5468\userdir\condor_tests\.\job_dagman_submit_parse.dag.nodes.log
11/04/15 11:26:15 DAG status: 0 (DAG_STATUS_OK)
11/04/15 11:26:15 Of 2 nodes total:
11/04/15 11:26:15  Done     Pre   Queued    Post   Ready   Un-Ready   Failed
11/04/15 11:26:15   ===     ===      ===     ===     ===        ===      ===
11/04/15 11:26:15     0       0        0       0       1          1        0
11/04/15 11:26:15 0 job proc(s) currently held
11/04/15 11:26:15 Registering condor_event_timer...
11/04/15 11:26:16 Submitting HTCondor Node A job(s)...
11/04/15 11:26:16 Adding a DAGMan workflow log C:\condor\execute\dir_5468\userdir\condor_tests\.\job_dagman_submit_parse.dag.nodes.log
11/04/15 11:26:16 Masking the events recorded in the DAGMAN workflow log
11/04/15 11:26:16 Mask for workflow log is 0,1,2,4,5,7,9,10,11,12,13,16,17,24,27
11/04/15 11:26:16 submitting: C:\condor\execute\dir_5468\userdir\condor\bin\condor_submit.exe -a dag_node_name' '=' 'A -a +DAGManJobId' '=' '1 -a DAGManJobId' '=' '1 -a submit_event_notes' '=' 'DAG' 'Node:' 'A -a dagman_log' '=' 'C:\condor\execute\dir_5468\userdir\condor_tests\.\job_dagman_submit_parse.dag.nodes.log -a +DAGManNodesMask' '=' '"0,1,2,4,5,7,9,10,11,12,13,16,17,24,27" -a DAG_STATUS' '=' '0 -a FAILED_COUNT' '=' '0 -a +DAGParentNodeNames' '=' '"" -a +KeepClaimIdle' '=' '20 -a notification' '=' 'never job_dagman_submit_parse-A.cmd
11/04/15 11:26:18 From submit: Submitting job(s).
11/04/15 11:26:18 From submit: 1 job(s) submitted to cluster 2.
11/04/15 11:26:18 From submit: WARNING: the line 'dont_use_this = "this is my cluster $(cluster)"' was unused by condor_submit. Is it a typo?
11/04/15 11:26:18 	assigned HTCondor ID (2.0.0)
11/04/15 11:26:18 Just submitted 1 job this cycle...
11/04/15 11:26:18 Currently monitoring 1 HTCondor log file(s)
11/04/15 11:26:18 Reassigning the id of job A from (2.0.0) to (2.0.0)
11/04/15 11:26:18 Event: ULOG_SUBMIT for HTCondor Node A (2.0.0)
11/04/15 11:26:18 Number of idle job procs: 1
11/04/15 11:26:18 DAG status: 0 (DAG_STATUS_OK)
11/04/15 11:26:18 Of 2 nodes total:
11/04/15 11:26:18  Done     Pre   Queued    Post   Ready   Un-Ready   Failed
11/04/15 11:26:18   ===     ===      ===     ===     ===        ===      ===
11/04/15 11:26:18     0       0        1       0       0          1        0
11/04/15 11:26:18 0 job proc(s) currently held
11/04/15 11:26:28 Currently monitoring 1 HTCondor log file(s)
11/04/15 11:26:28 Event: ULOG_EXECUTE for HTCondor Node A (2.0.0)
11/04/15 11:26:28 Number of idle job procs: 0
11/04/15 11:26:38 Currently monitoring 1 HTCondor log file(s)
11/04/15 11:26:38 Event: ULOG_JOB_TERMINATED for HTCondor Node A (2.0.0)
11/04/15 11:26:38 Number of idle job procs: 0
11/04/15 11:26:38 Node A job proc (2.0.0) completed successfully.
11/04/15 11:26:38 Node A job completed
11/04/15 11:26:38 DAG status: 0 (DAG_STATUS_OK)
11/04/15 11:26:38 Of 2 nodes total:
11/04/15 11:26:38  Done     Pre   Queued    Post   Ready   Un-Ready   Failed
11/04/15 11:26:38   ===     ===      ===     ===     ===        ===      ===
11/04/15 11:26:38     1       0        0       0       1          0        0
11/04/15 11:26:38 0 job proc(s) currently held
11/04/15 11:26:43 Submitting HTCondor Node B job(s)...
11/04/15 11:26:43 Adding a DAGMan workflow log C:\condor\execute\dir_5468\userdir\condor_tests\.\job_dagman_submit_parse.dag.nodes.log
11/04/15 11:26:43 Masking the events recorded in the DAGMAN workflow log
11/04/15 11:26:43 Mask for workflow log is 0,1,2,4,5,7,9,10,11,12,13,16,17,24,27
11/04/15 11:26:43 submitting: C:\condor\execute\dir_5468\userdir\condor\bin\condor_submit.exe -a dag_node_name' '=' 'B -a +DAGManJobId' '=' '1 -a DAGManJobId' '=' '1 -a submit_event_notes' '=' 'DAG' 'Node:' 'B -a dagman_log' '=' 'C:\condor\execute\dir_5468\userdir\condor_tests\.\job_dagman_submit_parse.dag.nodes.log -a +DAGManNodesMask' '=' '"0,1,2,4,5,7,9,10,11,12,13,16,17,24,27" -a DAG_STATUS' '=' '0 -a FAILED_COUNT' '=' '0 -a +DAGParentNodeNames' '=' '"A" -a notification' '=' 'never job_dagman_submit_parse-B.cmd
11/04/15 11:26:45 From submit: Submitting job(s).
11/04/15 11:26:45 From submit: 1 job(s) submitted to cluster 3.
11/04/15 11:26:45 From submit: WARNING: the line 'dont_use_this = "this job is submitted to cluster $(cluster)"' was unused by condor_submit. Is it a typo?
11/04/15 11:26:45 ERROR: parse_condor_submit failed:
	WARNING: the line 'dont_use_this = "this job is submitted to cluster $(cluster)"' was unused by condor_submit. Is it a typo?
11/04/15 11:26:45 WARNING: submit returned 0, but parsing submit output failed!
11/04/15 11:26:45 	assigned HTCondor ID (0.0.0)
11/04/15 11:26:45 Just submitted 1 job this cycle...
11/04/15 11:26:45 Currently monitoring 1 HTCondor log file(s)
11/04/15 11:26:45 ERROR: node B: job ID in userlog submit event (3.0.0) doesn't match ID reported earlier by submit command (0.0.0)!  Aborting DAG; set DAGMAN_ABORT_ON_SCARY_SUBMIT to false if you are *sure* this shouldn't cause an abort.
11/04/15 11:26:45 Aborting DAG...
11/04/15 11:26:45 Writing Rescue DAG to job_dagman_submit_parse.dag.rescue001...
11/04/15 11:26:45 Removing submitted jobs...
11/04/15 11:26:45 Removing any/all submitted HTCondor jobs...
11/04/15 11:26:45 Running: C:\condor\execute\dir_5468\userdir\condor\bin\condor_rm.exe -const DAGManJobId' '=?=' '1
11/04/15 11:26:45 Note: 0 total job deferrals because of -MaxJobs limit (0)
11/04/15 11:26:45 Note: 0 total job deferrals because of -MaxIdle limit (1000)
11/04/15 11:26:45 Note: 0 total job deferrals because of node category throttles
11/04/15 11:26:45 Note: 0 total PRE script deferrals because of -MaxPre limit (20) or DEFER
11/04/15 11:26:45 Note: 0 total POST script deferrals because of -MaxPost limit (20) or DEFER
11/04/15 11:26:45 DAG status: 1 (DAG_STATUS_ERROR)
11/04/15 11:26:45 Of 2 nodes total:
11/04/15 11:26:45  Done     Pre   Queued    Post   Ready   Un-Ready   Failed
11/04/15 11:26:45   ===     ===      ===     ===     ===        ===      ===
11/04/15 11:26:45     1       0        1       0       0          0        0
11/04/15 11:26:45 0 job proc(s) currently held
11/04/15 11:26:45 attempt to connect to <128.104.103.11:63635> failed: connect errno = 10048.  Will keep trying for 10 total seconds (10 to go).

