This file contains any messages produced by compilers while
running configure, to aid debugging if configure makes a mistake.

configure:524: checking for c++
configure:556: checking whether the C++ compiler (c++  ) works
configure:572: c++ -o conftest    conftest.C  1>&5
configure:598: checking whether the C++ compiler (c++  ) is a cross-compiler
configure:603: checking whether we are using GNU C++
configure:612: c++ -E conftest.C
configure:631: checking whether c++ accepts -g
configure:693: checking for a BSD compatible install
configure:746: checking whether make sets ${MAKE}
configure:775: checking for ranlib
configure:806: checking how to run the C preprocessor
configure:827: cc -E  conftest.c >/dev/null 2>conftest.out
configure:886: checking for ANSI C header files
configure:899: cc -E  conftest.c >/dev/null 2>conftest.out
configure:966: cc -o conftest    conftest.c  1>&5
configure:993: checking for fcntl.h
configure:1003: cc -E  conftest.c >/dev/null 2>conftest.out
configure:993: checking for limits.h
configure:1003: cc -E  conftest.c >/dev/null 2>conftest.out
configure:993: checking for sys/time.h
configure:1003: cc -E  conftest.c >/dev/null 2>conftest.out
configure:993: checking for unistd.h
configure:1003: cc -E  conftest.c >/dev/null 2>conftest.out
configure:1031: checking for working const
configure:1085: cc -c   conftest.c 1>&5
configure:1106: checking whether time.h and sys/time.h may both be included
configure:1120: cc -c   conftest.c 1>&5
configure:1141: checking whether struct tm is in sys/time.h or time.h
configure:1154: cc -c   conftest.c 1>&5
configure:1175: checking for uid_t in sys/types.h
configure:1210: checking for vprintf
configure:1238: cc -o conftest    conftest.c  1>&5
configure:1317: checking for getcwd
configure:1345: cc -o conftest    conftest.c  1>&5
configure:1317: checking for gethostname
configure:1345: cc -o conftest    conftest.c  1>&5
configure:1317: checking for gettimeofday
configure:1345: cc -o conftest    conftest.c  1>&5
configure:1317: checking for mkdir
configure:1345: cc -o conftest    conftest.c  1>&5
configure:1317: checking for strstr
configure:1345: cc -o conftest    conftest.c  1>&5
configure:1372: checking whether the compiler supports dynamic_cast<>
configure:1395: c++ -c -g -O2  conftest.C 1>&5
configure:1428: checking for condor_status
