11/04/15 11:20:55 ******************************************************
11/04/15 11:20:55 ** condor_scheduniv_exec.1.0 (CONDOR_DAGMAN) STARTING UP
11/04/15 11:20:55 ** C:\condor\execute\dir_5468\userdir\condor\bin\condor_dagman.exe
11/04/15 11:20:55 ** SubsystemInfo: name=DAGMAN type=DAGMAN(10) class=DAEMON(1)
11/04/15 11:20:55 ** Configuration: subsystem:DAGMAN local:<NONE> class:DAEMON
11/04/15 11:20:55 ** $CondorVersion: 8.5.1 Nov 04 2015 BuildID: 347568 $
11/04/15 11:20:55 ** $CondorPlatform: x86_64_Windows8 $
11/04/15 11:20:55 ** PID = 15672
11/04/15 11:20:55 ** Log last touched time unavailable (No such file or directory)
11/04/15 11:20:55 ******************************************************
11/04/15 11:20:55 Using config source: C:/condor/execute/dir_5468/userdir/condor_tests/remote_task.pl.saveme/pdir20004/pdir20004remotetaskjob_dagman_maxpostscripts\condor_config
11/04/15 11:20:55 Using local config sources: 
11/04/15 11:20:55    C:\condor\execute\dir_5468\userdir\condor_tests\remote_task.pl.saveme\pdir20004\pdir20004remotetaskjob_dagman_maxpostscripts\condor_config.local
11/04/15 11:20:55 config Macros = 66, Sorted = 65, StringBytes = 2781, TablesBytes = 1872
11/04/15 11:20:55 CLASSAD_CACHING is ENABLED
11/04/15 11:20:55 Daemon Log is logging: D_ALWAYS D_ERROR
11/04/15 11:20:55 DaemonCore: No command port requested.
11/04/15 11:20:55 SharedPortEndpoint: failed to open ./shared_port_ad: No such file or directory
11/04/15 11:20:55 SharedPortEndpoint: did not successfully find SharedPortServer address. Will retry in 60s.
11/04/15 11:20:55 DAGMAN_USE_STRICT setting: 1
11/04/15 11:20:55 DAGMAN_VERBOSITY setting: 3
11/04/15 11:20:55 DAGMAN_DEBUG_CACHE_SIZE setting: 5242880
11/04/15 11:20:55 DAGMAN_DEBUG_CACHE_ENABLE setting: False
11/04/15 11:20:55 DAGMAN_SUBMIT_DELAY setting: 0
11/04/15 11:20:55 DAGMAN_MAX_SUBMIT_ATTEMPTS setting: 6
11/04/15 11:20:55 DAGMAN_STARTUP_CYCLE_DETECT setting: False
11/04/15 11:20:55 DAGMAN_MAX_SUBMITS_PER_INTERVAL setting: 5
11/04/15 11:20:55 DAGMAN_USER_LOG_SCAN_INTERVAL setting: 5
11/04/15 11:20:55 DAGMAN_DEFAULT_PRIORITY setting: 0
11/04/15 11:20:55 DAGMAN_SUPPRESS_NOTIFICATION setting: True
11/04/15 11:20:55 allow_events (DAGMAN_ALLOW_EVENTS) setting: 114
11/04/15 11:20:55 DAGMAN_RETRY_SUBMIT_FIRST setting: True
11/04/15 11:20:55 DAGMAN_RETRY_NODE_FIRST setting: False
11/04/15 11:20:55 DAGMAN_MAX_JOBS_IDLE setting: 1000
11/04/15 11:20:55 DAGMAN_MAX_JOBS_SUBMITTED setting: 0
11/04/15 11:20:55 DAGMAN_MAX_PRE_SCRIPTS setting: 20
11/04/15 11:20:55 DAGMAN_MAX_POST_SCRIPTS setting: 20
11/04/15 11:20:55 DAGMAN_ALLOW_LOG_ERROR setting: False
11/04/15 11:20:55 DAGMAN_MUNGE_NODE_NAMES setting: True
11/04/15 11:20:55 DAGMAN_PROHIBIT_MULTI_JOBS setting: False
11/04/15 11:20:55 DAGMAN_SUBMIT_DEPTH_FIRST setting: False
11/04/15 11:20:55 DAGMAN_ALWAYS_RUN_POST setting: True
11/04/15 11:20:55 DAGMAN_ABORT_DUPLICATES setting: True
11/04/15 11:20:55 DAGMAN_ABORT_ON_SCARY_SUBMIT setting: True
11/04/15 11:20:55 DAGMAN_PENDING_REPORT_INTERVAL setting: 600
11/04/15 11:20:55 DAGMAN_AUTO_RESCUE setting: True
11/04/15 11:20:55 DAGMAN_MAX_RESCUE_NUM setting: 100
11/04/15 11:20:55 DAGMAN_WRITE_PARTIAL_RESCUE setting: True
11/04/15 11:20:55 DAGMAN_DEFAULT_NODE_LOG setting: @(DAG_DIR)\@(DAG_FILE).nodes.log
11/04/15 11:20:55 DAGMAN_GENERATE_SUBDAG_SUBMITS setting: True
11/04/15 11:20:55 DAGMAN_MAX_JOB_HOLDS setting: 100
11/04/15 11:20:55 DAGMAN_HOLD_CLAIM_TIME setting: 20
11/04/15 11:20:55 ALL_DEBUG setting: D_ALWAYS D_CMD:1
11/04/15 11:20:55 DAGMAN_DEBUG setting: 
11/04/15 11:20:55 DAGMAN_SUPPRESS_JOB_LOGS setting: False
11/04/15 11:20:55 argv[0] == "condor_scheduniv_exec.1.0"
11/04/15 11:20:55 argv[1] == "-Lockfile"
11/04/15 11:20:55 argv[2] == "job_dagman_maxpostscripts.dag.lock"
11/04/15 11:20:55 argv[3] == "-AutoRescue"
11/04/15 11:20:55 argv[4] == "1"
11/04/15 11:20:55 argv[5] == "-DoRescueFrom"
11/04/15 11:20:55 argv[6] == "0"
11/04/15 11:20:55 argv[7] == "-Dag"
11/04/15 11:20:55 argv[8] == "job_dagman_maxpostscripts.dag"
11/04/15 11:20:55 argv[9] == "-MaxPost"
11/04/15 11:20:55 argv[10] == "4"
11/04/15 11:20:55 argv[11] == "-Suppress_notification"
11/04/15 11:20:55 argv[12] == "-CsdVersion"
11/04/15 11:20:55 argv[13] == "$CondorVersion: 8.5.1 Nov 04 2015 BuildID: 347568 $"
11/04/15 11:20:55 argv[14] == "-Verbose"
11/04/15 11:20:55 argv[15] == "-Force"
11/04/15 11:20:55 argv[16] == "-Notification"
11/04/15 11:20:55 argv[17] == "never"
11/04/15 11:20:55 argv[18] == "-Dagman"
11/04/15 11:20:55 argv[19] == "C:\condor\execute\dir_5468\userdir\condor\bin\condor_dagman.exe"
11/04/15 11:20:55 Warning: failed to get attribute DAGNodeName
11/04/15 11:20:55 Default node log file is: <C:\condor\execute\dir_5468\userdir\condor_tests\.\job_dagman_maxpostscripts.dag.nodes.log>
11/04/15 11:20:55 DAG Lockfile will be written to job_dagman_maxpostscripts.dag.lock
11/04/15 11:20:55 DAG Input file is job_dagman_maxpostscripts.dag
11/04/15 11:20:55 Parsing 1 dagfiles
11/04/15 11:20:55 Parsing job_dagman_maxpostscripts.dag ...
11/04/15 11:20:55 Dag contains 20 total jobs
11/04/15 11:20:56 Sleeping for 3 seconds to ensure ProcessId uniqueness
11/04/15 11:20:59 Warning: ProcessId not confirmed unique
11/04/15 11:20:59 Bootstrapping...
11/04/15 11:20:59 Number of pre-completed nodes: 0
11/04/15 11:20:59 MultiLogFiles: truncating log file C:\condor\execute\dir_5468\userdir\condor_tests\.\job_dagman_maxpostscripts.dag.nodes.log
11/04/15 11:20:59 Running PRE script of Node NODE0...
11/04/15 11:20:59 Running PRE script of Node NODE1...
11/04/15 11:20:59 Running PRE script of Node NODE2...
11/04/15 11:20:59 Running PRE script of Node NODE3...
11/04/15 11:20:59 Running PRE script of Node NODE4...
11/04/15 11:20:59 Running PRE script of Node NODE5...
11/04/15 11:20:59 Running PRE script of Node NODE6...
11/04/15 11:20:59 Running PRE script of Node NODE7...
11/04/15 11:20:59 Running PRE script of Node NODE8...
11/04/15 11:20:59 Running PRE script of Node NODE9...
11/04/15 11:20:59 Running PRE script of Node NODE10...
11/04/15 11:20:59 Running PRE script of Node NODE11...
11/04/15 11:20:59 Running PRE script of Node NODE12...
11/04/15 11:20:59 Running PRE script of Node NODE13...
11/04/15 11:20:59 Running PRE script of Node NODE14...
11/04/15 11:20:59 Running PRE script of Node NODE15...
11/04/15 11:20:59 Running PRE script of Node NODE16...
11/04/15 11:20:59 Running PRE script of Node NODE17...
11/04/15 11:20:59 Running PRE script of Node NODE18...
11/04/15 11:20:59 Running PRE script of Node NODE19...
11/04/15 11:20:59 DAG status: 0 (DAG_STATUS_OK)
11/04/15 11:20:59 Of 20 nodes total:
11/04/15 11:20:59  Done     Pre   Queued    Post   Ready   Un-Ready   Failed
11/04/15 11:20:59   ===     ===      ===     ===     ===        ===      ===
11/04/15 11:20:59     0      20        0       0       0          0        0
11/04/15 11:20:59 0 job proc(s) currently held
11/04/15 11:20:59 Registering condor_event_timer...
11/04/15 11:20:59 PRE Script of Node NODE0 completed successfully.
11/04/15 11:20:59 PRE Script of Node NODE1 completed successfully.
11/04/15 11:20:59 PRE Script of Node NODE2 completed successfully.
11/04/15 11:20:59 PRE Script of Node NODE4 completed successfully.
11/04/15 11:20:59 PRE Script of Node NODE3 completed successfully.
11/04/15 11:20:59 PRE Script of Node NODE8 completed successfully.
11/04/15 11:20:59 PRE Script of Node NODE5 completed successfully.
11/04/15 11:20:59 PRE Script of Node NODE7 completed successfully.
11/04/15 11:20:59 PRE Script of Node NODE6 completed successfully.
11/04/15 11:20:59 PRE Script of Node NODE18 completed successfully.
11/04/15 11:20:59 PRE Script of Node NODE17 completed successfully.
11/04/15 11:20:59 PRE Script of Node NODE12 completed successfully.
11/04/15 11:20:59 PRE Script of Node NODE13 completed successfully.
11/04/15 11:20:59 PRE Script of Node NODE9 completed successfully.
11/04/15 11:20:59 PRE Script of Node NODE14 completed successfully.
11/04/15 11:20:59 PRE Script of Node NODE11 completed successfully.
11/04/15 11:20:59 PRE Script of Node NODE16 completed successfully.
11/04/15 11:20:59 PRE Script of Node NODE10 completed successfully.
11/04/15 11:20:59 PRE Script of Node NODE15 completed successfully.
11/04/15 11:20:59 PRE Script of Node NODE19 completed successfully.
11/04/15 11:21:00 Submitting HTCondor Node NODE0 job(s)...
11/04/15 11:21:00 Adding a DAGMan workflow log C:\condor\execute\dir_5468\userdir\condor_tests\.\job_dagman_maxpostscripts.dag.nodes.log
11/04/15 11:21:00 Masking the events recorded in the DAGMAN workflow log
11/04/15 11:21:00 Mask for workflow log is 0,1,2,4,5,7,9,10,11,12,13,16,17,24,27
11/04/15 11:21:00 submitting: C:\condor\execute\dir_5468\userdir\condor\bin\condor_submit.exe -a dag_node_name' '=' 'NODE0 -a +DAGManJobId' '=' '1 -a DAGManJobId' '=' '1 -a submit_event_notes' '=' 'DAG' 'Node:' 'NODE0 -a dagman_log' '=' 'C:\condor\execute\dir_5468\userdir\condor_tests\.\job_dagman_maxpostscripts.dag.nodes.log -a +DAGManNodesMask' '=' '"0,1,2,4,5,7,9,10,11,12,13,16,17,24,27" -a DAG_STATUS' '=' '0 -a FAILED_COUNT' '=' '0 -a +DAGParentNodeNames' '=' '"" -a notification' '=' 'never job_dagman_maxpostscripts.cmd
11/04/15 11:21:02 From submit: Submitting job(s).
11/04/15 11:21:02 From submit: 1 job(s) submitted to cluster 2.
11/04/15 11:21:02 	assigned HTCondor ID (2.0.0)
11/04/15 11:21:02 Submitting HTCondor Node NODE1 job(s)...
11/04/15 11:21:02 Adding a DAGMan workflow log C:\condor\execute\dir_5468\userdir\condor_tests\.\job_dagman_maxpostscripts.dag.nodes.log
11/04/15 11:21:02 Masking the events recorded in the DAGMAN workflow log
11/04/15 11:21:02 Mask for workflow log is 0,1,2,4,5,7,9,10,11,12,13,16,17,24,27
11/04/15 11:21:02 submitting: C:\condor\execute\dir_5468\userdir\condor\bin\condor_submit.exe -a dag_node_name' '=' 'NODE1 -a +DAGManJobId' '=' '1 -a DAGManJobId' '=' '1 -a submit_event_notes' '=' 'DAG' 'Node:' 'NODE1 -a dagman_log' '=' 'C:\condor\execute\dir_5468\userdir\condor_tests\.\job_dagman_maxpostscripts.dag.nodes.log -a +DAGManNodesMask' '=' '"0,1,2,4,5,7,9,10,11,12,13,16,17,24,27" -a DAG_STATUS' '=' '0 -a FAILED_COUNT' '=' '0 -a +DAGParentNodeNames' '=' '"" -a notification' '=' 'never job_dagman_maxpostscripts.cmd
11/04/15 11:21:04 From submit: Submitting job(s).
11/04/15 11:21:04 From submit: 1 job(s) submitted to cluster 3.
11/04/15 11:21:04 	assigned HTCondor ID (3.0.0)
11/04/15 11:21:04 Submitting HTCondor Node NODE2 job(s)...
11/04/15 11:21:04 Adding a DAGMan workflow log C:\condor\execute\dir_5468\userdir\condor_tests\.\job_dagman_maxpostscripts.dag.nodes.log
11/04/15 11:21:04 Masking the events recorded in the DAGMAN workflow log
11/04/15 11:21:04 Mask for workflow log is 0,1,2,4,5,7,9,10,11,12,13,16,17,24,27
11/04/15 11:21:04 submitting: C:\condor\execute\dir_5468\userdir\condor\bin\condor_submit.exe -a dag_node_name' '=' 'NODE2 -a +DAGManJobId' '=' '1 -a DAGManJobId' '=' '1 -a submit_event_notes' '=' 'DAG' 'Node:' 'NODE2 -a dagman_log' '=' 'C:\condor\execute\dir_5468\userdir\condor_tests\.\job_dagman_maxpostscripts.dag.nodes.log -a +DAGManNodesMask' '=' '"0,1,2,4,5,7,9,10,11,12,13,16,17,24,27" -a DAG_STATUS' '=' '0 -a FAILED_COUNT' '=' '0 -a +DAGParentNodeNames' '=' '"" -a notification' '=' 'never job_dagman_maxpostscripts.cmd
11/04/15 11:21:07 From submit: Submitting job(s).
11/04/15 11:21:07 From submit: 1 job(s) submitted to cluster 4.
11/04/15 11:21:07 	assigned HTCondor ID (4.0.0)
11/04/15 11:21:07 Submitting HTCondor Node NODE4 job(s)...
11/04/15 11:21:07 Adding a DAGMan workflow log C:\condor\execute\dir_5468\userdir\condor_tests\.\job_dagman_maxpostscripts.dag.nodes.log
11/04/15 11:21:07 Masking the events recorded in the DAGMAN workflow log
11/04/15 11:21:07 Mask for workflow log is 0,1,2,4,5,7,9,10,11,12,13,16,17,24,27
11/04/15 11:21:07 submitting: C:\condor\execute\dir_5468\userdir\condor\bin\condor_submit.exe -a dag_node_name' '=' 'NODE4 -a +DAGManJobId' '=' '1 -a DAGManJobId' '=' '1 -a submit_event_notes' '=' 'DAG' 'Node:' 'NODE4 -a dagman_log' '=' 'C:\condor\execute\dir_5468\userdir\condor_tests\.\job_dagman_maxpostscripts.dag.nodes.log -a +DAGManNodesMask' '=' '"0,1,2,4,5,7,9,10,11,12,13,16,17,24,27" -a DAG_STATUS' '=' '0 -a FAILED_COUNT' '=' '0 -a +DAGParentNodeNames' '=' '"" -a notification' '=' 'never job_dagman_maxpostscripts.cmd
11/04/15 11:21:09 From submit: Submitting job(s).
11/04/15 11:21:09 From submit: 1 job(s) submitted to cluster 5.
11/04/15 11:21:09 	assigned HTCondor ID (5.0.0)
11/04/15 11:21:09 Submitting HTCondor Node NODE3 job(s)...
11/04/15 11:21:09 Adding a DAGMan workflow log C:\condor\execute\dir_5468\userdir\condor_tests\.\job_dagman_maxpostscripts.dag.nodes.log
11/04/15 11:21:09 Masking the events recorded in the DAGMAN workflow log
11/04/15 11:21:09 Mask for workflow log is 0,1,2,4,5,7,9,10,11,12,13,16,17,24,27
11/04/15 11:21:09 submitting: C:\condor\execute\dir_5468\userdir\condor\bin\condor_submit.exe -a dag_node_name' '=' 'NODE3 -a +DAGManJobId' '=' '1 -a DAGManJobId' '=' '1 -a submit_event_notes' '=' 'DAG' 'Node:' 'NODE3 -a dagman_log' '=' 'C:\condor\execute\dir_5468\userdir\condor_tests\.\job_dagman_maxpostscripts.dag.nodes.log -a +DAGManNodesMask' '=' '"0,1,2,4,5,7,9,10,11,12,13,16,17,24,27" -a DAG_STATUS' '=' '0 -a FAILED_COUNT' '=' '0 -a +DAGParentNodeNames' '=' '"" -a notification' '=' 'never job_dagman_maxpostscripts.cmd
11/04/15 11:21:11 From submit: Submitting job(s).
11/04/15 11:21:11 From submit: 1 job(s) submitted to cluster 6.
11/04/15 11:21:11 	assigned HTCondor ID (6.0.0)
11/04/15 11:21:11 Just submitted 5 jobs this cycle...
11/04/15 11:21:11 Currently monitoring 1 HTCondor log file(s)
11/04/15 11:21:11 Reassigning the id of job NODE0 from (2.0.0) to (2.0.0)
11/04/15 11:21:11 Event: ULOG_SUBMIT for HTCondor Node NODE0 (2.0.0)
11/04/15 11:21:11 Number of idle job procs: 1
11/04/15 11:21:11 Reassigning the id of job NODE1 from (3.0.0) to (3.0.0)
11/04/15 11:21:11 Event: ULOG_SUBMIT for HTCondor Node NODE1 (3.0.0)
11/04/15 11:21:11 Number of idle job procs: 2
11/04/15 11:21:11 Reassigning the id of job NODE2 from (4.0.0) to (4.0.0)
11/04/15 11:21:11 Event: ULOG_SUBMIT for HTCondor Node NODE2 (4.0.0)
11/04/15 11:21:11 Number of idle job procs: 3
11/04/15 11:21:11 Reassigning the id of job NODE4 from (5.0.0) to (5.0.0)
11/04/15 11:21:11 Event: ULOG_SUBMIT for HTCondor Node NODE4 (5.0.0)
11/04/15 11:21:11 Number of idle job procs: 4
11/04/15 11:21:11 Reassigning the id of job NODE3 from (6.0.0) to (6.0.0)
11/04/15 11:21:11 Event: ULOG_SUBMIT for HTCondor Node NODE3 (6.0.0)
11/04/15 11:21:11 Number of idle job procs: 5
11/04/15 11:21:11 DAG status: 0 (DAG_STATUS_OK)
11/04/15 11:21:11 Of 20 nodes total:
11/04/15 11:21:11  Done     Pre   Queued    Post   Ready   Un-Ready   Failed
11/04/15 11:21:11   ===     ===      ===     ===     ===        ===      ===
11/04/15 11:21:11     0       0        5       0      15          0        0
11/04/15 11:21:11 0 job proc(s) currently held
11/04/15 11:21:11 attempt to connect to <128.104.103.11:48272> failed: connect errno = 10048.  Will keep trying for 10 total seconds (10 to go).

11/04/15 11:21:18 Submitting HTCondor Node NODE8 job(s)...
11/04/15 11:21:18 Adding a DAGMan workflow log C:\condor\execute\dir_5468\userdir\condor_tests\.\job_dagman_maxpostscripts.dag.nodes.log
11/04/15 11:21:18 Masking the events recorded in the DAGMAN workflow log
11/04/15 11:21:18 Mask for workflow log is 0,1,2,4,5,7,9,10,11,12,13,16,17,24,27
11/04/15 11:21:18 submitting: C:\condor\execute\dir_5468\userdir\condor\bin\condor_submit.exe -a dag_node_name' '=' 'NODE8 -a +DAGManJobId' '=' '1 -a DAGManJobId' '=' '1 -a submit_event_notes' '=' 'DAG' 'Node:' 'NODE8 -a dagman_log' '=' 'C:\condor\execute\dir_5468\userdir\condor_tests\.\job_dagman_maxpostscripts.dag.nodes.log -a +DAGManNodesMask' '=' '"0,1,2,4,5,7,9,10,11,12,13,16,17,24,27" -a DAG_STATUS' '=' '0 -a FAILED_COUNT' '=' '0 -a +DAGParentNodeNames' '=' '"" -a notification' '=' 'never job_dagman_maxpostscripts.cmd
11/04/15 11:21:18 From submit: Submitting job(s).
11/04/15 11:21:18 From submit: 1 job(s) submitted to cluster 7.
11/04/15 11:21:18 	assigned HTCondor ID (7.0.0)
11/04/15 11:21:18 Submitting HTCondor Node NODE5 job(s)...
11/04/15 11:21:18 Adding a DAGMan workflow log C:\condor\execute\dir_5468\userdir\condor_tests\.\job_dagman_maxpostscripts.dag.nodes.log
11/04/15 11:21:18 Masking the events recorded in the DAGMAN workflow log
11/04/15 11:21:18 Mask for workflow log is 0,1,2,4,5,7,9,10,11,12,13,16,17,24,27
11/04/15 11:21:18 submitting: C:\condor\execute\dir_5468\userdir\condor\bin\condor_submit.exe -a dag_node_name' '=' 'NODE5 -a +DAGManJobId' '=' '1 -a DAGManJobId' '=' '1 -a submit_event_notes' '=' 'DAG' 'Node:' 'NODE5 -a dagman_log' '=' 'C:\condor\execute\dir_5468\userdir\condor_tests\.\job_dagman_maxpostscripts.dag.nodes.log -a +DAGManNodesMask' '=' '"0,1,2,4,5,7,9,10,11,12,13,16,17,24,27" -a DAG_STATUS' '=' '0 -a FAILED_COUNT' '=' '0 -a +DAGParentNodeNames' '=' '"" -a notification' '=' 'never job_dagman_maxpostscripts.cmd
11/04/15 11:21:20 From submit: Submitting job(s).
11/04/15 11:21:20 From submit: 1 job(s) submitted to cluster 8.
11/04/15 11:21:20 	assigned HTCondor ID (8.0.0)
11/04/15 11:21:20 Submitting HTCondor Node NODE7 job(s)...
11/04/15 11:21:20 Adding a DAGMan workflow log C:\condor\execute\dir_5468\userdir\condor_tests\.\job_dagman_maxpostscripts.dag.nodes.log
11/04/15 11:21:20 Masking the events recorded in the DAGMAN workflow log
11/04/15 11:21:20 Mask for workflow log is 0,1,2,4,5,7,9,10,11,12,13,16,17,24,27
11/04/15 11:21:20 submitting: C:\condor\execute\dir_5468\userdir\condor\bin\condor_submit.exe -a dag_node_name' '=' 'NODE7 -a +DAGManJobId' '=' '1 -a DAGManJobId' '=' '1 -a submit_event_notes' '=' 'DAG' 'Node:' 'NODE7 -a dagman_log' '=' 'C:\condor\execute\dir_5468\userdir\condor_tests\.\job_dagman_maxpostscripts.dag.nodes.log -a +DAGManNodesMask' '=' '"0,1,2,4,5,7,9,10,11,12,13,16,17,24,27" -a DAG_STATUS' '=' '0 -a FAILED_COUNT' '=' '0 -a +DAGParentNodeNames' '=' '"" -a notification' '=' 'never job_dagman_maxpostscripts.cmd
11/04/15 11:21:23 From submit: Submitting job(s).
11/04/15 11:21:23 From submit: 1 job(s) submitted to cluster 9.
11/04/15 11:21:23 	assigned HTCondor ID (9.0.0)
11/04/15 11:21:23 Submitting HTCondor Node NODE6 job(s)...
11/04/15 11:21:23 Adding a DAGMan workflow log C:\condor\execute\dir_5468\userdir\condor_tests\.\job_dagman_maxpostscripts.dag.nodes.log
11/04/15 11:21:23 Masking the events recorded in the DAGMAN workflow log
11/04/15 11:21:23 Mask for workflow log is 0,1,2,4,5,7,9,10,11,12,13,16,17,24,27
11/04/15 11:21:23 submitting: C:\condor\execute\dir_5468\userdir\condor\bin\condor_submit.exe -a dag_node_name' '=' 'NODE6 -a +DAGManJobId' '=' '1 -a DAGManJobId' '=' '1 -a submit_event_notes' '=' 'DAG' 'Node:' 'NODE6 -a dagman_log' '=' 'C:\condor\execute\dir_5468\userdir\condor_tests\.\job_dagman_maxpostscripts.dag.nodes.log -a +DAGManNodesMask' '=' '"0,1,2,4,5,7,9,10,11,12,13,16,17,24,27" -a DAG_STATUS' '=' '0 -a FAILED_COUNT' '=' '0 -a +DAGParentNodeNames' '=' '"" -a notification' '=' 'never job_dagman_maxpostscripts.cmd
11/04/15 11:22:05 From submit: Submitting job(s).
11/04/15 11:22:05 From submit: 1 job(s) submitted to cluster 10.
11/04/15 11:22:05 	assigned HTCondor ID (10.0.0)
11/04/15 11:22:05 Submitting HTCondor Node NODE18 job(s)...
11/04/15 11:22:05 Adding a DAGMan workflow log C:\condor\execute\dir_5468\userdir\condor_tests\.\job_dagman_maxpostscripts.dag.nodes.log
11/04/15 11:22:05 Masking the events recorded in the DAGMAN workflow log
11/04/15 11:22:05 Mask for workflow log is 0,1,2,4,5,7,9,10,11,12,13,16,17,24,27
11/04/15 11:22:05 submitting: C:\condor\execute\dir_5468\userdir\condor\bin\condor_submit.exe -a dag_node_name' '=' 'NODE18 -a +DAGManJobId' '=' '1 -a DAGManJobId' '=' '1 -a submit_event_notes' '=' 'DAG' 'Node:' 'NODE18 -a dagman_log' '=' 'C:\condor\execute\dir_5468\userdir\condor_tests\.\job_dagman_maxpostscripts.dag.nodes.log -a +DAGManNodesMask' '=' '"0,1,2,4,5,7,9,10,11,12,13,16,17,24,27" -a DAG_STATUS' '=' '0 -a FAILED_COUNT' '=' '0 -a +DAGParentNodeNames' '=' '"" -a notification' '=' 'never job_dagman_maxpostscripts.cmd
11/04/15 11:22:25 From submit: Submitting job(s).
11/04/15 11:22:25 From submit: 1 job(s) submitted to cluster 11.
11/04/15 11:22:25 	assigned HTCondor ID (11.0.0)
11/04/15 11:22:25 Just submitted 5 jobs this cycle...
11/04/15 11:22:25 Currently monitoring 1 HTCondor log file(s)
11/04/15 11:22:25 Reassigning the id of job NODE8 from (7.0.0) to (7.0.0)
11/04/15 11:22:25 Event: ULOG_SUBMIT for HTCondor Node NODE8 (7.0.0)
11/04/15 11:22:25 Number of idle job procs: 6
11/04/15 11:22:25 Reassigning the id of job NODE5 from (8.0.0) to (8.0.0)
11/04/15 11:22:25 Event: ULOG_SUBMIT for HTCondor Node NODE5 (8.0.0)
11/04/15 11:22:25 Number of idle job procs: 7
11/04/15 11:22:25 Event: ULOG_EXECUTE for HTCondor Node NODE0 (2.0.0)
11/04/15 11:22:25 Number of idle job procs: 6
11/04/15 11:22:25 Event: ULOG_EXECUTE for HTCondor Node NODE1 (3.0.0)
11/04/15 11:22:25 Number of idle job procs: 5
11/04/15 11:22:25 Event: ULOG_EXECUTE for HTCondor Node NODE2 (4.0.0)
11/04/15 11:22:25 Number of idle job procs: 4
11/04/15 11:22:25 Event: ULOG_JOB_TERMINATED for HTCondor Node NODE0 (2.0.0)
11/04/15 11:22:25 Number of idle job procs: 4
11/04/15 11:22:25 Node NODE0 job proc (2.0.0) failed with status 3.
11/04/15 11:22:25 Node NODE0 job completed
11/04/15 11:22:25 Running POST script of Node NODE0...
11/04/15 11:22:25 Reassigning the id of job NODE7 from (9.0.0) to (9.0.0)
11/04/15 11:22:25 Event: ULOG_SUBMIT for HTCondor Node NODE7 (9.0.0)
11/04/15 11:22:25 Number of idle job procs: 5
11/04/15 11:22:25 Event: ULOG_JOB_TERMINATED for HTCondor Node NODE1 (3.0.0)
11/04/15 11:22:25 Number of idle job procs: 5
11/04/15 11:22:25 Node NODE1 job proc (3.0.0) failed with status 3.
11/04/15 11:22:25 Node NODE1 job completed
11/04/15 11:22:25 Running POST script of Node NODE1...
11/04/15 11:22:25 Event: ULOG_JOB_TERMINATED for HTCondor Node NODE2 (4.0.0)
11/04/15 11:22:25 Number of idle job procs: 5
11/04/15 11:22:25 Node NODE2 job proc (4.0.0) failed with status 3.
11/04/15 11:22:25 Node NODE2 job completed
11/04/15 11:22:25 Running POST script of Node NODE2...
11/04/15 11:22:25 Event: ULOG_EXECUTE for HTCondor Node NODE4 (5.0.0)
11/04/15 11:22:25 Number of idle job procs: 4
11/04/15 11:22:25 Event: ULOG_EXECUTE for HTCondor Node NODE3 (6.0.0)
11/04/15 11:22:25 Number of idle job procs: 3
11/04/15 11:22:25 Event: ULOG_EXECUTE for HTCondor Node NODE8 (7.0.0)
11/04/15 11:22:25 Number of idle job procs: 2
11/04/15 11:22:25 Event: ULOG_EXECUTE for HTCondor Node NODE5 (8.0.0)
11/04/15 11:22:25 Number of idle job procs: 1
11/04/15 11:22:25 Event: ULOG_JOB_TERMINATED for HTCondor Node NODE4 (5.0.0)
11/04/15 11:22:25 Number of idle job procs: 1
11/04/15 11:22:25 Node NODE4 job proc (5.0.0) failed with status 3.
11/04/15 11:22:25 Node NODE4 job completed
11/04/15 11:22:25 Running POST script of Node NODE4...
11/04/15 11:22:25 Event: ULOG_JOB_TERMINATED for HTCondor Node NODE8 (7.0.0)
11/04/15 11:22:25 Number of idle job procs: 1
11/04/15 11:22:25 Node NODE8 job proc (7.0.0) failed with status 3.
11/04/15 11:22:25 Node NODE8 job completed
11/04/15 11:22:25 Event: ULOG_JOB_TERMINATED for HTCondor Node NODE5 (8.0.0)
11/04/15 11:22:25 Number of idle job procs: 1
11/04/15 11:22:25 Node NODE5 job proc (8.0.0) failed with status 3.
11/04/15 11:22:25 Node NODE5 job completed
11/04/15 11:22:25 Event: ULOG_JOB_TERMINATED for HTCondor Node NODE3 (6.0.0)
11/04/15 11:22:25 Number of idle job procs: 1
11/04/15 11:22:25 Node NODE3 job proc (6.0.0) failed with status 3.
11/04/15 11:22:25 Node NODE3 job completed
11/04/15 11:22:25 Reassigning the id of job NODE6 from (10.0.0) to (10.0.0)
11/04/15 11:22:25 Event: ULOG_SUBMIT for HTCondor Node NODE6 (10.0.0)
11/04/15 11:22:25 Number of idle job procs: 2
11/04/15 11:22:25 Event: ULOG_EXECUTE for HTCondor Node NODE7 (9.0.0)
11/04/15 11:22:25 Number of idle job procs: 1
11/04/15 11:22:25 Event: ULOG_JOB_TERMINATED for HTCondor Node NODE7 (9.0.0)
11/04/15 11:22:25 Number of idle job procs: 1
11/04/15 11:22:25 Node NODE7 job proc (9.0.0) failed with status 3.
11/04/15 11:22:25 Node NODE7 job completed
11/04/15 11:22:25 Reassigning the id of job NODE18 from (11.0.0) to (11.0.0)
11/04/15 11:22:25 Event: ULOG_SUBMIT for HTCondor Node NODE18 (11.0.0)
11/04/15 11:22:25 Number of idle job procs: 2
11/04/15 11:22:25 DAG status: 0 (DAG_STATUS_OK)
11/04/15 11:22:25 Of 20 nodes total:
11/04/15 11:22:25  Done     Pre   Queued    Post   Ready   Un-Ready   Failed
11/04/15 11:22:25   ===     ===      ===     ===     ===        ===      ===
11/04/15 11:22:25     0       0        2       8      10          0        0
11/04/15 11:22:25 0 job proc(s) currently held
11/04/15 11:22:25 Note: 4 total POST script deferrals because of -MaxPost limit (4) or DEFER
11/04/15 11:22:25 SharedPortEndpoint: failed to open ./shared_port_ad: No such file or directory
11/04/15 11:22:25 SharedPortEndpoint: did not successfully find SharedPortServer address. Will retry in 60s.
11/04/15 11:22:30 Submitting HTCondor Node NODE17 job(s)...
11/04/15 11:22:30 Adding a DAGMan workflow log C:\condor\execute\dir_5468\userdir\condor_tests\.\job_dagman_maxpostscripts.dag.nodes.log
11/04/15 11:22:30 Masking the events recorded in the DAGMAN workflow log
11/04/15 11:22:30 Mask for workflow log is 0,1,2,4,5,7,9,10,11,12,13,16,17,24,27
11/04/15 11:22:30 submitting: C:\condor\execute\dir_5468\userdir\condor\bin\condor_submit.exe -a dag_node_name' '=' 'NODE17 -a +DAGManJobId' '=' '1 -a DAGManJobId' '=' '1 -a submit_event_notes' '=' 'DAG' 'Node:' 'NODE17 -a dagman_log' '=' 'C:\condor\execute\dir_5468\userdir\condor_tests\.\job_dagman_maxpostscripts.dag.nodes.log -a +DAGManNodesMask' '=' '"0,1,2,4,5,7,9,10,11,12,13,16,17,24,27" -a DAG_STATUS' '=' '0 -a FAILED_COUNT' '=' '0 -a +DAGParentNodeNames' '=' '"" -a notification' '=' 'never job_dagman_maxpostscripts.cmd
11/04/15 11:22:31 From submit: Submitting job(s).
11/04/15 11:22:31 From submit: 1 job(s) submitted to cluster 12.
11/04/15 11:22:31 	assigned HTCondor ID (12.0.0)
11/04/15 11:22:31 Submitting HTCondor Node NODE12 job(s)...
11/04/15 11:22:31 Adding a DAGMan workflow log C:\condor\execute\dir_5468\userdir\condor_tests\.\job_dagman_maxpostscripts.dag.nodes.log
11/04/15 11:22:31 Masking the events recorded in the DAGMAN workflow log
11/04/15 11:22:31 Mask for workflow log is 0,1,2,4,5,7,9,10,11,12,13,16,17,24,27
11/04/15 11:22:31 submitting: C:\condor\execute\dir_5468\userdir\condor\bin\condor_submit.exe -a dag_node_name' '=' 'NODE12 -a +DAGManJobId' '=' '1 -a DAGManJobId' '=' '1 -a submit_event_notes' '=' 'DAG' 'Node:' 'NODE12 -a dagman_log' '=' 'C:\condor\execute\dir_5468\userdir\condor_tests\.\job_dagman_maxpostscripts.dag.nodes.log -a +DAGManNodesMask' '=' '"0,1,2,4,5,7,9,10,11,12,13,16,17,24,27" -a DAG_STATUS' '=' '0 -a FAILED_COUNT' '=' '0 -a +DAGParentNodeNames' '=' '"" -a notification' '=' 'never job_dagman_maxpostscripts.cmd
11/04/15 11:22:33 From submit: Submitting job(s).
11/04/15 11:22:33 From submit: 1 job(s) submitted to cluster 13.
11/04/15 11:22:33 	assigned HTCondor ID (13.0.0)
11/04/15 11:22:33 Submitting HTCondor Node NODE13 job(s)...
11/04/15 11:22:33 Adding a DAGMan workflow log C:\condor\execute\dir_5468\userdir\condor_tests\.\job_dagman_maxpostscripts.dag.nodes.log
11/04/15 11:22:33 Masking the events recorded in the DAGMAN workflow log
11/04/15 11:22:33 Mask for workflow log is 0,1,2,4,5,7,9,10,11,12,13,16,17,24,27
11/04/15 11:22:33 submitting: C:\condor\execute\dir_5468\userdir\condor\bin\condor_submit.exe -a dag_node_name' '=' 'NODE13 -a +DAGManJobId' '=' '1 -a DAGManJobId' '=' '1 -a submit_event_notes' '=' 'DAG' 'Node:' 'NODE13 -a dagman_log' '=' 'C:\condor\execute\dir_5468\userdir\condor_tests\.\job_dagman_maxpostscripts.dag.nodes.log -a +DAGManNodesMask' '=' '"0,1,2,4,5,7,9,10,11,12,13,16,17,24,27" -a DAG_STATUS' '=' '0 -a FAILED_COUNT' '=' '0 -a +DAGParentNodeNames' '=' '"" -a notification' '=' 'never job_dagman_maxpostscripts.cmd
11/04/15 11:22:35 From submit: Submitting job(s).
11/04/15 11:22:35 From submit: 1 job(s) submitted to cluster 14.
11/04/15 11:22:35 	assigned HTCondor ID (14.0.0)
11/04/15 11:22:35 Submitting HTCondor Node NODE9 job(s)...
11/04/15 11:22:35 Adding a DAGMan workflow log C:\condor\execute\dir_5468\userdir\condor_tests\.\job_dagman_maxpostscripts.dag.nodes.log
11/04/15 11:22:35 Masking the events recorded in the DAGMAN workflow log
11/04/15 11:22:35 Mask for workflow log is 0,1,2,4,5,7,9,10,11,12,13,16,17,24,27
11/04/15 11:22:35 submitting: C:\condor\execute\dir_5468\userdir\condor\bin\condor_submit.exe -a dag_node_name' '=' 'NODE9 -a +DAGManJobId' '=' '1 -a DAGManJobId' '=' '1 -a submit_event_notes' '=' 'DAG' 'Node:' 'NODE9 -a dagman_log' '=' 'C:\condor\execute\dir_5468\userdir\condor_tests\.\job_dagman_maxpostscripts.dag.nodes.log -a +DAGManNodesMask' '=' '"0,1,2,4,5,7,9,10,11,12,13,16,17,24,27" -a DAG_STATUS' '=' '0 -a FAILED_COUNT' '=' '0 -a +DAGParentNodeNames' '=' '"" -a notification' '=' 'never job_dagman_maxpostscripts.cmd
11/04/15 11:22:37 From submit: Submitting job(s).
11/04/15 11:22:37 From submit: 1 job(s) submitted to cluster 15.
11/04/15 11:22:37 	assigned HTCondor ID (15.0.0)
11/04/15 11:22:37 Submitting HTCondor Node NODE14 job(s)...
11/04/15 11:22:37 Adding a DAGMan workflow log C:\condor\execute\dir_5468\userdir\condor_tests\.\job_dagman_maxpostscripts.dag.nodes.log
11/04/15 11:22:37 Masking the events recorded in the DAGMAN workflow log
11/04/15 11:22:37 Mask for workflow log is 0,1,2,4,5,7,9,10,11,12,13,16,17,24,27
11/04/15 11:22:37 submitting: C:\condor\execute\dir_5468\userdir\condor\bin\condor_submit.exe -a dag_node_name' '=' 'NODE14 -a +DAGManJobId' '=' '1 -a DAGManJobId' '=' '1 -a submit_event_notes' '=' 'DAG' 'Node:' 'NODE14 -a dagman_log' '=' 'C:\condor\execute\dir_5468\userdir\condor_tests\.\job_dagman_maxpostscripts.dag.nodes.log -a +DAGManNodesMask' '=' '"0,1,2,4,5,7,9,10,11,12,13,16,17,24,27" -a DAG_STATUS' '=' '0 -a FAILED_COUNT' '=' '0 -a +DAGParentNodeNames' '=' '"" -a notification' '=' 'never job_dagman_maxpostscripts.cmd
11/04/15 11:22:39 From submit: Submitting job(s).
11/04/15 11:22:39 From submit: 1 job(s) submitted to cluster 16.
11/04/15 11:22:39 	assigned HTCondor ID (16.0.0)
11/04/15 11:22:39 Just submitted 5 jobs this cycle...
11/04/15 11:22:39 Currently monitoring 1 HTCondor log file(s)
11/04/15 11:22:39 Event: ULOG_EXECUTE for HTCondor Node NODE6 (10.0.0)
11/04/15 11:22:39 Number of idle job procs: 1
11/04/15 11:22:39 Event: ULOG_JOB_TERMINATED for HTCondor Node NODE6 (10.0.0)
11/04/15 11:22:39 Number of idle job procs: 1
11/04/15 11:22:39 Node NODE6 job proc (10.0.0) failed with status 3.
11/04/15 11:22:39 Node NODE6 job completed
11/04/15 11:22:39 Event: ULOG_EXECUTE for HTCondor Node NODE18 (11.0.0)
11/04/15 11:22:39 Number of idle job procs: 0
11/04/15 11:22:39 Event: ULOG_JOB_TERMINATED for HTCondor Node NODE18 (11.0.0)
11/04/15 11:22:39 Number of idle job procs: 0
11/04/15 11:22:39 Node NODE18 job proc (11.0.0) failed with status 3.
11/04/15 11:22:39 Node NODE18 job completed
11/04/15 11:22:39 Reassigning the id of job NODE17 from (12.0.0) to (12.0.0)
11/04/15 11:22:39 Event: ULOG_SUBMIT for HTCondor Node NODE17 (12.0.0)
11/04/15 11:22:39 Number of idle job procs: 1
11/04/15 11:22:39 Reassigning the id of job NODE12 from (13.0.0) to (13.0.0)
11/04/15 11:22:39 Event: ULOG_SUBMIT for HTCondor Node NODE12 (13.0.0)
11/04/15 11:22:39 Number of idle job procs: 2
11/04/15 11:22:39 Reassigning the id of job NODE13 from (14.0.0) to (14.0.0)
11/04/15 11:22:39 Event: ULOG_SUBMIT for HTCondor Node NODE13 (14.0.0)
11/04/15 11:22:39 Number of idle job procs: 3
11/04/15 11:22:39 Reassigning the id of job NODE9 from (15.0.0) to (15.0.0)
11/04/15 11:22:39 Event: ULOG_SUBMIT for HTCondor Node NODE9 (15.0.0)
11/04/15 11:22:39 Number of idle job procs: 4
11/04/15 11:22:39 Reassigning the id of job NODE14 from (16.0.0) to (16.0.0)
11/04/15 11:22:39 Event: ULOG_SUBMIT for HTCondor Node NODE14 (16.0.0)
11/04/15 11:22:39 Number of idle job procs: 5
11/04/15 11:22:39 DAG status: 0 (DAG_STATUS_OK)
11/04/15 11:22:39 Of 20 nodes total:
11/04/15 11:22:39  Done     Pre   Queued    Post   Ready   Un-Ready   Failed
11/04/15 11:22:39   ===     ===      ===     ===     ===        ===      ===
11/04/15 11:22:39     0       0        5      10       5          0        0
11/04/15 11:22:39 0 job proc(s) currently held
11/04/15 11:22:39 Note: 7 total POST script deferrals because of -MaxPost limit (4) or DEFER
11/04/15 11:22:39 attempt to connect to <128.104.103.11:48272> failed: connect errno = 10048.  Will keep trying for 10 total seconds (10 to go).

11/04/15 11:22:41 Initializing user log writer for C:\condor\execute\dir_5468\userdir\condor_tests\.\job_dagman_maxpostscripts.dag.nodes.log, (3.0.0)
11/04/15 11:22:41 Running POST script of Node NODE5...
11/04/15 11:22:41 Initializing user log writer for C:\condor\execute\dir_5468\userdir\condor_tests\.\job_dagman_maxpostscripts.dag.nodes.log, (2.0.0)
11/04/15 11:22:41 Running POST script of Node NODE3...
11/04/15 11:22:41 Initializing user log writer for C:\condor\execute\dir_5468\userdir\condor_tests\.\job_dagman_maxpostscripts.dag.nodes.log, (4.0.0)
11/04/15 11:22:41 Running POST script of Node NODE7...
11/04/15 11:22:41 Initializing user log writer for C:\condor\execute\dir_5468\userdir\condor_tests\.\job_dagman_maxpostscripts.dag.nodes.log, (5.0.0)
11/04/15 11:22:41 Running POST script of Node NODE8...
11/04/15 11:22:46 Submitting HTCondor Node NODE11 job(s)...
11/04/15 11:22:46 Adding a DAGMan workflow log C:\condor\execute\dir_5468\userdir\condor_tests\.\job_dagman_maxpostscripts.dag.nodes.log
11/04/15 11:22:46 Masking the events recorded in the DAGMAN workflow log
11/04/15 11:22:46 Mask for workflow log is 0,1,2,4,5,7,9,10,11,12,13,16,17,24,27
11/04/15 11:22:46 submitting: C:\condor\execute\dir_5468\userdir\condor\bin\condor_submit.exe -a dag_node_name' '=' 'NODE11 -a +DAGManJobId' '=' '1 -a DAGManJobId' '=' '1 -a submit_event_notes' '=' 'DAG' 'Node:' 'NODE11 -a dagman_log' '=' 'C:\condor\execute\dir_5468\userdir\condor_tests\.\job_dagman_maxpostscripts.dag.nodes.log -a +DAGManNodesMask' '=' '"0,1,2,4,5,7,9,10,11,12,13,16,17,24,27" -a DAG_STATUS' '=' '0 -a FAILED_COUNT' '=' '0 -a +DAGParentNodeNames' '=' '"" -a notification' '=' 'never job_dagman_maxpostscripts.cmd
11/04/15 11:22:49 From submit: Submitting job(s).
11/04/15 11:22:49 From submit: 1 job(s) submitted to cluster 17.
11/04/15 11:22:49 	assigned HTCondor ID (17.0.0)
11/04/15 11:22:49 Submitting HTCondor Node NODE16 job(s)...
11/04/15 11:22:49 Adding a DAGMan workflow log C:\condor\execute\dir_5468\userdir\condor_tests\.\job_dagman_maxpostscripts.dag.nodes.log
11/04/15 11:22:49 Masking the events recorded in the DAGMAN workflow log
11/04/15 11:22:49 Mask for workflow log is 0,1,2,4,5,7,9,10,11,12,13,16,17,24,27
11/04/15 11:22:49 submitting: C:\condor\execute\dir_5468\userdir\condor\bin\condor_submit.exe -a dag_node_name' '=' 'NODE16 -a +DAGManJobId' '=' '1 -a DAGManJobId' '=' '1 -a submit_event_notes' '=' 'DAG' 'Node:' 'NODE16 -a dagman_log' '=' 'C:\condor\execute\dir_5468\userdir\condor_tests\.\job_dagman_maxpostscripts.dag.nodes.log -a +DAGManNodesMask' '=' '"0,1,2,4,5,7,9,10,11,12,13,16,17,24,27" -a DAG_STATUS' '=' '0 -a FAILED_COUNT' '=' '0 -a +DAGParentNodeNames' '=' '"" -a notification' '=' 'never job_dagman_maxpostscripts.cmd
11/04/15 11:22:51 From submit: Submitting job(s).
11/04/15 11:22:51 From submit: 1 job(s) submitted to cluster 18.
11/04/15 11:22:51 	assigned HTCondor ID (18.0.0)
11/04/15 11:22:51 Submitting HTCondor Node NODE10 job(s)...
11/04/15 11:22:51 Adding a DAGMan workflow log C:\condor\execute\dir_5468\userdir\condor_tests\.\job_dagman_maxpostscripts.dag.nodes.log
11/04/15 11:22:51 Masking the events recorded in the DAGMAN workflow log
11/04/15 11:22:51 Mask for workflow log is 0,1,2,4,5,7,9,10,11,12,13,16,17,24,27
11/04/15 11:22:51 submitting: C:\condor\execute\dir_5468\userdir\condor\bin\condor_submit.exe -a dag_node_name' '=' 'NODE10 -a +DAGManJobId' '=' '1 -a DAGManJobId' '=' '1 -a submit_event_notes' '=' 'DAG' 'Node:' 'NODE10 -a dagman_log' '=' 'C:\condor\execute\dir_5468\userdir\condor_tests\.\job_dagman_maxpostscripts.dag.nodes.log -a +DAGManNodesMask' '=' '"0,1,2,4,5,7,9,10,11,12,13,16,17,24,27" -a DAG_STATUS' '=' '0 -a FAILED_COUNT' '=' '0 -a +DAGParentNodeNames' '=' '"" -a notification' '=' 'never job_dagman_maxpostscripts.cmd
11/04/15 11:22:53 From submit: Submitting job(s).
11/04/15 11:22:53 From submit: 1 job(s) submitted to cluster 19.
11/04/15 11:22:53 	assigned HTCondor ID (19.0.0)
11/04/15 11:22:53 Submitting HTCondor Node NODE15 job(s)...
11/04/15 11:22:53 Adding a DAGMan workflow log C:\condor\execute\dir_5468\userdir\condor_tests\.\job_dagman_maxpostscripts.dag.nodes.log
11/04/15 11:22:53 Masking the events recorded in the DAGMAN workflow log
11/04/15 11:22:53 Mask for workflow log is 0,1,2,4,5,7,9,10,11,12,13,16,17,24,27
11/04/15 11:22:53 submitting: C:\condor\execute\dir_5468\userdir\condor\bin\condor_submit.exe -a dag_node_name' '=' 'NODE15 -a +DAGManJobId' '=' '1 -a DAGManJobId' '=' '1 -a submit_event_notes' '=' 'DAG' 'Node:' 'NODE15 -a dagman_log' '=' 'C:\condor\execute\dir_5468\userdir\condor_tests\.\job_dagman_maxpostscripts.dag.nodes.log -a +DAGManNodesMask' '=' '"0,1,2,4,5,7,9,10,11,12,13,16,17,24,27" -a DAG_STATUS' '=' '0 -a FAILED_COUNT' '=' '0 -a +DAGParentNodeNames' '=' '"" -a notification' '=' 'never job_dagman_maxpostscripts.cmd
11/04/15 11:22:55 From submit: Submitting job(s).
11/04/15 11:22:55 From submit: 1 job(s) submitted to cluster 20.
11/04/15 11:22:55 	assigned HTCondor ID (20.0.0)
11/04/15 11:22:55 Submitting HTCondor Node NODE19 job(s)...
11/04/15 11:22:55 Adding a DAGMan workflow log C:\condor\execute\dir_5468\userdir\condor_tests\.\job_dagman_maxpostscripts.dag.nodes.log
11/04/15 11:22:55 Masking the events recorded in the DAGMAN workflow log
11/04/15 11:22:55 Mask for workflow log is 0,1,2,4,5,7,9,10,11,12,13,16,17,24,27
11/04/15 11:22:55 submitting: C:\condor\execute\dir_5468\userdir\condor\bin\condor_submit.exe -a dag_node_name' '=' 'NODE19 -a +DAGManJobId' '=' '1 -a DAGManJobId' '=' '1 -a submit_event_notes' '=' 'DAG' 'Node:' 'NODE19 -a dagman_log' '=' 'C:\condor\execute\dir_5468\userdir\condor_tests\.\job_dagman_maxpostscripts.dag.nodes.log -a +DAGManNodesMask' '=' '"0,1,2,4,5,7,9,10,11,12,13,16,17,24,27" -a DAG_STATUS' '=' '0 -a FAILED_COUNT' '=' '0 -a +DAGParentNodeNames' '=' '"" -a notification' '=' 'never job_dagman_maxpostscripts.cmd
11/04/15 11:22:57 From submit: Submitting job(s).
11/04/15 11:22:57 From submit: 1 job(s) submitted to cluster 21.
11/04/15 11:22:57 	assigned HTCondor ID (21.0.0)
11/04/15 11:22:57 Just submitted 5 jobs this cycle...
11/04/15 11:22:57 Currently monitoring 1 HTCondor log file(s)
11/04/15 11:22:57 Event: ULOG_POST_SCRIPT_TERMINATED for HTCondor Node NODE1 (3.0.0)
11/04/15 11:22:57 POST Script of Node NODE1 completed successfully.
11/04/15 11:22:57 Event: ULOG_POST_SCRIPT_TERMINATED for HTCondor Node NODE0 (2.0.0)
11/04/15 11:22:57 POST Script of Node NODE0 completed successfully.
11/04/15 11:22:57 Event: ULOG_POST_SCRIPT_TERMINATED for HTCondor Node NODE2 (4.0.0)
11/04/15 11:22:57 POST Script of Node NODE2 completed successfully.
11/04/15 11:22:57 Event: ULOG_POST_SCRIPT_TERMINATED for HTCondor Node NODE4 (5.0.0)
11/04/15 11:22:57 POST Script of Node NODE4 completed successfully.
11/04/15 11:22:57 Event: ULOG_EXECUTE for HTCondor Node NODE17 (12.0.0)
11/04/15 11:22:57 Number of idle job procs: 4
11/04/15 11:22:57 Event: ULOG_EXECUTE for HTCondor Node NODE12 (13.0.0)
11/04/15 11:22:57 Number of idle job procs: 3
11/04/15 11:22:57 Event: ULOG_JOB_TERMINATED for HTCondor Node NODE17 (12.0.0)
11/04/15 11:22:57 Number of idle job procs: 3
11/04/15 11:22:57 Node NODE17 job proc (12.0.0) failed with status 3.
11/04/15 11:22:57 Node NODE17 job completed
11/04/15 11:22:57 Event: ULOG_EXECUTE for HTCondor Node NODE13 (14.0.0)
11/04/15 11:22:57 Number of idle job procs: 2
11/04/15 11:22:57 Event: ULOG_EXECUTE for HTCondor Node NODE9 (15.0.0)
11/04/15 11:22:57 Number of idle job procs: 1
11/04/15 11:22:57 Event: ULOG_JOB_TERMINATED for HTCondor Node NODE12 (13.0.0)
11/04/15 11:22:57 Number of idle job procs: 1
11/04/15 11:22:57 Node NODE12 job proc (13.0.0) failed with status 3.
11/04/15 11:22:57 Node NODE12 job completed
11/04/15 11:22:57 Event: ULOG_JOB_TERMINATED for HTCondor Node NODE9 (15.0.0)
11/04/15 11:22:57 Number of idle job procs: 1
11/04/15 11:22:57 Node NODE9 job proc (15.0.0) failed with status 3.
11/04/15 11:22:57 Node NODE9 job completed
11/04/15 11:22:57 Event: ULOG_EXECUTE for HTCondor Node NODE14 (16.0.0)
11/04/15 11:22:57 Number of idle job procs: 0
11/04/15 11:22:57 Event: ULOG_JOB_TERMINATED for HTCondor Node NODE14 (16.0.0)
11/04/15 11:22:57 Number of idle job procs: 0
11/04/15 11:22:57 Node NODE14 job proc (16.0.0) failed with status 3.
11/04/15 11:22:57 Node NODE14 job completed
11/04/15 11:22:57 Event: ULOG_JOB_TERMINATED for HTCondor Node NODE13 (14.0.0)
11/04/15 11:22:57 Number of idle job procs: 0
11/04/15 11:22:57 Node NODE13 job proc (14.0.0) failed with status 3.
11/04/15 11:22:57 Node NODE13 job completed
11/04/15 11:22:57 Reassigning the id of job NODE11 from (17.0.0) to (17.0.0)
11/04/15 11:22:57 Event: ULOG_SUBMIT for HTCondor Node NODE11 (17.0.0)
11/04/15 11:22:57 Number of idle job procs: 1
11/04/15 11:22:57 Reassigning the id of job NODE16 from (18.0.0) to (18.0.0)
11/04/15 11:22:57 Event: ULOG_SUBMIT for HTCondor Node NODE16 (18.0.0)
11/04/15 11:22:57 Number of idle job procs: 2
11/04/15 11:22:57 Reassigning the id of job NODE10 from (19.0.0) to (19.0.0)
11/04/15 11:22:57 Event: ULOG_SUBMIT for HTCondor Node NODE10 (19.0.0)
11/04/15 11:22:57 Number of idle job procs: 3
11/04/15 11:22:57 Reassigning the id of job NODE15 from (20.0.0) to (20.0.0)
11/04/15 11:22:57 Event: ULOG_SUBMIT for HTCondor Node NODE15 (20.0.0)
11/04/15 11:22:57 Number of idle job procs: 4
11/04/15 11:22:57 Reassigning the id of job NODE19 from (21.0.0) to (21.0.0)
11/04/15 11:22:57 Event: ULOG_SUBMIT for HTCondor Node NODE19 (21.0.0)
11/04/15 11:22:57 Number of idle job procs: 5
11/04/15 11:22:57 DAG status: 0 (DAG_STATUS_OK)
11/04/15 11:22:57 Of 20 nodes total:
11/04/15 11:22:57  Done     Pre   Queued    Post   Ready   Un-Ready   Failed
11/04/15 11:22:57   ===     ===      ===     ===     ===        ===      ===
11/04/15 11:22:57     4       0        5      11       0          0        0
11/04/15 11:22:57 0 job proc(s) currently held
11/04/15 11:22:57 Note: 13 total POST script deferrals because of -MaxPost limit (4) or DEFER
11/04/15 11:22:57 Initializing user log writer for C:\condor\execute\dir_5468\userdir\condor_tests\.\job_dagman_maxpostscripts.dag.nodes.log, (8.0.0)
11/04/15 11:22:57 Running POST script of Node NODE18...
11/04/15 11:22:57 Initializing user log writer for C:\condor\execute\dir_5468\userdir\condor_tests\.\job_dagman_maxpostscripts.dag.nodes.log, (6.0.0)
11/04/15 11:22:57 Running POST script of Node NODE6...
11/04/15 11:22:57 Initializing user log writer for C:\condor\execute\dir_5468\userdir\condor_tests\.\job_dagman_maxpostscripts.dag.nodes.log, (9.0.0)
11/04/15 11:22:57 Running POST script of Node NODE17...
11/04/15 11:22:57 Initializing user log writer for C:\condor\execute\dir_5468\userdir\condor_tests\.\job_dagman_maxpostscripts.dag.nodes.log, (7.0.0)
11/04/15 11:22:57 Running POST script of Node NODE12...
11/04/15 11:23:02 Currently monitoring 1 HTCondor log file(s)
11/04/15 11:23:02 Event: ULOG_POST_SCRIPT_TERMINATED for HTCondor Node NODE5 (8.0.0)
11/04/15 11:23:02 POST Script of Node NODE5 completed successfully.
11/04/15 11:23:02 Event: ULOG_POST_SCRIPT_TERMINATED for HTCondor Node NODE3 (6.0.0)
11/04/15 11:23:02 POST Script of Node NODE3 completed successfully.
11/04/15 11:23:02 Event: ULOG_POST_SCRIPT_TERMINATED for HTCondor Node NODE7 (9.0.0)
11/04/15 11:23:02 POST Script of Node NODE7 completed successfully.
11/04/15 11:23:02 Event: ULOG_POST_SCRIPT_TERMINATED for HTCondor Node NODE8 (7.0.0)
11/04/15 11:23:02 POST Script of Node NODE8 completed successfully.
11/04/15 11:23:02 DAG status: 0 (DAG_STATUS_OK)
11/04/15 11:23:02 Of 20 nodes total:
11/04/15 11:23:02  Done     Pre   Queued    Post   Ready   Un-Ready   Failed
11/04/15 11:23:02   ===     ===      ===     ===     ===        ===      ===
11/04/15 11:23:02     8       0        5       7       0          0        0
11/04/15 11:23:02 0 job proc(s) currently held
11/04/15 11:23:02 Note: 14 total POST script deferrals because of -MaxPost limit (4) or DEFER
11/04/15 11:23:07 Currently monitoring 1 HTCondor log file(s)
11/04/15 11:23:07 Event: ULOG_EXECUTE for HTCondor Node NODE11 (17.0.0)
11/04/15 11:23:07 Number of idle job procs: 4
11/04/15 11:23:07 Event: ULOG_EXECUTE for HTCondor Node NODE16 (18.0.0)
11/04/15 11:23:07 Number of idle job procs: 3
11/04/15 11:23:07 Event: ULOG_JOB_TERMINATED for HTCondor Node NODE11 (17.0.0)
11/04/15 11:23:07 Number of idle job procs: 3
11/04/15 11:23:07 Node NODE11 job proc (17.0.0) failed with status 3.
11/04/15 11:23:07 Node NODE11 job completed
11/04/15 11:23:07 Event: ULOG_EXECUTE for HTCondor Node NODE10 (19.0.0)
11/04/15 11:23:07 Number of idle job procs: 2
11/04/15 11:23:07 Event: ULOG_JOB_TERMINATED for HTCondor Node NODE16 (18.0.0)
11/04/15 11:23:07 Number of idle job procs: 2
11/04/15 11:23:07 Node NODE16 job proc (18.0.0) failed with status 3.
11/04/15 11:23:07 Node NODE16 job completed
11/04/15 11:23:07 Event: ULOG_EXECUTE for HTCondor Node NODE15 (20.0.0)
11/04/15 11:23:07 Number of idle job procs: 1
11/04/15 11:23:07 Event: ULOG_JOB_TERMINATED for HTCondor Node NODE10 (19.0.0)
11/04/15 11:23:07 Number of idle job procs: 1
11/04/15 11:23:07 Node NODE10 job proc (19.0.0) failed with status 3.
11/04/15 11:23:07 Node NODE10 job completed
11/04/15 11:23:07 Event: ULOG_EXECUTE for HTCondor Node NODE19 (21.0.0)
11/04/15 11:23:07 Number of idle job procs: 0
11/04/15 11:23:07 DAG status: 0 (DAG_STATUS_OK)
11/04/15 11:23:07 Of 20 nodes total:
11/04/15 11:23:07  Done     Pre   Queued    Post   Ready   Un-Ready   Failed
11/04/15 11:23:07   ===     ===      ===     ===     ===        ===      ===
11/04/15 11:23:07     8       0        2      10       0          0        0
11/04/15 11:23:07 0 job proc(s) currently held
11/04/15 11:23:07 Note: 18 total POST script deferrals because of -MaxPost limit (4) or DEFER
11/04/15 11:23:13 Currently monitoring 1 HTCondor log file(s)
11/04/15 11:23:13 Event: ULOG_JOB_TERMINATED for HTCondor Node NODE19 (21.0.0)
11/04/15 11:23:13 Number of idle job procs: 0
11/04/15 11:23:13 Node NODE19 job proc (21.0.0) failed with status 3.
11/04/15 11:23:13 Node NODE19 job completed
11/04/15 11:23:13 Event: ULOG_JOB_TERMINATED for HTCondor Node NODE15 (20.0.0)
11/04/15 11:23:13 Number of idle job procs: 0
11/04/15 11:23:13 Node NODE15 job proc (20.0.0) failed with status 3.
11/04/15 11:23:13 Node NODE15 job completed
11/04/15 11:23:13 DAG status: 0 (DAG_STATUS_OK)
11/04/15 11:23:13 Of 20 nodes total:
11/04/15 11:23:13  Done     Pre   Queued    Post   Ready   Un-Ready   Failed
11/04/15 11:23:13   ===     ===      ===     ===     ===        ===      ===
11/04/15 11:23:13     8       0        0      12       0          0        0
11/04/15 11:23:13 0 job proc(s) currently held
11/04/15 11:23:13 Note: 21 total POST script deferrals because of -MaxPost limit (4) or DEFER
