12/10/14 12:25:27 ******************************************************
12/10/14 12:25:28 ** condor_scheduniv_exec.1.0 (CONDOR_DAGMAN) STARTING UP
12/10/14 12:25:28 ** C:\condor\execute\dir_38356\userdir\condor\bin\condor_dagman.exe
12/10/14 12:25:28 ** SubsystemInfo: name=DAGMAN type=DAGMAN(10) class=DAEMON(1)
12/10/14 12:25:28 ** Configuration: subsystem:DAGMAN local:<NONE> class:DAEMON
12/10/14 12:25:28 ** $CondorVersion: 8.2.6 Dec 10 2014 BuildID: 287355 $
12/10/14 12:25:28 ** $CondorPlatform: x86_64_Windows8 $
12/10/14 12:25:28 ** PID = 45036
12/10/14 12:25:28 ** Log last touched time unavailable (No such file or directory)
12/10/14 12:25:28 ******************************************************
12/10/14 12:25:28 Using config source: C:/condor/execute/dir_38356/userdir/condor_tests/remote_task.saveme/20376/20376remotetaskjob_dagman_maxprescripts\condor_config
12/10/14 12:25:28 Using local config sources: 
12/10/14 12:25:28    C:\condor\execute\dir_38356\userdir\condor_tests\remote_task.saveme\20376\20376remotetaskjob_dagman_maxprescripts\condor_config.local
12/10/14 12:25:28 config Macros = 64, Sorted = 63, StringBytes = 2538, TablesBytes = 1816
12/10/14 12:25:28 CLASSAD_CACHING is OFF
12/10/14 12:25:28 Daemon Log is logging: D_ALWAYS D_ERROR
12/10/14 12:25:28 DaemonCore: command socket at <128.104.103.11:3357>
12/10/14 12:25:28 DaemonCore: private command socket at <128.104.103.11:3357>
12/10/14 12:25:28 DAGMAN_USE_STRICT setting: 1
12/10/14 12:25:28 DAGMAN_VERBOSITY setting: 3
12/10/14 12:25:28 DAGMAN_DEBUG_CACHE_SIZE setting: 5242880
12/10/14 12:25:28 DAGMAN_DEBUG_CACHE_ENABLE setting: False
12/10/14 12:25:28 DAGMAN_SUBMIT_DELAY setting: 0
12/10/14 12:25:28 DAGMAN_MAX_SUBMIT_ATTEMPTS setting: 6
12/10/14 12:25:28 DAGMAN_STARTUP_CYCLE_DETECT setting: False
12/10/14 12:25:28 DAGMAN_MAX_SUBMITS_PER_INTERVAL setting: 5
12/10/14 12:25:28 DAGMAN_USER_LOG_SCAN_INTERVAL setting: 5
12/10/14 12:25:28 DAGMAN_DEFAULT_PRIORITY setting: 0
12/10/14 12:25:28 DAGMAN_ALWAYS_USE_NODE_LOG setting: True
12/10/14 12:25:28 DAGMAN_SUPPRESS_NOTIFICATION setting: True
12/10/14 12:25:28 allow_events (DAGMAN_IGNORE_DUPLICATE_JOB_EXECUTION, DAGMAN_ALLOW_EVENTS) setting: 114
12/10/14 12:25:28 DAGMAN_RETRY_SUBMIT_FIRST setting: True
12/10/14 12:25:28 DAGMAN_RETRY_NODE_FIRST setting: False
12/10/14 12:25:28 DAGMAN_MAX_JOBS_IDLE setting: 0
12/10/14 12:25:28 DAGMAN_MAX_JOBS_SUBMITTED setting: 0
12/10/14 12:25:28 DAGMAN_MAX_PRE_SCRIPTS setting: 0
12/10/14 12:25:28 DAGMAN_MAX_POST_SCRIPTS setting: 0
12/10/14 12:25:28 DAGMAN_ALLOW_LOG_ERROR setting: False
12/10/14 12:25:28 DAGMAN_MUNGE_NODE_NAMES setting: True
12/10/14 12:25:28 DAGMAN_PROHIBIT_MULTI_JOBS setting: False
12/10/14 12:25:28 DAGMAN_SUBMIT_DEPTH_FIRST setting: False
12/10/14 12:25:28 DAGMAN_ALWAYS_RUN_POST setting: True
12/10/14 12:25:28 DAGMAN_ABORT_DUPLICATES setting: True
12/10/14 12:25:28 DAGMAN_ABORT_ON_SCARY_SUBMIT setting: True
12/10/14 12:25:28 DAGMAN_PENDING_REPORT_INTERVAL setting: 600
12/10/14 12:25:28 DAGMAN_AUTO_RESCUE setting: True
12/10/14 12:25:28 DAGMAN_MAX_RESCUE_NUM setting: 100
12/10/14 12:25:28 DAGMAN_WRITE_PARTIAL_RESCUE setting: True
12/10/14 12:25:28 DAGMAN_DEFAULT_NODE_LOG setting: @(DAG_DIR)/@(DAG_FILE).nodes.log
12/10/14 12:25:28 DAGMAN_GENERATE_SUBDAG_SUBMITS setting: True
12/10/14 12:25:28 DAGMAN_MAX_JOB_HOLDS setting: 100
12/10/14 12:25:28 DAGMAN_HOLD_CLAIM_TIME setting: 20
12/10/14 12:25:28 ALL_DEBUG setting: D_ALWAYS
12/10/14 12:25:28 DAGMAN_DEBUG setting: 
12/10/14 12:25:28 argv[0] == "condor_scheduniv_exec.1.0"
12/10/14 12:25:28 argv[1] == "-Lockfile"
12/10/14 12:25:28 argv[2] == "job_dagman_maxprescripts.dag.lock"
12/10/14 12:25:28 argv[3] == "-AutoRescue"
12/10/14 12:25:28 argv[4] == "1"
12/10/14 12:25:28 argv[5] == "-DoRescueFrom"
12/10/14 12:25:28 argv[6] == "0"
12/10/14 12:25:28 argv[7] == "-Dag"
12/10/14 12:25:28 argv[8] == "job_dagman_maxprescripts.dag"
12/10/14 12:25:28 argv[9] == "-MaxPre"
12/10/14 12:25:28 argv[10] == "4"
12/10/14 12:25:28 argv[11] == "-Suppress_notification"
12/10/14 12:25:28 argv[12] == "-CsdVersion"
12/10/14 12:25:28 argv[13] == "$CondorVersion: 8.2.6 Dec 10 2014 BuildID: 287355 $"
12/10/14 12:25:28 argv[14] == "-Verbose"
12/10/14 12:25:28 argv[15] == "-Force"
12/10/14 12:25:28 argv[16] == "-Notification"
12/10/14 12:25:28 argv[17] == "never"
12/10/14 12:25:28 argv[18] == "-Dagman"
12/10/14 12:25:28 argv[19] == "C:\condor\execute\dir_38356\userdir\condor\bin\condor_dagman.exe"
12/10/14 12:25:28 Default node log file is: <C:\condor\execute\dir_38356\userdir\condor_tests\./job_dagman_maxprescripts.dag.nodes.log>
12/10/14 12:25:28 DAG Lockfile will be written to job_dagman_maxprescripts.dag.lock
12/10/14 12:25:28 DAG Input file is job_dagman_maxprescripts.dag
12/10/14 12:25:28 Ignoring value of DAGMAN_LOG_ON_NFS_IS_ERROR.
12/10/14 12:25:28 Parsing 1 dagfiles
12/10/14 12:25:28 Parsing job_dagman_maxprescripts.dag ...
12/10/14 12:25:28 Dag contains 20 total jobs
12/10/14 12:25:28 Sleeping for 12 seconds to ensure ProcessId uniqueness
12/10/14 12:25:40 Warning: ProcessId not confirmed unique
12/10/14 12:25:40 Bootstrapping...
12/10/14 12:25:40 Number of pre-completed nodes: 0
12/10/14 12:25:40 Running PRE script of Node NODE0...
12/10/14 12:25:40 Running PRE script of Node NODE1...
12/10/14 12:25:40 Running PRE script of Node NODE2...
12/10/14 12:25:40 Running PRE script of Node NODE3...
12/10/14 12:25:40 Of 20 nodes total:
12/10/14 12:25:40  Done     Pre   Queued    Post   Ready   Un-Ready   Failed
12/10/14 12:25:40   ===     ===      ===     ===     ===        ===      ===
12/10/14 12:25:40     0      20        0       0       0          0        0
12/10/14 12:25:40 0 job proc(s) currently held
12/10/14 12:25:40 Note: 16 total PRE script deferrals because of -MaxPre limit (4)
12/10/14 12:25:40 Registering condor_event_timer...
12/10/14 12:25:40 PRE Script of Node NODE1 completed successfully.
12/10/14 12:25:40 Running PRE script of Node NODE4...
12/10/14 12:25:40 PRE Script of Node NODE0 completed successfully.
12/10/14 12:25:40 Running PRE script of Node NODE5...
12/10/14 12:25:40 PRE Script of Node NODE3 completed successfully.
12/10/14 12:25:40 Running PRE script of Node NODE6...
12/10/14 12:25:40 PRE Script of Node NODE2 completed successfully.
12/10/14 12:25:40 Running PRE script of Node NODE7...
12/10/14 12:25:40 PRE Script of Node NODE4 completed successfully.
12/10/14 12:25:40 Running PRE script of Node NODE8...
12/10/14 12:25:40 PRE Script of Node NODE5 completed successfully.
12/10/14 12:25:40 Running PRE script of Node NODE9...
12/10/14 12:25:40 PRE Script of Node NODE6 completed successfully.
12/10/14 12:25:40 Running PRE script of Node NODE10...
12/10/14 12:25:40 PRE Script of Node NODE7 completed successfully.
12/10/14 12:25:40 Running PRE script of Node NODE11...
12/10/14 12:25:40 PRE Script of Node NODE8 completed successfully.
12/10/14 12:25:40 Running PRE script of Node NODE12...
12/10/14 12:25:40 PRE Script of Node NODE9 completed successfully.
12/10/14 12:25:40 Running PRE script of Node NODE13...
12/10/14 12:25:40 PRE Script of Node NODE10 completed successfully.
12/10/14 12:25:40 Running PRE script of Node NODE14...
12/10/14 12:25:40 PRE Script of Node NODE11 completed successfully.
12/10/14 12:25:40 Running PRE script of Node NODE15...
12/10/14 12:25:40 PRE Script of Node NODE12 completed successfully.
12/10/14 12:25:40 Running PRE script of Node NODE16...
12/10/14 12:25:40 PRE Script of Node NODE13 completed successfully.
12/10/14 12:25:40 Running PRE script of Node NODE17...
12/10/14 12:25:40 PRE Script of Node NODE14 completed successfully.
12/10/14 12:25:40 Running PRE script of Node NODE18...
12/10/14 12:25:40 PRE Script of Node NODE15 completed successfully.
12/10/14 12:25:40 Running PRE script of Node NODE19...
12/10/14 12:25:40 PRE Script of Node NODE16 completed successfully.
12/10/14 12:25:40 PRE Script of Node NODE17 completed successfully.
12/10/14 12:25:40 PRE Script of Node NODE18 completed successfully.
12/10/14 12:25:40 PRE Script of Node NODE19 completed successfully.
12/10/14 12:25:41 MultiLogFiles: truncating log file C:\condor\execute\dir_38356\userdir\condor_tests\./job_dagman_maxprescripts.dag.nodes.log
12/10/14 12:25:41 Submitting Condor Node NODE1 job(s)...
12/10/14 12:25:41 Adding a DAGMan auxiliary log C:\condor\execute\dir_38356\userdir\condor_tests\./job_dagman_maxprescripts.dag.nodes.log
12/10/14 12:25:41 Masking the events recorded in the DAGMAN auxiliary log
12/10/14 12:25:41 Mask for auxiliary log is 0,1,2,4,5,7,9,10,11,12,13,16,17,24,27
12/10/14 12:25:41 submitting: condor_submit -a dag_node_name' '=' 'NODE1 -a +DAGManJobId' '=' '1 -a DAGManJobId' '=' '1 -a submit_event_notes' '=' 'DAG' 'Node:' 'NODE1 -a dagman_log' '=' 'C:\condor\execute\dir_38356\userdir\condor_tests\./job_dagman_maxprescripts.dag.nodes.log -a +DAGManNodesMask' '=' '"0,1,2,4,5,7,9,10,11,12,13,16,17,24,27" -a DAG_STATUS' '=' '0 -a FAILED_COUNT' '=' '0 -a +DAGParentNodeNames' '=' '"" -a notification' '=' 'never job_dagman_maxprescripts-node.cmd
12/10/14 12:25:41 From submit: Submitting job(s).
12/10/14 12:25:41 From submit: 1 job(s) submitted to cluster 2.
12/10/14 12:25:41 	assigned Condor ID (2.0.0)
12/10/14 12:25:41 Submitting Condor Node NODE0 job(s)...
12/10/14 12:25:41 Adding a DAGMan auxiliary log C:\condor\execute\dir_38356\userdir\condor_tests\./job_dagman_maxprescripts.dag.nodes.log
12/10/14 12:25:41 Masking the events recorded in the DAGMAN auxiliary log
12/10/14 12:25:41 Mask for auxiliary log is 0,1,2,4,5,7,9,10,11,12,13,16,17,24,27
12/10/14 12:25:41 submitting: condor_submit -a dag_node_name' '=' 'NODE0 -a +DAGManJobId' '=' '1 -a DAGManJobId' '=' '1 -a submit_event_notes' '=' 'DAG' 'Node:' 'NODE0 -a dagman_log' '=' 'C:\condor\execute\dir_38356\userdir\condor_tests\./job_dagman_maxprescripts.dag.nodes.log -a +DAGManNodesMask' '=' '"0,1,2,4,5,7,9,10,11,12,13,16,17,24,27" -a DAG_STATUS' '=' '0 -a FAILED_COUNT' '=' '0 -a +DAGParentNodeNames' '=' '"" -a notification' '=' 'never job_dagman_maxprescripts-node.cmd
12/10/14 12:25:41 From submit: Submitting job(s).
12/10/14 12:25:41 From submit: 1 job(s) submitted to cluster 3.
12/10/14 12:25:41 	assigned Condor ID (3.0.0)
12/10/14 12:25:41 Submitting Condor Node NODE3 job(s)...
12/10/14 12:25:41 Adding a DAGMan auxiliary log C:\condor\execute\dir_38356\userdir\condor_tests\./job_dagman_maxprescripts.dag.nodes.log
12/10/14 12:25:41 Masking the events recorded in the DAGMAN auxiliary log
12/10/14 12:25:41 Mask for auxiliary log is 0,1,2,4,5,7,9,10,11,12,13,16,17,24,27
12/10/14 12:25:41 submitting: condor_submit -a dag_node_name' '=' 'NODE3 -a +DAGManJobId' '=' '1 -a DAGManJobId' '=' '1 -a submit_event_notes' '=' 'DAG' 'Node:' 'NODE3 -a dagman_log' '=' 'C:\condor\execute\dir_38356\userdir\condor_tests\./job_dagman_maxprescripts.dag.nodes.log -a +DAGManNodesMask' '=' '"0,1,2,4,5,7,9,10,11,12,13,16,17,24,27" -a DAG_STATUS' '=' '0 -a FAILED_COUNT' '=' '0 -a +DAGParentNodeNames' '=' '"" -a notification' '=' 'never job_dagman_maxprescripts-node.cmd
12/10/14 12:25:43 From submit: Submitting job(s).
12/10/14 12:25:43 From submit: 1 job(s) submitted to cluster 4.
12/10/14 12:25:43 	assigned Condor ID (4.0.0)
12/10/14 12:25:43 Submitting Condor Node NODE2 job(s)...
12/10/14 12:25:43 Adding a DAGMan auxiliary log C:\condor\execute\dir_38356\userdir\condor_tests\./job_dagman_maxprescripts.dag.nodes.log
12/10/14 12:25:43 Masking the events recorded in the DAGMAN auxiliary log
12/10/14 12:25:43 Mask for auxiliary log is 0,1,2,4,5,7,9,10,11,12,13,16,17,24,27
12/10/14 12:25:43 submitting: condor_submit -a dag_node_name' '=' 'NODE2 -a +DAGManJobId' '=' '1 -a DAGManJobId' '=' '1 -a submit_event_notes' '=' 'DAG' 'Node:' 'NODE2 -a dagman_log' '=' 'C:\condor\execute\dir_38356\userdir\condor_tests\./job_dagman_maxprescripts.dag.nodes.log -a +DAGManNodesMask' '=' '"0,1,2,4,5,7,9,10,11,12,13,16,17,24,27" -a DAG_STATUS' '=' '0 -a FAILED_COUNT' '=' '0 -a +DAGParentNodeNames' '=' '"" -a notification' '=' 'never job_dagman_maxprescripts-node.cmd
12/10/14 12:25:46 From submit: Submitting job(s).
12/10/14 12:25:46 From submit: 1 job(s) submitted to cluster 5.
12/10/14 12:25:46 	assigned Condor ID (5.0.0)
12/10/14 12:25:46 Submitting Condor Node NODE4 job(s)...
12/10/14 12:25:46 Adding a DAGMan auxiliary log C:\condor\execute\dir_38356\userdir\condor_tests\./job_dagman_maxprescripts.dag.nodes.log
12/10/14 12:25:46 Masking the events recorded in the DAGMAN auxiliary log
12/10/14 12:25:46 Mask for auxiliary log is 0,1,2,4,5,7,9,10,11,12,13,16,17,24,27
12/10/14 12:25:46 submitting: condor_submit -a dag_node_name' '=' 'NODE4 -a +DAGManJobId' '=' '1 -a DAGManJobId' '=' '1 -a submit_event_notes' '=' 'DAG' 'Node:' 'NODE4 -a dagman_log' '=' 'C:\condor\execute\dir_38356\userdir\condor_tests\./job_dagman_maxprescripts.dag.nodes.log -a +DAGManNodesMask' '=' '"0,1,2,4,5,7,9,10,11,12,13,16,17,24,27" -a DAG_STATUS' '=' '0 -a FAILED_COUNT' '=' '0 -a +DAGParentNodeNames' '=' '"" -a notification' '=' 'never job_dagman_maxprescripts-node.cmd
12/10/14 12:25:48 From submit: Submitting job(s).
12/10/14 12:25:48 From submit: 1 job(s) submitted to cluster 6.
12/10/14 12:25:48 	assigned Condor ID (6.0.0)
12/10/14 12:25:48 Just submitted 5 jobs this cycle...
12/10/14 12:25:48 Currently monitoring 1 Condor log file(s)
12/10/14 12:25:48 Reassigning the id of job NODE1 from (2.0.0) to (2.0.0)
12/10/14 12:25:48 Event: ULOG_SUBMIT for Condor Node NODE1 (2.0.0)
12/10/14 12:25:48 Number of idle job procs: 1
12/10/14 12:25:48 Reassigning the id of job NODE0 from (3.0.0) to (3.0.0)
12/10/14 12:25:48 Event: ULOG_SUBMIT for Condor Node NODE0 (3.0.0)
12/10/14 12:25:48 Number of idle job procs: 2
12/10/14 12:25:48 Reassigning the id of job NODE3 from (4.0.0) to (4.0.0)
12/10/14 12:25:48 Event: ULOG_SUBMIT for Condor Node NODE3 (4.0.0)
12/10/14 12:25:48 Number of idle job procs: 3
12/10/14 12:25:48 Reassigning the id of job NODE2 from (5.0.0) to (5.0.0)
12/10/14 12:25:48 Event: ULOG_SUBMIT for Condor Node NODE2 (5.0.0)
12/10/14 12:25:48 Number of idle job procs: 4
12/10/14 12:25:48 Reassigning the id of job NODE4 from (6.0.0) to (6.0.0)
12/10/14 12:25:48 Event: ULOG_SUBMIT for Condor Node NODE4 (6.0.0)
12/10/14 12:25:48 Number of idle job procs: 5
12/10/14 12:25:48 Of 20 nodes total:
12/10/14 12:25:48  Done     Pre   Queued    Post   Ready   Un-Ready   Failed
12/10/14 12:25:48   ===     ===      ===     ===     ===        ===      ===
12/10/14 12:25:48     0       0        5       0      15          0        0
12/10/14 12:25:48 0 job proc(s) currently held
12/10/14 12:25:48 Note: 16 total PRE script deferrals because of -MaxPre limit (4)
12/10/14 12:25:53 Submitting Condor Node NODE5 job(s)...
12/10/14 12:25:53 Adding a DAGMan auxiliary log C:\condor\execute\dir_38356\userdir\condor_tests\./job_dagman_maxprescripts.dag.nodes.log
12/10/14 12:25:53 Masking the events recorded in the DAGMAN auxiliary log
12/10/14 12:25:53 Mask for auxiliary log is 0,1,2,4,5,7,9,10,11,12,13,16,17,24,27
12/10/14 12:25:53 submitting: condor_submit -a dag_node_name' '=' 'NODE5 -a +DAGManJobId' '=' '1 -a DAGManJobId' '=' '1 -a submit_event_notes' '=' 'DAG' 'Node:' 'NODE5 -a dagman_log' '=' 'C:\condor\execute\dir_38356\userdir\condor_tests\./job_dagman_maxprescripts.dag.nodes.log -a +DAGManNodesMask' '=' '"0,1,2,4,5,7,9,10,11,12,13,16,17,24,27" -a DAG_STATUS' '=' '0 -a FAILED_COUNT' '=' '0 -a +DAGParentNodeNames' '=' '"" -a notification' '=' 'never job_dagman_maxprescripts-node.cmd
12/10/14 12:25:55 From submit: Submitting job(s).
12/10/14 12:25:55 From submit: 1 job(s) submitted to cluster 7.
12/10/14 12:25:55 	assigned Condor ID (7.0.0)
12/10/14 12:25:55 Submitting Condor Node NODE6 job(s)...
12/10/14 12:25:55 Adding a DAGMan auxiliary log C:\condor\execute\dir_38356\userdir\condor_tests\./job_dagman_maxprescripts.dag.nodes.log
12/10/14 12:25:55 Masking the events recorded in the DAGMAN auxiliary log
12/10/14 12:25:55 Mask for auxiliary log is 0,1,2,4,5,7,9,10,11,12,13,16,17,24,27
12/10/14 12:25:55 submitting: condor_submit -a dag_node_name' '=' 'NODE6 -a +DAGManJobId' '=' '1 -a DAGManJobId' '=' '1 -a submit_event_notes' '=' 'DAG' 'Node:' 'NODE6 -a dagman_log' '=' 'C:\condor\execute\dir_38356\userdir\condor_tests\./job_dagman_maxprescripts.dag.nodes.log -a +DAGManNodesMask' '=' '"0,1,2,4,5,7,9,10,11,12,13,16,17,24,27" -a DAG_STATUS' '=' '0 -a FAILED_COUNT' '=' '0 -a +DAGParentNodeNames' '=' '"" -a notification' '=' 'never job_dagman_maxprescripts-node.cmd
12/10/14 12:25:55 From submit: Submitting job(s).
12/10/14 12:25:55 From submit: 1 job(s) submitted to cluster 8.
12/10/14 12:25:55 	assigned Condor ID (8.0.0)
12/10/14 12:25:55 Submitting Condor Node NODE7 job(s)...
12/10/14 12:25:55 Adding a DAGMan auxiliary log C:\condor\execute\dir_38356\userdir\condor_tests\./job_dagman_maxprescripts.dag.nodes.log
12/10/14 12:25:55 Masking the events recorded in the DAGMAN auxiliary log
12/10/14 12:25:55 Mask for auxiliary log is 0,1,2,4,5,7,9,10,11,12,13,16,17,24,27
12/10/14 12:25:55 submitting: condor_submit -a dag_node_name' '=' 'NODE7 -a +DAGManJobId' '=' '1 -a DAGManJobId' '=' '1 -a submit_event_notes' '=' 'DAG' 'Node:' 'NODE7 -a dagman_log' '=' 'C:\condor\execute\dir_38356\userdir\condor_tests\./job_dagman_maxprescripts.dag.nodes.log -a +DAGManNodesMask' '=' '"0,1,2,4,5,7,9,10,11,12,13,16,17,24,27" -a DAG_STATUS' '=' '0 -a FAILED_COUNT' '=' '0 -a +DAGParentNodeNames' '=' '"" -a notification' '=' 'never job_dagman_maxprescripts-node.cmd
12/10/14 12:25:57 From submit: Submitting job(s).
12/10/14 12:25:57 From submit: 1 job(s) submitted to cluster 9.
12/10/14 12:25:57 	assigned Condor ID (9.0.0)
12/10/14 12:25:57 Submitting Condor Node NODE8 job(s)...
12/10/14 12:25:57 Adding a DAGMan auxiliary log C:\condor\execute\dir_38356\userdir\condor_tests\./job_dagman_maxprescripts.dag.nodes.log
12/10/14 12:25:57 Masking the events recorded in the DAGMAN auxiliary log
12/10/14 12:25:57 Mask for auxiliary log is 0,1,2,4,5,7,9,10,11,12,13,16,17,24,27
12/10/14 12:25:57 submitting: condor_submit -a dag_node_name' '=' 'NODE8 -a +DAGManJobId' '=' '1 -a DAGManJobId' '=' '1 -a submit_event_notes' '=' 'DAG' 'Node:' 'NODE8 -a dagman_log' '=' 'C:\condor\execute\dir_38356\userdir\condor_tests\./job_dagman_maxprescripts.dag.nodes.log -a +DAGManNodesMask' '=' '"0,1,2,4,5,7,9,10,11,12,13,16,17,24,27" -a DAG_STATUS' '=' '0 -a FAILED_COUNT' '=' '0 -a +DAGParentNodeNames' '=' '"" -a notification' '=' 'never job_dagman_maxprescripts-node.cmd
12/10/14 12:25:57 From submit: Submitting job(s).
12/10/14 12:25:57 From submit: 1 job(s) submitted to cluster 10.
12/10/14 12:25:57 	assigned Condor ID (10.0.0)
12/10/14 12:25:57 Submitting Condor Node NODE9 job(s)...
12/10/14 12:25:57 Adding a DAGMan auxiliary log C:\condor\execute\dir_38356\userdir\condor_tests\./job_dagman_maxprescripts.dag.nodes.log
12/10/14 12:25:57 Masking the events recorded in the DAGMAN auxiliary log
12/10/14 12:25:57 Mask for auxiliary log is 0,1,2,4,5,7,9,10,11,12,13,16,17,24,27
12/10/14 12:25:57 submitting: condor_submit -a dag_node_name' '=' 'NODE9 -a +DAGManJobId' '=' '1 -a DAGManJobId' '=' '1 -a submit_event_notes' '=' 'DAG' 'Node:' 'NODE9 -a dagman_log' '=' 'C:\condor\execute\dir_38356\userdir\condor_tests\./job_dagman_maxprescripts.dag.nodes.log -a +DAGManNodesMask' '=' '"0,1,2,4,5,7,9,10,11,12,13,16,17,24,27" -a DAG_STATUS' '=' '0 -a FAILED_COUNT' '=' '0 -a +DAGParentNodeNames' '=' '"" -a notification' '=' 'never job_dagman_maxprescripts-node.cmd
12/10/14 12:26:01 From submit: Submitting job(s).
12/10/14 12:26:01 From submit: 1 job(s) submitted to cluster 11.
12/10/14 12:26:01 	assigned Condor ID (11.0.0)
12/10/14 12:26:01 Just submitted 5 jobs this cycle...
12/10/14 12:26:01 Currently monitoring 1 Condor log file(s)
12/10/14 12:26:01 Reassigning the id of job NODE5 from (7.0.0) to (7.0.0)
12/10/14 12:26:01 Event: ULOG_SUBMIT for Condor Node NODE5 (7.0.0)
12/10/14 12:26:01 Number of idle job procs: 6
12/10/14 12:26:01 Reassigning the id of job NODE6 from (8.0.0) to (8.0.0)
12/10/14 12:26:01 Event: ULOG_SUBMIT for Condor Node NODE6 (8.0.0)
12/10/14 12:26:01 Number of idle job procs: 7
12/10/14 12:26:01 Reassigning the id of job NODE7 from (9.0.0) to (9.0.0)
12/10/14 12:26:01 Event: ULOG_SUBMIT for Condor Node NODE7 (9.0.0)
12/10/14 12:26:01 Number of idle job procs: 8
12/10/14 12:26:01 Reassigning the id of job NODE8 from (10.0.0) to (10.0.0)
12/10/14 12:26:01 Event: ULOG_SUBMIT for Condor Node NODE8 (10.0.0)
12/10/14 12:26:01 Number of idle job procs: 9
12/10/14 12:26:01 Event: ULOG_EXECUTE for Condor Node NODE1 (2.0.0)
12/10/14 12:26:01 Number of idle job procs: 8
12/10/14 12:26:01 Event: ULOG_EXECUTE for Condor Node NODE3 (4.0.0)
12/10/14 12:26:01 Number of idle job procs: 7
12/10/14 12:26:01 Event: ULOG_EXECUTE for Condor Node NODE0 (3.0.0)
12/10/14 12:26:01 Number of idle job procs: 6
12/10/14 12:26:01 Event: ULOG_EXECUTE for Condor Node NODE2 (5.0.0)
12/10/14 12:26:01 Number of idle job procs: 5
12/10/14 12:26:01 Event: ULOG_JOB_TERMINATED for Condor Node NODE1 (2.0.0)
12/10/14 12:26:01 Number of idle job procs: 5
12/10/14 12:26:01 Node NODE1 job proc (2.0.0) failed with status 3.
12/10/14 12:26:01 Node NODE1 job completed
12/10/14 12:26:01 Running POST script of Node NODE1...
12/10/14 12:26:01 Event: ULOG_EXECUTE for Condor Node NODE4 (6.0.0)
12/10/14 12:26:01 Number of idle job procs: 4
12/10/14 12:26:01 Event: ULOG_EXECUTE for Condor Node NODE5 (7.0.0)
12/10/14 12:26:01 Number of idle job procs: 3
12/10/14 12:26:01 Event: ULOG_JOB_TERMINATED for Condor Node NODE3 (4.0.0)
12/10/14 12:26:01 Number of idle job procs: 3
12/10/14 12:26:01 Node NODE3 job proc (4.0.0) failed with status 3.
12/10/14 12:26:01 Node NODE3 job completed
12/10/14 12:26:01 Running POST script of Node NODE3...
12/10/14 12:26:01 Event: ULOG_JOB_TERMINATED for Condor Node NODE0 (3.0.0)
12/10/14 12:26:01 Number of idle job procs: 3
12/10/14 12:26:01 Node NODE0 job proc (3.0.0) failed with status 3.
12/10/14 12:26:01 Node NODE0 job completed
12/10/14 12:26:01 Running POST script of Node NODE0...
12/10/14 12:26:01 Event: ULOG_EXECUTE for Condor Node NODE6 (8.0.0)
12/10/14 12:26:01 Number of idle job procs: 2
12/10/14 12:26:01 Reassigning the id of job NODE9 from (11.0.0) to (11.0.0)
12/10/14 12:26:01 Event: ULOG_SUBMIT for Condor Node NODE9 (11.0.0)
12/10/14 12:26:01 Number of idle job procs: 3
12/10/14 12:26:01 Of 20 nodes total:
12/10/14 12:26:01  Done     Pre   Queued    Post   Ready   Un-Ready   Failed
12/10/14 12:26:01   ===     ===      ===     ===     ===        ===      ===
12/10/14 12:26:01     0       0        7       3      10          0        0
12/10/14 12:26:01 0 job proc(s) currently held
12/10/14 12:26:01 Note: 16 total PRE script deferrals because of -MaxPre limit (4)
12/10/14 12:26:01 Initializing logfile C:\condor\execute\dir_38356\userdir\condor_tests\./job_dagman_maxprescripts.dag.nodes.log, 2, 0, 0
12/10/14 12:26:01 Initializing logfile C:\condor\execute\dir_38356\userdir\condor_tests\./job_dagman_maxprescripts.dag.nodes.log, 4, 0, 0
12/10/14 12:26:01 Initializing logfile C:\condor\execute\dir_38356\userdir\condor_tests\./job_dagman_maxprescripts.dag.nodes.log, 3, 0, 0
12/10/14 12:26:06 Submitting Condor Node NODE10 job(s)...
12/10/14 12:26:06 Adding a DAGMan auxiliary log C:\condor\execute\dir_38356\userdir\condor_tests\./job_dagman_maxprescripts.dag.nodes.log
12/10/14 12:26:06 Masking the events recorded in the DAGMAN auxiliary log
12/10/14 12:26:06 Mask for auxiliary log is 0,1,2,4,5,7,9,10,11,12,13,16,17,24,27
12/10/14 12:26:06 submitting: condor_submit -a dag_node_name' '=' 'NODE10 -a +DAGManJobId' '=' '1 -a DAGManJobId' '=' '1 -a submit_event_notes' '=' 'DAG' 'Node:' 'NODE10 -a dagman_log' '=' 'C:\condor\execute\dir_38356\userdir\condor_tests\./job_dagman_maxprescripts.dag.nodes.log -a +DAGManNodesMask' '=' '"0,1,2,4,5,7,9,10,11,12,13,16,17,24,27" -a DAG_STATUS' '=' '0 -a FAILED_COUNT' '=' '0 -a +DAGParentNodeNames' '=' '"" -a notification' '=' 'never job_dagman_maxprescripts-node.cmd
12/10/14 12:26:08 From submit: Submitting job(s).
12/10/14 12:26:08 From submit: 1 job(s) submitted to cluster 12.
12/10/14 12:26:08 	assigned Condor ID (12.0.0)
12/10/14 12:26:08 Submitting Condor Node NODE11 job(s)...
12/10/14 12:26:08 Adding a DAGMan auxiliary log C:\condor\execute\dir_38356\userdir\condor_tests\./job_dagman_maxprescripts.dag.nodes.log
12/10/14 12:26:08 Masking the events recorded in the DAGMAN auxiliary log
12/10/14 12:26:08 Mask for auxiliary log is 0,1,2,4,5,7,9,10,11,12,13,16,17,24,27
12/10/14 12:26:08 submitting: condor_submit -a dag_node_name' '=' 'NODE11 -a +DAGManJobId' '=' '1 -a DAGManJobId' '=' '1 -a submit_event_notes' '=' 'DAG' 'Node:' 'NODE11 -a dagman_log' '=' 'C:\condor\execute\dir_38356\userdir\condor_tests\./job_dagman_maxprescripts.dag.nodes.log -a +DAGManNodesMask' '=' '"0,1,2,4,5,7,9,10,11,12,13,16,17,24,27" -a DAG_STATUS' '=' '0 -a FAILED_COUNT' '=' '0 -a +DAGParentNodeNames' '=' '"" -a notification' '=' 'never job_dagman_maxprescripts-node.cmd
12/10/14 12:26:09 From submit: Submitting job(s).
12/10/14 12:26:09 From submit: 1 job(s) submitted to cluster 13.
12/10/14 12:26:09 	assigned Condor ID (13.0.0)
12/10/14 12:26:09 Submitting Condor Node NODE12 job(s)...
12/10/14 12:26:09 Adding a DAGMan auxiliary log C:\condor\execute\dir_38356\userdir\condor_tests\./job_dagman_maxprescripts.dag.nodes.log
12/10/14 12:26:09 Masking the events recorded in the DAGMAN auxiliary log
12/10/14 12:26:09 Mask for auxiliary log is 0,1,2,4,5,7,9,10,11,12,13,16,17,24,27
12/10/14 12:26:09 submitting: condor_submit -a dag_node_name' '=' 'NODE12 -a +DAGManJobId' '=' '1 -a DAGManJobId' '=' '1 -a submit_event_notes' '=' 'DAG' 'Node:' 'NODE12 -a dagman_log' '=' 'C:\condor\execute\dir_38356\userdir\condor_tests\./job_dagman_maxprescripts.dag.nodes.log -a +DAGManNodesMask' '=' '"0,1,2,4,5,7,9,10,11,12,13,16,17,24,27" -a DAG_STATUS' '=' '0 -a FAILED_COUNT' '=' '0 -a +DAGParentNodeNames' '=' '"" -a notification' '=' 'never job_dagman_maxprescripts-node.cmd
12/10/14 12:26:09 From submit: Submitting job(s).
12/10/14 12:26:09 From submit: 1 job(s) submitted to cluster 14.
12/10/14 12:26:09 	assigned Condor ID (14.0.0)
12/10/14 12:26:09 Submitting Condor Node NODE13 job(s)...
12/10/14 12:26:09 Adding a DAGMan auxiliary log C:\condor\execute\dir_38356\userdir\condor_tests\./job_dagman_maxprescripts.dag.nodes.log
12/10/14 12:26:09 Masking the events recorded in the DAGMAN auxiliary log
12/10/14 12:26:09 Mask for auxiliary log is 0,1,2,4,5,7,9,10,11,12,13,16,17,24,27
12/10/14 12:26:09 submitting: condor_submit -a dag_node_name' '=' 'NODE13 -a +DAGManJobId' '=' '1 -a DAGManJobId' '=' '1 -a submit_event_notes' '=' 'DAG' 'Node:' 'NODE13 -a dagman_log' '=' 'C:\condor\execute\dir_38356\userdir\condor_tests\./job_dagman_maxprescripts.dag.nodes.log -a +DAGManNodesMask' '=' '"0,1,2,4,5,7,9,10,11,12,13,16,17,24,27" -a DAG_STATUS' '=' '0 -a FAILED_COUNT' '=' '0 -a +DAGParentNodeNames' '=' '"" -a notification' '=' 'never job_dagman_maxprescripts-node.cmd
12/10/14 12:26:09 From submit: Submitting job(s).
12/10/14 12:26:09 From submit: 1 job(s) submitted to cluster 15.
12/10/14 12:26:09 	assigned Condor ID (15.0.0)
12/10/14 12:26:09 Submitting Condor Node NODE14 job(s)...
12/10/14 12:26:09 Adding a DAGMan auxiliary log C:\condor\execute\dir_38356\userdir\condor_tests\./job_dagman_maxprescripts.dag.nodes.log
12/10/14 12:26:09 Masking the events recorded in the DAGMAN auxiliary log
12/10/14 12:26:09 Mask for auxiliary log is 0,1,2,4,5,7,9,10,11,12,13,16,17,24,27
12/10/14 12:26:09 submitting: condor_submit -a dag_node_name' '=' 'NODE14 -a +DAGManJobId' '=' '1 -a DAGManJobId' '=' '1 -a submit_event_notes' '=' 'DAG' 'Node:' 'NODE14 -a dagman_log' '=' 'C:\condor\execute\dir_38356\userdir\condor_tests\./job_dagman_maxprescripts.dag.nodes.log -a +DAGManNodesMask' '=' '"0,1,2,4,5,7,9,10,11,12,13,16,17,24,27" -a DAG_STATUS' '=' '0 -a FAILED_COUNT' '=' '0 -a +DAGParentNodeNames' '=' '"" -a notification' '=' 'never job_dagman_maxprescripts-node.cmd
12/10/14 12:26:11 From submit: Submitting job(s).
12/10/14 12:26:11 From submit: 1 job(s) submitted to cluster 16.
12/10/14 12:26:11 	assigned Condor ID (16.0.0)
12/10/14 12:26:11 Just submitted 5 jobs this cycle...
12/10/14 12:26:11 Currently monitoring 1 Condor log file(s)
12/10/14 12:26:11 Event: ULOG_EXECUTE for Condor Node NODE7 (9.0.0)
12/10/14 12:26:11 Number of idle job procs: 2
12/10/14 12:26:11 Event: ULOG_JOB_TERMINATED for Condor Node NODE2 (5.0.0)
12/10/14 12:26:11 Number of idle job procs: 2
12/10/14 12:26:11 Node NODE2 job proc (5.0.0) failed with status 3.
12/10/14 12:26:11 Node NODE2 job completed
12/10/14 12:26:11 Running POST script of Node NODE2...
12/10/14 12:26:11 Event: ULOG_EXECUTE for Condor Node NODE8 (10.0.0)
12/10/14 12:26:11 Number of idle job procs: 1
12/10/14 12:26:11 Event: ULOG_JOB_TERMINATED for Condor Node NODE4 (6.0.0)
12/10/14 12:26:11 Number of idle job procs: 1
12/10/14 12:26:11 Node NODE4 job proc (6.0.0) failed with status 3.
12/10/14 12:26:11 Node NODE4 job completed
12/10/14 12:26:11 Running POST script of Node NODE4...
12/10/14 12:26:11 Event: ULOG_JOB_TERMINATED for Condor Node NODE5 (7.0.0)
12/10/14 12:26:11 Number of idle job procs: 1
12/10/14 12:26:11 Node NODE5 job proc (7.0.0) failed with status 3.
12/10/14 12:26:11 Node NODE5 job completed
12/10/14 12:26:11 Running POST script of Node NODE5...
12/10/14 12:26:11 Event: ULOG_POST_SCRIPT_TERMINATED for Condor Node NODE1 (2.0.0)
12/10/14 12:26:11 POST Script of Node NODE1 completed successfully.
12/10/14 12:26:11 Event: ULOG_JOB_TERMINATED for Condor Node NODE6 (8.0.0)
12/10/14 12:26:11 Number of idle job procs: 1
12/10/14 12:26:11 Node NODE6 job proc (8.0.0) failed with status 3.
12/10/14 12:26:11 Node NODE6 job completed
12/10/14 12:26:11 Running POST script of Node NODE6...
12/10/14 12:26:11 Event: ULOG_POST_SCRIPT_TERMINATED for Condor Node NODE3 (4.0.0)
12/10/14 12:26:11 POST Script of Node NODE3 completed successfully.
12/10/14 12:26:11 Event: ULOG_POST_SCRIPT_TERMINATED for Condor Node NODE0 (3.0.0)
12/10/14 12:26:11 POST Script of Node NODE0 completed successfully.
12/10/14 12:26:11 Event: ULOG_JOB_TERMINATED for Condor Node NODE7 (9.0.0)
12/10/14 12:26:11 Number of idle job procs: 1
12/10/14 12:26:11 Node NODE7 job proc (9.0.0) failed with status 3.
12/10/14 12:26:11 Node NODE7 job completed
12/10/14 12:26:11 Running POST script of Node NODE7...
12/10/14 12:26:11 Event: ULOG_JOB_TERMINATED for Condor Node NODE8 (10.0.0)
12/10/14 12:26:11 Number of idle job procs: 1
12/10/14 12:26:11 Node NODE8 job proc (10.0.0) failed with status 3.
12/10/14 12:26:11 Node NODE8 job completed
12/10/14 12:26:11 Running POST script of Node NODE8...
12/10/14 12:26:11 Event: ULOG_EXECUTE for Condor Node NODE9 (11.0.0)
12/10/14 12:26:11 Number of idle job procs: 0
12/10/14 12:26:11 Event: ULOG_JOB_TERMINATED for Condor Node NODE9 (11.0.0)
12/10/14 12:26:11 Number of idle job procs: 0
12/10/14 12:26:11 Node NODE9 job proc (11.0.0) failed with status 3.
12/10/14 12:26:11 Node NODE9 job completed
12/10/14 12:26:11 Running POST script of Node NODE9...
12/10/14 12:26:11 Reassigning the id of job NODE10 from (12.0.0) to (12.0.0)
12/10/14 12:26:11 Event: ULOG_SUBMIT for Condor Node NODE10 (12.0.0)
12/10/14 12:26:11 Number of idle job procs: 1
12/10/14 12:26:11 Reassigning the id of job NODE11 from (13.0.0) to (13.0.0)
12/10/14 12:26:11 Event: ULOG_SUBMIT for Condor Node NODE11 (13.0.0)
12/10/14 12:26:11 Number of idle job procs: 2
12/10/14 12:26:11 Reassigning the id of job NODE12 from (14.0.0) to (14.0.0)
12/10/14 12:26:11 Event: ULOG_SUBMIT for Condor Node NODE12 (14.0.0)
12/10/14 12:26:11 Number of idle job procs: 3
12/10/14 12:26:11 Reassigning the id of job NODE13 from (15.0.0) to (15.0.0)
12/10/14 12:26:11 Event: ULOG_SUBMIT for Condor Node NODE13 (15.0.0)
12/10/14 12:26:11 Number of idle job procs: 4
12/10/14 12:26:11 Reassigning the id of job NODE14 from (16.0.0) to (16.0.0)
12/10/14 12:26:11 Event: ULOG_SUBMIT for Condor Node NODE14 (16.0.0)
12/10/14 12:26:11 Number of idle job procs: 5
12/10/14 12:26:11 Of 20 nodes total:
12/10/14 12:26:11  Done     Pre   Queued    Post   Ready   Un-Ready   Failed
12/10/14 12:26:11   ===     ===      ===     ===     ===        ===      ===
12/10/14 12:26:11     3       0        5       7       5          0        0
12/10/14 12:26:11 0 job proc(s) currently held
12/10/14 12:26:11 Note: 16 total PRE script deferrals because of -MaxPre limit (4)
12/10/14 12:26:11 Initializing logfile C:\condor\execute\dir_38356\userdir\condor_tests\./job_dagman_maxprescripts.dag.nodes.log, 5, 0, 0
12/10/14 12:26:11 Initializing logfile C:\condor\execute\dir_38356\userdir\condor_tests\./job_dagman_maxprescripts.dag.nodes.log, 6, 0, 0
12/10/14 12:26:11 Initializing logfile C:\condor\execute\dir_38356\userdir\condor_tests\./job_dagman_maxprescripts.dag.nodes.log, 7, 0, 0
12/10/14 12:26:11 Initializing logfile C:\condor\execute\dir_38356\userdir\condor_tests\./job_dagman_maxprescripts.dag.nodes.log, 9, 0, 0
12/10/14 12:26:11 Initializing logfile C:\condor\execute\dir_38356\userdir\condor_tests\./job_dagman_maxprescripts.dag.nodes.log, 8, 0, 0
12/10/14 12:26:11 Initializing logfile C:\condor\execute\dir_38356\userdir\condor_tests\./job_dagman_maxprescripts.dag.nodes.log, 10, 0, 0
12/10/14 12:26:11 Initializing logfile C:\condor\execute\dir_38356\userdir\condor_tests\./job_dagman_maxprescripts.dag.nodes.log, 11, 0, 0
12/10/14 12:26:16 Submitting Condor Node NODE15 job(s)...
12/10/14 12:26:16 Adding a DAGMan auxiliary log C:\condor\execute\dir_38356\userdir\condor_tests\./job_dagman_maxprescripts.dag.nodes.log
12/10/14 12:26:16 Masking the events recorded in the DAGMAN auxiliary log
12/10/14 12:26:16 Mask for auxiliary log is 0,1,2,4,5,7,9,10,11,12,13,16,17,24,27
12/10/14 12:26:16 submitting: condor_submit -a dag_node_name' '=' 'NODE15 -a +DAGManJobId' '=' '1 -a DAGManJobId' '=' '1 -a submit_event_notes' '=' 'DAG' 'Node:' 'NODE15 -a dagman_log' '=' 'C:\condor\execute\dir_38356\userdir\condor_tests\./job_dagman_maxprescripts.dag.nodes.log -a +DAGManNodesMask' '=' '"0,1,2,4,5,7,9,10,11,12,13,16,17,24,27" -a DAG_STATUS' '=' '0 -a FAILED_COUNT' '=' '0 -a +DAGParentNodeNames' '=' '"" -a notification' '=' 'never job_dagman_maxprescripts-node.cmd
12/10/14 12:26:18 From submit: Submitting job(s).
12/10/14 12:26:18 From submit: 1 job(s) submitted to cluster 17.
12/10/14 12:26:18 	assigned Condor ID (17.0.0)
12/10/14 12:26:18 Submitting Condor Node NODE16 job(s)...
12/10/14 12:26:18 Adding a DAGMan auxiliary log C:\condor\execute\dir_38356\userdir\condor_tests\./job_dagman_maxprescripts.dag.nodes.log
12/10/14 12:26:18 Masking the events recorded in the DAGMAN auxiliary log
12/10/14 12:26:18 Mask for auxiliary log is 0,1,2,4,5,7,9,10,11,12,13,16,17,24,27
12/10/14 12:26:18 submitting: condor_submit -a dag_node_name' '=' 'NODE16 -a +DAGManJobId' '=' '1 -a DAGManJobId' '=' '1 -a submit_event_notes' '=' 'DAG' 'Node:' 'NODE16 -a dagman_log' '=' 'C:\condor\execute\dir_38356\userdir\condor_tests\./job_dagman_maxprescripts.dag.nodes.log -a +DAGManNodesMask' '=' '"0,1,2,4,5,7,9,10,11,12,13,16,17,24,27" -a DAG_STATUS' '=' '0 -a FAILED_COUNT' '=' '0 -a +DAGParentNodeNames' '=' '"" -a notification' '=' 'never job_dagman_maxprescripts-node.cmd
12/10/14 12:26:21 From submit: Submitting job(s).
12/10/14 12:26:21 From submit: 1 job(s) submitted to cluster 18.
12/10/14 12:26:21 	assigned Condor ID (18.0.0)
12/10/14 12:26:21 Submitting Condor Node NODE17 job(s)...
12/10/14 12:26:21 Adding a DAGMan auxiliary log C:\condor\execute\dir_38356\userdir\condor_tests\./job_dagman_maxprescripts.dag.nodes.log
12/10/14 12:26:21 Masking the events recorded in the DAGMAN auxiliary log
12/10/14 12:26:21 Mask for auxiliary log is 0,1,2,4,5,7,9,10,11,12,13,16,17,24,27
12/10/14 12:26:21 submitting: condor_submit -a dag_node_name' '=' 'NODE17 -a +DAGManJobId' '=' '1 -a DAGManJobId' '=' '1 -a submit_event_notes' '=' 'DAG' 'Node:' 'NODE17 -a dagman_log' '=' 'C:\condor\execute\dir_38356\userdir\condor_tests\./job_dagman_maxprescripts.dag.nodes.log -a +DAGManNodesMask' '=' '"0,1,2,4,5,7,9,10,11,12,13,16,17,24,27" -a DAG_STATUS' '=' '0 -a FAILED_COUNT' '=' '0 -a +DAGParentNodeNames' '=' '"" -a notification' '=' 'never job_dagman_maxprescripts-node.cmd
12/10/14 12:26:21 From submit: Submitting job(s).
12/10/14 12:26:21 From submit: 1 job(s) submitted to cluster 19.
12/10/14 12:26:21 	assigned Condor ID (19.0.0)
12/10/14 12:26:21 Submitting Condor Node NODE18 job(s)...
12/10/14 12:26:21 Adding a DAGMan auxiliary log C:\condor\execute\dir_38356\userdir\condor_tests\./job_dagman_maxprescripts.dag.nodes.log
12/10/14 12:26:21 Masking the events recorded in the DAGMAN auxiliary log
12/10/14 12:26:21 Mask for auxiliary log is 0,1,2,4,5,7,9,10,11,12,13,16,17,24,27
12/10/14 12:26:21 submitting: condor_submit -a dag_node_name' '=' 'NODE18 -a +DAGManJobId' '=' '1 -a DAGManJobId' '=' '1 -a submit_event_notes' '=' 'DAG' 'Node:' 'NODE18 -a dagman_log' '=' 'C:\condor\execute\dir_38356\userdir\condor_tests\./job_dagman_maxprescripts.dag.nodes.log -a +DAGManNodesMask' '=' '"0,1,2,4,5,7,9,10,11,12,13,16,17,24,27" -a DAG_STATUS' '=' '0 -a FAILED_COUNT' '=' '0 -a +DAGParentNodeNames' '=' '"" -a notification' '=' 'never job_dagman_maxprescripts-node.cmd
12/10/14 12:26:21 From submit: Submitting job(s).
12/10/14 12:26:21 From submit: 1 job(s) submitted to cluster 20.
12/10/14 12:26:21 	assigned Condor ID (20.0.0)
12/10/14 12:26:21 Submitting Condor Node NODE19 job(s)...
12/10/14 12:26:21 Adding a DAGMan auxiliary log C:\condor\execute\dir_38356\userdir\condor_tests\./job_dagman_maxprescripts.dag.nodes.log
12/10/14 12:26:21 Masking the events recorded in the DAGMAN auxiliary log
12/10/14 12:26:21 Mask for auxiliary log is 0,1,2,4,5,7,9,10,11,12,13,16,17,24,27
12/10/14 12:26:21 submitting: condor_submit -a dag_node_name' '=' 'NODE19 -a +DAGManJobId' '=' '1 -a DAGManJobId' '=' '1 -a submit_event_notes' '=' 'DAG' 'Node:' 'NODE19 -a dagman_log' '=' 'C:\condor\execute\dir_38356\userdir\condor_tests\./job_dagman_maxprescripts.dag.nodes.log -a +DAGManNodesMask' '=' '"0,1,2,4,5,7,9,10,11,12,13,16,17,24,27" -a DAG_STATUS' '=' '0 -a FAILED_COUNT' '=' '0 -a +DAGParentNodeNames' '=' '"" -a notification' '=' 'never job_dagman_maxprescripts-node.cmd
12/10/14 12:26:22 From submit: Submitting job(s).
12/10/14 12:26:22 From submit: 1 job(s) submitted to cluster 21.
12/10/14 12:26:22 	assigned Condor ID (21.0.0)
12/10/14 12:26:22 Just submitted 5 jobs this cycle...
12/10/14 12:26:22 Currently monitoring 1 Condor log file(s)
12/10/14 12:26:22 Event: ULOG_POST_SCRIPT_TERMINATED for Condor Node NODE2 (5.0.0)
12/10/14 12:26:22 POST Script of Node NODE2 completed successfully.
12/10/14 12:26:22 Event: ULOG_POST_SCRIPT_TERMINATED for Condor Node NODE4 (6.0.0)
12/10/14 12:26:22 POST Script of Node NODE4 completed successfully.
12/10/14 12:26:22 Event: ULOG_POST_SCRIPT_TERMINATED for Condor Node NODE5 (7.0.0)
12/10/14 12:26:22 POST Script of Node NODE5 completed successfully.
12/10/14 12:26:22 Event: ULOG_POST_SCRIPT_TERMINATED for Condor Node NODE7 (9.0.0)
12/10/14 12:26:22 POST Script of Node NODE7 completed successfully.
12/10/14 12:26:22 Event: ULOG_POST_SCRIPT_TERMINATED for Condor Node NODE6 (8.0.0)
12/10/14 12:26:22 POST Script of Node NODE6 completed successfully.
12/10/14 12:26:22 Event: ULOG_POST_SCRIPT_TERMINATED for Condor Node NODE8 (10.0.0)
12/10/14 12:26:22 POST Script of Node NODE8 completed successfully.
12/10/14 12:26:22 Event: ULOG_POST_SCRIPT_TERMINATED for Condor Node NODE9 (11.0.0)
12/10/14 12:26:22 POST Script of Node NODE9 completed successfully.
12/10/14 12:26:22 Reassigning the id of job NODE15 from (17.0.0) to (17.0.0)
12/10/14 12:26:22 Event: ULOG_SUBMIT for Condor Node NODE15 (17.0.0)
12/10/14 12:26:22 Number of idle job procs: 6
12/10/14 12:26:22 Event: ULOG_EXECUTE for Condor Node NODE12 (14.0.0)
12/10/14 12:26:22 Number of idle job procs: 5
12/10/14 12:26:22 Event: ULOG_EXECUTE for Condor Node NODE10 (12.0.0)
12/10/14 12:26:22 Number of idle job procs: 4
12/10/14 12:26:22 Event: ULOG_EXECUTE for Condor Node NODE11 (13.0.0)
12/10/14 12:26:22 Number of idle job procs: 3
12/10/14 12:26:22 Event: ULOG_EXECUTE for Condor Node NODE13 (15.0.0)
12/10/14 12:26:22 Number of idle job procs: 2
12/10/14 12:26:22 Event: ULOG_JOB_TERMINATED for Condor Node NODE12 (14.0.0)
12/10/14 12:26:22 Number of idle job procs: 2
12/10/14 12:26:22 Node NODE12 job proc (14.0.0) failed with status 3.
12/10/14 12:26:22 Node NODE12 job completed
12/10/14 12:26:22 Running POST script of Node NODE12...
12/10/14 12:26:22 Event: ULOG_EXECUTE for Condor Node NODE14 (16.0.0)
12/10/14 12:26:22 Number of idle job procs: 1
12/10/14 12:26:22 Reassigning the id of job NODE16 from (18.0.0) to (18.0.0)
12/10/14 12:26:22 Event: ULOG_SUBMIT for Condor Node NODE16 (18.0.0)
12/10/14 12:26:22 Number of idle job procs: 2
12/10/14 12:26:22 Event: ULOG_JOB_TERMINATED for Condor Node NODE10 (12.0.0)
12/10/14 12:26:22 Number of idle job procs: 2
12/10/14 12:26:22 Node NODE10 job proc (12.0.0) failed with status 3.
12/10/14 12:26:22 Node NODE10 job completed
12/10/14 12:26:22 Running POST script of Node NODE10...
12/10/14 12:26:22 Event: ULOG_JOB_TERMINATED for Condor Node NODE11 (13.0.0)
12/10/14 12:26:22 Number of idle job procs: 2
12/10/14 12:26:22 Node NODE11 job proc (13.0.0) failed with status 3.
12/10/14 12:26:22 Node NODE11 job completed
12/10/14 12:26:22 Running POST script of Node NODE11...
12/10/14 12:26:22 Event: ULOG_EXECUTE for Condor Node NODE15 (17.0.0)
12/10/14 12:26:22 Number of idle job procs: 1
12/10/14 12:26:22 Event: ULOG_JOB_TERMINATED for Condor Node NODE13 (15.0.0)
12/10/14 12:26:22 Number of idle job procs: 1
12/10/14 12:26:22 Node NODE13 job proc (15.0.0) failed with status 3.
12/10/14 12:26:22 Node NODE13 job completed
12/10/14 12:26:22 Running POST script of Node NODE13...
12/10/14 12:26:22 Reassigning the id of job NODE17 from (19.0.0) to (19.0.0)
12/10/14 12:26:22 Event: ULOG_SUBMIT for Condor Node NODE17 (19.0.0)
12/10/14 12:26:22 Number of idle job procs: 2
12/10/14 12:26:22 Event: ULOG_JOB_TERMINATED for Condor Node NODE14 (16.0.0)
12/10/14 12:26:22 Number of idle job procs: 2
12/10/14 12:26:22 Node NODE14 job proc (16.0.0) failed with status 3.
12/10/14 12:26:22 Node NODE14 job completed
12/10/14 12:26:22 Running POST script of Node NODE14...
12/10/14 12:26:22 Event: ULOG_JOB_TERMINATED for Condor Node NODE15 (17.0.0)
12/10/14 12:26:22 Number of idle job procs: 2
12/10/14 12:26:22 Node NODE15 job proc (17.0.0) failed with status 3.
12/10/14 12:26:22 Node NODE15 job completed
12/10/14 12:26:22 Running POST script of Node NODE15...
12/10/14 12:26:22 Event: ULOG_EXECUTE for Condor Node NODE16 (18.0.0)
12/10/14 12:26:22 Number of idle job procs: 1
12/10/14 12:26:22 Reassigning the id of job NODE18 from (20.0.0) to (20.0.0)
12/10/14 12:26:22 Event: ULOG_SUBMIT for Condor Node NODE18 (20.0.0)
12/10/14 12:26:22 Number of idle job procs: 2
12/10/14 12:26:22 Event: ULOG_EXECUTE for Condor Node NODE17 (19.0.0)
12/10/14 12:26:22 Number of idle job procs: 1
12/10/14 12:26:22 Event: ULOG_JOB_TERMINATED for Condor Node NODE16 (18.0.0)
12/10/14 12:26:22 Number of idle job procs: 1
12/10/14 12:26:22 Node NODE16 job proc (18.0.0) failed with status 3.
12/10/14 12:26:22 Node NODE16 job completed
12/10/14 12:26:22 Running POST script of Node NODE16...
12/10/14 12:26:22 Reassigning the id of job NODE19 from (21.0.0) to (21.0.0)
12/10/14 12:26:22 Event: ULOG_SUBMIT for Condor Node NODE19 (21.0.0)
12/10/14 12:26:22 Number of idle job procs: 2
12/10/14 12:26:22 Reassigning the id of job NODE19 from (21.0.0) to (21.0.0)
12/10/14 12:26:22 Event: ULOG_SUBMIT for Condor Node NODE19 (21.0.0)
12/10/14 12:26:22 BAD EVENT: job (21.0.0) submitted, submit count != 1 (2)
12/10/14 12:26:22 Continuing with DAG in spite of bad event (BAD EVENT: job (21.0.0) submitted, submit count != 1 (2)) because of allow_events setting
12/10/14 12:26:22 Event: ULOG_EXECUTE for Condor Node NODE18 (20.0.0)
12/10/14 12:26:22 Number of idle job procs: 1
12/10/14 12:26:22 Event: ULOG_JOB_TERMINATED for Condor Node NODE17 (19.0.0)
12/10/14 12:26:22 Number of idle job procs: 1
12/10/14 12:26:22 Node NODE17 job proc (19.0.0) failed with status 3.
12/10/14 12:26:22 Node NODE17 job completed
12/10/14 12:26:22 Running POST script of Node NODE17...
12/10/14 12:26:22 Of 20 nodes total:
12/10/14 12:26:22  Done     Pre   Queued    Post   Ready   Un-Ready   Failed
12/10/14 12:26:22   ===     ===      ===     ===     ===        ===      ===
12/10/14 12:26:22    10       0        2       8       0          0        0
12/10/14 12:26:22 0 job proc(s) currently held
12/10/14 12:26:22 Note: 16 total PRE script deferrals because of -MaxPre limit (4)
12/10/14 12:26:22 Initializing logfile C:\condor\execute\dir_38356\userdir\condor_tests\./job_dagman_maxprescripts.dag.nodes.log, 12, 0, 0
12/10/14 12:26:22 Initializing logfile C:\condor\execute\dir_38356\userdir\condor_tests\./job_dagman_maxprescripts.dag.nodes.log, 14, 0, 0
12/10/14 12:26:22 Initializing logfile C:\condor\execute\dir_38356\userdir\condor_tests\./job_dagman_maxprescripts.dag.nodes.log, 13, 0, 0
12/10/14 12:26:22 Initializing logfile C:\condor\execute\dir_38356\userdir\condor_tests\./job_dagman_maxprescripts.dag.nodes.log, 15, 0, 0
12/10/14 12:26:22 Initializing logfile C:\condor\execute\dir_38356\userdir\condor_tests\./job_dagman_maxprescripts.dag.nodes.log, 16, 0, 0
12/10/14 12:26:22 Initializing logfile C:\condor\execute\dir_38356\userdir\condor_tests\./job_dagman_maxprescripts.dag.nodes.log, 18, 0, 0
12/10/14 12:26:22 Initializing logfile C:\condor\execute\dir_38356\userdir\condor_tests\./job_dagman_maxprescripts.dag.nodes.log, 17, 0, 0
12/10/14 12:26:22 Initializing logfile C:\condor\execute\dir_38356\userdir\condor_tests\./job_dagman_maxprescripts.dag.nodes.log, 19, 0, 0
12/10/14 12:26:27 Currently monitoring 1 Condor log file(s)
12/10/14 12:26:27 Event: ULOG_POST_SCRIPT_TERMINATED for Condor Node NODE10 (12.0.0)
12/10/14 12:26:27 POST Script of Node NODE10 completed successfully.
12/10/14 12:26:27 Event: ULOG_POST_SCRIPT_TERMINATED for Condor Node NODE12 (14.0.0)
12/10/14 12:26:27 POST Script of Node NODE12 completed successfully.
12/10/14 12:26:27 Event: ULOG_POST_SCRIPT_TERMINATED for Condor Node NODE11 (13.0.0)
12/10/14 12:26:27 POST Script of Node NODE11 completed successfully.
12/10/14 12:26:27 Event: ULOG_POST_SCRIPT_TERMINATED for Condor Node NODE13 (15.0.0)
12/10/14 12:26:27 POST Script of Node NODE13 completed successfully.
12/10/14 12:26:27 Event: ULOG_POST_SCRIPT_TERMINATED for Condor Node NODE14 (16.0.0)
12/10/14 12:26:27 POST Script of Node NODE14 completed successfully.
12/10/14 12:26:27 Event: ULOG_JOB_TERMINATED for Condor Node NODE18 (20.0.0)
12/10/14 12:26:27 Number of idle job procs: 1
12/10/14 12:26:27 Node NODE18 job proc (20.0.0) failed with status 3.
12/10/14 12:26:27 Node NODE18 job completed
12/10/14 12:26:27 Running POST script of Node NODE18...
12/10/14 12:26:27 Event: ULOG_POST_SCRIPT_TERMINATED for Condor Node NODE16 (18.0.0)
12/10/14 12:26:27 POST Script of Node NODE16 completed successfully.
12/10/14 12:26:27 Event: ULOG_EXECUTE for Condor Node NODE19 (21.0.0)
12/10/14 12:26:27 Number of idle job procs: 0
12/10/14 12:26:27 Event: ULOG_POST_SCRIPT_TERMINATED for Condor Node NODE15 (17.0.0)
12/10/14 12:26:27 POST Script of Node NODE15 completed successfully.
12/10/14 12:26:27 Event: ULOG_POST_SCRIPT_TERMINATED for Condor Node NODE17 (19.0.0)
12/10/14 12:26:27 POST Script of Node NODE17 completed successfully.
12/10/14 12:26:27 Event: ULOG_JOB_TERMINATED for Condor Node NODE19 (21.0.0)
12/10/14 12:26:27 Number of idle job procs: 0
12/10/14 12:26:27 Node NODE19 job proc (21.0.0) failed with status 3.
12/10/14 12:26:27 Node NODE19 job completed
12/10/14 12:26:27 Running POST script of Node NODE19...
12/10/14 12:26:27 Of 20 nodes total:
12/10/14 12:26:27  Done     Pre   Queued    Post   Ready   Un-Ready   Failed
12/10/14 12:26:27   ===     ===      ===     ===     ===        ===      ===
12/10/14 12:26:27    18       0        0       2       0          0        0
12/10/14 12:26:27 0 job proc(s) currently held
12/10/14 12:26:27 Note: 16 total PRE script deferrals because of -MaxPre limit (4)
12/10/14 12:26:27 Initializing logfile C:\condor\execute\dir_38356\userdir\condor_tests\./job_dagman_maxprescripts.dag.nodes.log, 20, 0, 0
12/10/14 12:26:27 Initializing logfile C:\condor\execute\dir_38356\userdir\condor_tests\./job_dagman_maxprescripts.dag.nodes.log, 21, 0, 0
12/10/14 12:26:32 Currently monitoring 1 Condor log file(s)
12/10/14 12:26:32 Event: ULOG_POST_SCRIPT_TERMINATED for Condor Node NODE18 (20.0.0)
12/10/14 12:26:32 POST Script of Node NODE18 completed successfully.
12/10/14 12:26:32 Event: ULOG_POST_SCRIPT_TERMINATED for Condor Node NODE19 (21.0.0)
12/10/14 12:26:32 POST Script of Node NODE19 completed successfully.
12/10/14 12:26:32 Of 20 nodes total:
12/10/14 12:26:32  Done     Pre   Queued    Post   Ready   Un-Ready   Failed
12/10/14 12:26:32   ===     ===      ===     ===     ===        ===      ===
12/10/14 12:26:32    20       0        0       0       0          0        0
12/10/14 12:26:32 0 job proc(s) currently held
12/10/14 12:26:32 Note: 16 total PRE script deferrals because of -MaxPre limit (4)
12/10/14 12:26:32 Error checking Condor job events: BAD EVENT: job (21.0.0) ended, submit count != 1 (2)
12/10/14 12:26:32 ERROR "Assertion ERROR on (false)" at line 3180 in file c:\condor\execute\dir_8420\userdir\src\condor_dagman\dag.cpp
