
+-------------------------------------------------------------------------------
+ CMD[11:20:49]: mkdir pdir14092
+ SIGNALED: NO, RETURNED: 0, TIME 0.088947 
+-------------------------------------------------------------------------------
11:20:49 Test: current directory is C:/condor/execute/dir_5468/userdir/condor_tests
Windows flowlog path:C:\\condor\\execute\\dir_5468\\userdir\\condor_tests\\pdir14092\\job_dagman_maxpostscripts-srvr-log.log
11:20:49 Test: current directory is C:/condor/execute/dir_5468/userdir/condor_tests/pdir14092/maxpostsock
11:20:49 Test: Correcting socket name in 
11:20:49 Test: Looking at:<<#!/usr/bin/env perl>>
11:20:49 Test: Looking at:<<##**************************************************************>>
11:20:49 Test: Looking at:<<##>>
11:20:49 Test: Looking at:<<## Copyright (C) 1990-2007, Condor Team, Computer Sciences Department,>>
11:20:49 Test: Looking at:<<## University of Wisconsin-Madison, WI.>>
11:20:49 Test: Looking at:<<## >>
11:20:49 Test: Looking at:<<## Licensed under the Apache License, Version 2.0 (the "License"); you>>
11:20:49 Test: Looking at:<<## may not use this file except in compliance with the License.  You may>>
11:20:49 Test: Looking at:<<## obtain a copy of the License at>>
11:20:49 Test: Looking at:<<## >>
11:20:49 Test: Looking at:<<##    http://www.apache.org/licenses/LICENSE-2.0>>
11:20:49 Test: Looking at:<<## >>
11:20:49 Test: Looking at:<<## Unless required by applicable law or agreed to in writing, software>>
11:20:49 Test: Looking at:<<## distributed under the License is distributed on an "AS IS" BASIS,>>
11:20:49 Test: Looking at:<<## WITHOUT WARRANTIES OR CONDITIONS OF ANY KIND, either express or implied.>>
11:20:49 Test: Looking at:<<## See the License for the specific language governing permissions and>>
11:20:49 Test: Looking at:<<## limitations under the License.>>
11:20:49 Test: Looking at:<<##>>
11:20:49 Test: Looking at:<<##**************************************************************>>
11:20:49 Test: Looking at:<<use CondorUtils;>>
11:20:49 Test: Looking at:<<>>
11:20:49 Test: Looking at:<<>>
11:20:49 Test: Looking at:<<my $iswindows = CondorUtils::is_windows();>>
11:20:49 Test: Looking at:<<if($iswindows) {>>
11:20:49 Test: Looking at:<<	system("appendmsg -n -f filetoappendto open");>>
11:20:49 Test: Found ---	system("appendmsg -n -f filetoappendto open");---
11:20:49 Test: replacing with 	system("appendmsg -n -f C:\\condor\\execute\\dir_5468\\userdir\\condor_tests\\pdir14092\\job_dagman_maxpostscripts-srvr-log.log open");
11:20:49 Test: Looking at:<<	# Make scripts not finish immediately to better test throttling;>>
11:20:49 Test: Looking at:<<	# specific sleep duration is not critical.>>
11:20:49 Test: Looking at:<<	sleep(15);>>
11:20:49 Test: Looking at:<<	system("appendmsg -n -f filetoappendto close");>>
11:20:49 Test: Found ---	system("appendmsg -n -f filetoappendto close");---
11:20:49 Test: replacing with 	system("appendmsg -n -f C:\\condor\\execute\\dir_5468\\userdir\\condor_tests\\pdir14092\\job_dagman_maxpostscripts-srvr-log.log close");
11:20:49 Test: Looking at:<<} else {>>
11:20:49 Test: Looking at:<<	system("./x_general_client.pl maxpostsock open");>>
11:20:49 Test: Looking at:<<	# Make scripts not finish immediately to better test throttling;>>
11:20:49 Test: Looking at:<<	# specific sleep duration is not critical.>>
11:20:49 Test: Looking at:<<	sleep(15);>>
11:20:49 Test: Looking at:<<	system("./x_general_client.pl maxpostsock close");>>
11:20:49 Test: Looking at:<<}>>

Current date and load follow:
Wed Nov  4 11:20:49 2015


Dagman Test....
ref said type is <<>>
No longer assuming one log file because of submit foreach
Exploring logs in GatherUserLogs
Dry-Run job(s).
1 job(s) dry-run to cluster 1.
Found 1 userlogs
userlog:C:\condor\execute\dir_5468\userdir\condor_tests\job_dagman_maxpostscripts.dag.dagman.log
There are  1 logs and 1 jobs
transferring 1 UserLogs to CondorTest module
Entering Monitor
11:20:53 Test: submitted: This test will see submit, executing and successful completion
11:20:57 Test: Good. We need the dag to run
