000 (002.000.000) 12/10 12:25:41 Job submitted from host: <128.104.103.11:55856>
    DAG Node: NODE1
...
000 (003.000.000) 12/10 12:25:41 Job submitted from host: <128.104.103.11:55856>
    DAG Node: NODE0
...
000 (004.000.000) 12/10 12:25:43 Job submitted from host: <128.104.103.11:55856>
    DAG Node: NODE3
...
000 (005.000.000) 12/10 12:25:46 Job submitted from host: <128.104.103.11:55856>
    DAG Node: NODE2
...
000 (006.000.000) 12/10 12:25:48 Job submitted from host: <128.104.103.11:55856>
    DAG Node: NODE4
...
000 (007.000.000) 12/10 12:25:55 Job submitted from host: <128.104.103.11:55856>
    DAG Node: NODE5
...
000 (008.000.000) 12/10 12:25:55 Job submitted from host: <128.104.103.11:55856>
    DAG Node: NODE6
...
000 (009.000.000) 12/10 12:25:57 Job submitted from host: <128.104.103.11:55856>
    DAG Node: NODE7
...
000 (010.000.000) 12/10 12:25:57 Job submitted from host: <128.104.103.11:55856>
    DAG Node: NODE8
...
001 (002.000.000) 12/10 12:25:59 Job executing on host: <128.104.103.11:56952>
...
001 (004.000.000) 12/10 12:25:59 Job executing on host: <128.104.103.11:56952>
...
001 (003.000.000) 12/10 12:25:59 Job executing on host: <128.104.103.11:56952>
...
001 (005.000.000) 12/10 12:25:59 Job executing on host: <128.104.103.11:56952>
...
005 (002.000.000) 12/10 12:25:59 Job terminated.
	(1) Normal termination (return value 3)
		Usr 0 00:00:00, Sys 0 00:00:00  -  Run Remote Usage
		Usr 0 00:00:00, Sys 0 00:00:00  -  Run Local Usage
		Usr 0 00:00:00, Sys 0 00:00:00  -  Total Remote Usage
		Usr 0 00:00:00, Sys 0 00:00:00  -  Total Local Usage
	0  -  Run Bytes Sent By Job
	0  -  Run Bytes Received By Job
	0  -  Total Bytes Sent By Job
	0  -  Total Bytes Received By Job
	Partitionable Resources :    Usage  Request Allocated
	   Cpus                 :                 1         1
	   Disk (KB)            :        2        2  16915362
	   Memory (MB)          :        0        1      2729
...
001 (006.000.000) 12/10 12:26:00 Job executing on host: <128.104.103.11:56952>
...
001 (007.000.000) 12/10 12:26:00 Job executing on host: <128.104.103.11:56952>
...
005 (004.000.000) 12/10 12:26:00 Job terminated.
	(1) Normal termination (return value 3)
		Usr 0 00:00:00, Sys 0 00:00:00  -  Run Remote Usage
		Usr 0 00:00:00, Sys 0 00:00:00  -  Run Local Usage
		Usr 0 00:00:00, Sys 0 00:00:00  -  Total Remote Usage
		Usr 0 00:00:00, Sys 0 00:00:00  -  Total Local Usage
	0  -  Run Bytes Sent By Job
	0  -  Run Bytes Received By Job
	0  -  Total Bytes Sent By Job
	0  -  Total Bytes Received By Job
	Partitionable Resources :    Usage  Request Allocated
	   Cpus                 :                 1         1
	   Disk (KB)            :        2        2  16915311
	   Memory (MB)          :        0        1      2729
...
005 (003.000.000) 12/10 12:26:00 Job terminated.
	(1) Normal termination (return value 3)
		Usr 0 00:00:00, Sys 0 00:00:00  -  Run Remote Usage
		Usr 0 00:00:00, Sys 0 00:00:00  -  Run Local Usage
		Usr 0 00:00:00, Sys 0 00:00:00  -  Total Remote Usage
		Usr 0 00:00:00, Sys 0 00:00:00  -  Total Local Usage
	0  -  Run Bytes Sent By Job
	0  -  Run Bytes Received By Job
	0  -  Total Bytes Sent By Job
	0  -  Total Bytes Received By Job
	Partitionable Resources :    Usage  Request Allocated
	   Cpus                 :                 1         1
	   Disk (KB)            :        2        2  16915362
	   Memory (MB)          :        0        1      2729
...
001 (008.000.000) 12/10 12:26:00 Job executing on host: <128.104.103.11:56952>
...
000 (011.000.000) 12/10 12:26:01 Job submitted from host: <128.104.103.11:55856>
    DAG Node: NODE9
...
001 (009.000.000) 12/10 12:26:01 Job executing on host: <128.104.103.11:56952>
...
005 (005.000.000) 12/10 12:26:01 Job terminated.
	(1) Normal termination (return value 3)
		Usr 0 00:00:00, Sys 0 00:00:00  -  Run Remote Usage
		Usr 0 00:00:00, Sys 0 00:00:00  -  Run Local Usage
		Usr 0 00:00:00, Sys 0 00:00:00  -  Total Remote Usage
		Usr 0 00:00:00, Sys 0 00:00:00  -  Total Local Usage
	0  -  Run Bytes Sent By Job
	0  -  Run Bytes Received By Job
	0  -  Total Bytes Sent By Job
	0  -  Total Bytes Received By Job
	Partitionable Resources :    Usage  Request Allocated
	   Cpus                 :                 1         1
	   Disk (KB)            :        2        2  16915376
	   Memory (MB)          :        0        1      2729
...
001 (010.000.000) 12/10 12:26:01 Job executing on host: <128.104.103.11:56952>
...
005 (006.000.000) 12/10 12:26:01 Job terminated.
	(1) Normal termination (return value 3)
		Usr 0 00:00:00, Sys 0 00:00:00  -  Run Remote Usage
		Usr 0 00:00:00, Sys 0 00:00:00  -  Run Local Usage
		Usr 0 00:00:00, Sys 0 00:00:00  -  Total Remote Usage
		Usr 0 00:00:00, Sys 0 00:00:00  -  Total Local Usage
	0  -  Run Bytes Sent By Job
	0  -  Run Bytes Received By Job
	0  -  Total Bytes Sent By Job
	0  -  Total Bytes Received By Job
	Partitionable Resources :    Usage  Request Allocated
	   Cpus                 :                 1         1
	   Disk (KB)            :        2        2  16915376
	   Memory (MB)          :        0        1      2729
...
005 (007.000.000) 12/10 12:26:01 Job terminated.
	(1) Normal termination (return value 3)
		Usr 0 00:00:00, Sys 0 00:00:00  -  Run Remote Usage
		Usr 0 00:00:00, Sys 0 00:00:00  -  Run Local Usage
		Usr 0 00:00:00, Sys 0 00:00:00  -  Total Remote Usage
		Usr 0 00:00:00, Sys 0 00:00:00  -  Total Local Usage
	0  -  Run Bytes Sent By Job
	0  -  Run Bytes Received By Job
	0  -  Total Bytes Sent By Job
	0  -  Total Bytes Received By Job
	Partitionable Resources :    Usage  Request Allocated
	   Cpus                 :                 1         1
	   Disk (KB)            :        2        2  16915376
	   Memory (MB)          :        0        1      2729
...
016 (002.000.000) 12/10 12:26:01 POST Script terminated.
	(1) Normal termination (return value 0)
    DAG Node: NODE1
...
005 (008.000.000) 12/10 12:26:01 Job terminated.
	(1) Normal termination (return value 3)
		Usr 0 00:00:00, Sys 0 00:00:00  -  Run Remote Usage
		Usr 0 00:00:00, Sys 0 00:00:00  -  Run Local Usage
		Usr 0 00:00:00, Sys 0 00:00:00  -  Total Remote Usage
		Usr 0 00:00:00, Sys 0 00:00:00  -  Total Local Usage
	0  -  Run Bytes Sent By Job
	0  -  Run Bytes Received By Job
	0  -  Total Bytes Sent By Job
	0  -  Total Bytes Received By Job
	Partitionable Resources :    Usage  Request Allocated
	   Cpus                 :                 1         1
	   Disk (KB)            :        2        2  16915376
	   Memory (MB)          :        0        1      2729
...
016 (004.000.000) 12/10 12:26:01 POST Script terminated.
	(1) Normal termination (return value 0)
    DAG Node: NODE3
...
016 (003.000.000) 12/10 12:26:01 POST Script terminated.
	(1) Normal termination (return value 0)
    DAG Node: NODE0
...
005 (009.000.000) 12/10 12:26:01 Job terminated.
	(1) Normal termination (return value 3)
		Usr 0 00:00:00, Sys 0 00:00:00  -  Run Remote Usage
		Usr 0 00:00:00, Sys 0 00:00:00  -  Run Local Usage
		Usr 0 00:00:00, Sys 0 00:00:00  -  Total Remote Usage
		Usr 0 00:00:00, Sys 0 00:00:00  -  Total Local Usage
	0  -  Run Bytes Sent By Job
	0  -  Run Bytes Received By Job
	0  -  Total Bytes Sent By Job
	0  -  Total Bytes Received By Job
	Partitionable Resources :    Usage  Request Allocated
	   Cpus                 :                 1         1
	   Disk (KB)            :        2        2  16915362
	   Memory (MB)          :        0        1      2729
...
005 (010.000.000) 12/10 12:26:01 Job terminated.
	(1) Normal termination (return value 3)
		Usr 0 00:00:00, Sys 0 00:00:00  -  Run Remote Usage
		Usr 0 00:00:00, Sys 0 00:00:00  -  Run Local Usage
		Usr 0 00:00:00, Sys 0 00:00:00  -  Total Remote Usage
		Usr 0 00:00:00, Sys 0 00:00:00  -  Total Local Usage
	0  -  Run Bytes Sent By Job
	0  -  Run Bytes Received By Job
	0  -  Total Bytes Sent By Job
	0  -  Total Bytes Received By Job
	Partitionable Resources :    Usage  Request Allocated
	   Cpus                 :                 1         1
	   Disk (KB)            :        2        2  16915362
	   Memory (MB)          :        0        1      2729
...
001 (011.000.000) 12/10 12:26:01 Job executing on host: <128.104.103.11:56952>
...
005 (011.000.000) 12/10 12:26:02 Job terminated.
	(1) Normal termination (return value 3)
		Usr 0 00:00:00, Sys 0 00:00:00  -  Run Remote Usage
		Usr 0 00:00:00, Sys 0 00:00:00  -  Run Local Usage
		Usr 0 00:00:00, Sys 0 00:00:00  -  Total Remote Usage
		Usr 0 00:00:00, Sys 0 00:00:00  -  Total Local Usage
	0  -  Run Bytes Sent By Job
	0  -  Run Bytes Received By Job
	0  -  Total Bytes Sent By Job
	0  -  Total Bytes Received By Job
	Partitionable Resources :    Usage  Request Allocated
	   Cpus                 :                 1         1
	   Disk (KB)            :        2        2  16915311
	   Memory (MB)          :        0        1      2729
...
000 (012.000.000) 12/10 12:26:08 Job submitted from host: <128.104.103.11:55856>
    DAG Node: NODE10
...
000 (013.000.000) 12/10 12:26:08 Job submitted from host: <128.104.103.11:55856>
    DAG Node: NODE11
...
000 (014.000.000) 12/10 12:26:09 Job submitted from host: <128.104.103.11:55856>
    DAG Node: NODE12
...
000 (015.000.000) 12/10 12:26:09 Job submitted from host: <128.104.103.11:55856>
    DAG Node: NODE13
...
000 (016.000.000) 12/10 12:26:11 Job submitted from host: <128.104.103.11:55856>
    DAG Node: NODE14
...
016 (005.000.000) 12/10 12:26:11 POST Script terminated.
	(1) Normal termination (return value 0)
    DAG Node: NODE2
...
016 (006.000.000) 12/10 12:26:11 POST Script terminated.
	(1) Normal termination (return value 0)
    DAG Node: NODE4
...
016 (007.000.000) 12/10 12:26:11 POST Script terminated.
	(1) Normal termination (return value 0)
    DAG Node: NODE5
...
016 (009.000.000) 12/10 12:26:11 POST Script terminated.
	(1) Normal termination (return value 0)
    DAG Node: NODE7
...
016 (008.000.000) 12/10 12:26:11 POST Script terminated.
	(1) Normal termination (return value 0)
    DAG Node: NODE6
...
016 (010.000.000) 12/10 12:26:11 POST Script terminated.
	(1) Normal termination (return value 0)
    DAG Node: NODE8
...
016 (011.000.000) 12/10 12:26:11 POST Script terminated.
	(1) Normal termination (return value 0)
    DAG Node: NODE9
...
000 (017.000.000) 12/10 12:26:18 Job submitted from host: <128.104.103.11:55856>
    DAG Node: NODE15
...
001 (014.000.000) 12/10 12:26:20 Job executing on host: <128.104.103.11:56952>
...
001 (012.000.000) 12/10 12:26:20 Job executing on host: <128.104.103.11:56952>
...
001 (013.000.000) 12/10 12:26:20 Job executing on host: <128.104.103.11:56952>
...
001 (015.000.000) 12/10 12:26:21 Job executing on host: <128.104.103.11:56952>
...
005 (014.000.000) 12/10 12:26:21 Job terminated.
	(1) Normal termination (return value 3)
		Usr 0 00:00:00, Sys 0 00:00:00  -  Run Remote Usage
		Usr 0 00:00:00, Sys 0 00:00:00  -  Run Local Usage
		Usr 0 00:00:00, Sys 0 00:00:00  -  Total Remote Usage
		Usr 0 00:00:00, Sys 0 00:00:00  -  Total Local Usage
	0  -  Run Bytes Sent By Job
	0  -  Run Bytes Received By Job
	0  -  Total Bytes Sent By Job
	0  -  Total Bytes Received By Job
	Partitionable Resources :    Usage  Request Allocated
	   Cpus                 :                 1         1
	   Disk (KB)            :        2        2  16915204
	   Memory (MB)          :        0        1      2729
...
001 (016.000.000) 12/10 12:26:21 Job executing on host: <128.104.103.11:56952>
...
000 (018.000.000) 12/10 12:26:21 Job submitted from host: <128.104.103.11:55856>
    DAG Node: NODE16
...
005 (012.000.000) 12/10 12:26:21 Job terminated.
	(1) Normal termination (return value 3)
		Usr 0 00:00:00, Sys 0 00:00:00  -  Run Remote Usage
		Usr 0 00:00:00, Sys 0 00:00:00  -  Run Local Usage
		Usr 0 00:00:00, Sys 0 00:00:00  -  Total Remote Usage
		Usr 0 00:00:00, Sys 0 00:00:00  -  Total Local Usage
	0  -  Run Bytes Sent By Job
	0  -  Run Bytes Received By Job
	0  -  Total Bytes Sent By Job
	0  -  Total Bytes Received By Job
	Partitionable Resources :    Usage  Request Allocated
	   Cpus                 :                 1         1
	   Disk (KB)            :        2        2  16915197
	   Memory (MB)          :        0        1      2729
...
005 (013.000.000) 12/10 12:26:21 Job terminated.
	(1) Normal termination (return value 3)
		Usr 0 00:00:00, Sys 0 00:00:00  -  Run Remote Usage
		Usr 0 00:00:00, Sys 0 00:00:00  -  Run Local Usage
		Usr 0 00:00:00, Sys 0 00:00:00  -  Total Remote Usage
		Usr 0 00:00:00, Sys 0 00:00:00  -  Total Local Usage
	0  -  Run Bytes Sent By Job
	0  -  Run Bytes Received By Job
	0  -  Total Bytes Sent By Job
	0  -  Total Bytes Received By Job
	Partitionable Resources :    Usage  Request Allocated
	   Cpus                 :                 1         1
	   Disk (KB)            :        2        2  16915197
	   Memory (MB)          :        0        1      2729
...
001 (017.000.000) 12/10 12:26:21 Job executing on host: <128.104.103.11:56952>
...
005 (015.000.000) 12/10 12:26:21 Job terminated.
	(1) Normal termination (return value 3)
		Usr 0 00:00:00, Sys 0 00:00:00  -  Run Remote Usage
		Usr 0 00:00:00, Sys 0 00:00:00  -  Run Local Usage
		Usr 0 00:00:00, Sys 0 00:00:00  -  Total Remote Usage
		Usr 0 00:00:00, Sys 0 00:00:00  -  Total Local Usage
	0  -  Run Bytes Sent By Job
	0  -  Run Bytes Received By Job
	0  -  Total Bytes Sent By Job
	0  -  Total Bytes Received By Job
	Partitionable Resources :    Usage  Request Allocated
	   Cpus                 :                 1         1
	   Disk (KB)            :        2        2  16915197
	   Memory (MB)          :        0        1      2729
...
000 (019.000.000) 12/10 12:26:21 Job submitted from host: <128.104.103.11:55856>
    DAG Node: NODE17
...
005 (016.000.000) 12/10 12:26:21 Job terminated.
	(1) Normal termination (return value 3)
		Usr 0 00:00:00, Sys 0 00:00:00  -  Run Remote Usage
		Usr 0 00:00:00, Sys 0 00:00:00  -  Run Local Usage
		Usr 0 00:00:00, Sys 0 00:00:00  -  Total Remote Usage
		Usr 0 00:00:00, Sys 0 00:00:00  -  Total Local Usage
	0  -  Run Bytes Sent By Job
	0  -  Run Bytes Received By Job
	0  -  Total Bytes Sent By Job
	0  -  Total Bytes Received By Job
	Partitionable Resources :    Usage  Request Allocated
	   Cpus                 :                 1         1
	   Disk (KB)            :        2        2  16915197
	   Memory (MB)          :        0        1      2729
...
005 (017.000.000) 12/10 12:26:21 Job terminated.
	(1) Normal termination (return value 3)
		Usr 0 00:00:00, Sys 0 00:00:00  -  Run Remote Usage
		Usr 0 00:00:00, Sys 0 00:00:00  -  Run Local Usage
		Usr 0 00:00:00, Sys 0 00:00:00  -  Total Remote Usage
		Usr 0 00:00:00, Sys 0 00:00:00  -  Total Local Usage
	0  -  Run Bytes Sent By Job
	0  -  Run Bytes Received By Job
	0  -  Total Bytes Sent By Job
	0  -  Total Bytes Received By Job
	Partitionable Resources :    Usage  Request Allocated
	   Cpus                 :                 1         1
	   Disk (KB)            :        2        2  16915217
	   Memory (MB)          :        0        1      2729
...
001 (018.000.000) 12/10 12:26:21 Job executing on host: <128.104.103.11:56952>
...
000 (020.000.000) 12/10 12:26:21 Job submitted from host: <128.104.103.11:55856>
    DAG Node: NODE18
...
001 (019.000.000) 12/10 12:26:21 Job executing on host: <128.104.103.11:56952>
...
005 (018.000.000) 12/10 12:26:21 Job terminated.
	(1) Normal termination (return value 3)
		Usr 0 00:00:00, Sys 0 00:00:00  -  Run Remote Usage
		Usr 0 00:00:00, Sys 0 00:00:00  -  Run Local Usage
		Usr 0 00:00:00, Sys 0 00:00:00  -  Total Remote Usage
		Usr 0 00:00:00, Sys 0 00:00:00  -  Total Local Usage
	0  -  Run Bytes Sent By Job
	0  -  Run Bytes Received By Job
	0  -  Total Bytes Sent By Job
	0  -  Total Bytes Received By Job
	Partitionable Resources :    Usage  Request Allocated
	   Cpus                 :                 1         1
	   Disk (KB)            :        2        2  16915204
	   Memory (MB)          :        0        1      2729
...
000 (021.000.000) 12/10 12:26:22 Job submitted from host: <128.104.103.11:55856>
    DAG Node: NODE19
...
001 (020.000.000) 12/10 12:26:22 Job executing on host: <128.104.103.11:56952>
...
005 (019.000.000) 12/10 12:26:22 Job terminated.
	(1) Normal termination (return value 3)
		Usr 0 00:00:00, Sys 0 00:00:00  -  Run Remote Usage
		Usr 0 00:00:00, Sys 0 00:00:00  -  Run Local Usage
		Usr 0 00:00:00, Sys 0 00:00:00  -  Total Remote Usage
		Usr 0 00:00:00, Sys 0 00:00:00  -  Total Local Usage
	0  -  Run Bytes Sent By Job
	0  -  Run Bytes Received By Job
	0  -  Total Bytes Sent By Job
	0  -  Total Bytes Received By Job
	Partitionable Resources :    Usage  Request Allocated
	   Cpus                 :                 1         1
	   Disk (KB)            :        2        2  16915197
	   Memory (MB)          :        0        1      2729
...
016 (012.000.000) 12/10 12:26:22 POST Script terminated.
	(1) Normal termination (return value 0)
    DAG Node: NODE10
...
016 (014.000.000) 12/10 12:26:22 POST Script terminated.
	(1) Normal termination (return value 0)
    DAG Node: NODE12
...
016 (013.000.000) 12/10 12:26:22 POST Script terminated.
	(1) Normal termination (return value 0)
    DAG Node: NODE11
...
016 (015.000.000) 12/10 12:26:22 POST Script terminated.
	(1) Normal termination (return value 0)
    DAG Node: NODE13
...
016 (016.000.000) 12/10 12:26:22 POST Script terminated.
	(1) Normal termination (return value 0)
    DAG Node: NODE14
...
005 (020.000.000) 12/10 12:26:22 Job terminated.
	(1) Normal termination (return value 3)
		Usr 0 00:00:00, Sys 0 00:00:00  -  Run Remote Usage
		Usr 0 00:00:00, Sys 0 00:00:00  -  Run Local Usage
		Usr 0 00:00:00, Sys 0 00:00:00  -  Total Remote Usage
		Usr 0 00:00:00, Sys 0 00:00:00  -  Total Local Usage
	0  -  Run Bytes Sent By Job
	0  -  Run Bytes Received By Job
	0  -  Total Bytes Sent By Job
	0  -  Total Bytes Received By Job
	Partitionable Resources :    Usage  Request Allocated
	   Cpus                 :                 1         1
	   Disk (KB)            :        2        2  16915197
	   Memory (MB)          :        0        1      2729
...
016 (018.000.000) 12/10 12:26:22 POST Script terminated.
	(1) Normal termination (return value 0)
    DAG Node: NODE16
...
001 (021.000.000) 12/10 12:26:22 Job executing on host: <128.104.103.11:56952>
...
016 (017.000.000) 12/10 12:26:22 POST Script terminated.
	(1) Normal termination (return value 0)
    DAG Node: NODE15
...
016 (019.000.000) 12/10 12:26:22 POST Script terminated.
	(1) Normal termination (return value 0)
    DAG Node: NODE17
...
005 (021.000.000) 12/10 12:26:22 Job terminated.
	(1) Normal termination (return value 3)
		Usr 0 00:00:00, Sys 0 00:00:00  -  Run Remote Usage
		Usr 0 00:00:00, Sys 0 00:00:00  -  Run Local Usage
		Usr 0 00:00:00, Sys 0 00:00:00  -  Total Remote Usage
		Usr 0 00:00:00, Sys 0 00:00:00  -  Total Local Usage
	0  -  Run Bytes Sent By Job
	0  -  Run Bytes Received By Job
	0  -  Total Bytes Sent By Job
	0  -  Total Bytes Received By Job
	Partitionable Resources :    Usage  Request Allocated
	   Cpus                 :                 1         1
	   Disk (KB)            :        2        2  16915204
	   Memory (MB)          :        0        1      2729
...
016 (020.000.000) 12/10 12:26:27 POST Script terminated.
	(1) Normal termination (return value 0)
    DAG Node: NODE18
...
016 (021.000.000) 12/10 12:26:27 POST Script terminated.
	(1) Normal termination (return value 0)
    DAG Node: NODE19
...
